
> @ground/web@0.0.1 pretest
> ./pretest.sh

Running 'pretest.sh' script to download Google Maps API for testing...
  % Total    % Received % Xferd  Average Speed   Time    Time     Time  Current
                                 Dload  Upload   Total   Spent    Left  Speed
  0     0    0     0    0     0      0      0 --:--:-- --:--:-- --:--:--     0100  800k    0  800k    0     0  3295k      0 --:--:-- --:--:-- --:--:-- 3306k
'pretest.sh' finished

> @ground/web@0.0.1 test
> ng test --browsers ChromeHeadlessNoSandbox --watch=false --browsers ChromeHeadlessNoSandbox --watch=false

Option 'browsers' has been specified multiple times. The value 'ChromeHeadlessNoSandbox' will be used.
- Generating browser application bundles (phase: setup)...
    TypeScript compiler options "target" and "useDefineForClassFields" are set to "ES2022" and "false" respectively by the Angular CLI. To control ECMA version and features use the Browserslist configuration. For more information, see https://angular.dev/tools/cli/build#configuring-browser-compatibility
    NOTE: You can set the "target" to "ES2022" in the project's tsconfig to remove this warning.
âœ” Browser application bundle generation complete.
22 12 2025 20:07:40.851:INFO [karma-server]: Karma v6.3.20 server started at http://localhost:9876/
22 12 2025 20:07:40.851:INFO [launcher]: Launching browsers ChromeHeadlessNoSandbox with concurrency unlimited
22 12 2025 20:07:40.864:INFO [launcher]: Starting browser ChromeHeadless
22 12 2025 20:07:41.574:INFO [Chrome Headless 127.0.6533.88 (Mac OS 10.15.7)]: Connected on socket 5iFhG9MTM0x2rKxZAAAB with id 99968501
Chrome Headless 127.0.6533.88 (Mac OS 10.15.7) WARN: 'Google Maps JavaScript API has been loaded directly without loading=async. This can result in suboptimal performance. For best-practice loading patterns please see https://goo.gle/js-api-loading'

Chrome Headless 127.0.6533.88 (Mac OS 10.15.7) WARN: 'Google Maps JavaScript API has been loaded directly without loading=async. This can result in suboptimal performance. For best-practice loading patterns please see https://goo.gle/js-api-loading'

[1A[2KChrome Headless 127.0.6533.88 (Mac OS 10.15.7): Executed 0 of 180 SUCCESS (0 secs / 0 secs)
[1A[2KChrome Headless 127.0.6533.88 (Mac OS 10.15.7): Executed 1 of 180 SUCCESS (0 secs / 0.104 secs)
[1A[2KChrome Headless 127.0.6533.88 (Mac OS 10.15.7): Executed 2 of 180 SUCCESS (0 secs / 0.123 secs)
[1A[2KChrome Headless 127.0.6533.88 (Mac OS 10.15.7): Executed 3 of 180 SUCCESS (0 secs / 0.151 secs)
[1A[2KChrome Headless 127.0.6533.88 (Mac OS 10.15.7): Executed 4 of 180 SUCCESS (0 secs / 0.164 secs)
[1A[2KChrome Headless 127.0.6533.88 (Mac OS 10.15.7): Executed 5 of 180 SUCCESS (0 secs / 0.172 secs)
[1A[2KChrome Headless 127.0.6533.88 (Mac OS 10.15.7): Executed 6 of 180 SUCCESS (0 secs / 0.175 secs)
[1A[2KChrome Headless 127.0.6533.88 (Mac OS 10.15.7): Executed 7 of 180 SUCCESS (0 secs / 0.178 secs)
[1A[2KChrome Headless 127.0.6533.88 (Mac OS 10.15.7): Executed 8 of 180 SUCCESS (0 secs / 0.181 secs)
[1A[2KChrome Headless 127.0.6533.88 (Mac OS 10.15.7): Executed 9 of 180 SUCCESS (0 secs / 0.184 secs)
[1A[2KChrome Headless 127.0.6533.88 (Mac OS 10.15.7): Executed 10 of 180 SUCCESS (0 secs / 0.191 secs)
[1A[2KChrome Headless 127.0.6533.88 (Mac OS 10.15.7): Executed 11 of 180 SUCCESS (0 secs / 0.194 secs)
[1A[2KChrome Headless 127.0.6533.88 (Mac OS 10.15.7): Executed 12 of 180 SUCCESS (0 secs / 0.197 secs)
[1A[2KChrome Headless 127.0.6533.88 (Mac OS 10.15.7) DrawingToolsComponent button group is disabled when drawing tools service disables it FAILED
	Expected null to equal 'true'.
	    at <Jasmine>
	    at UserContext.apply (src/app/components/main-page-container/main-page/drawing-tools/drawing-tools.component.spec.ts:171:63)
	    at UserContext.apply (node_modules/zone.js/fesm2015/zone-testing.js:1715:26)
	    at _ZoneDelegate.invoke (node_modules/zone.js/fesm2015/zone.js:398:28)
	    at ProxyZoneSpec.onInvoke (node_modules/zone.js/fesm2015/zone-testing.js:2132:39)
Chrome Headless 127.0.6533.88 (Mac OS 10.15.7): Executed 13 of 180 (1 FAILED) (0 secs / 0.2 secs)
Chrome Headless 127.0.6533.88 (Mac OS 10.15.7) DrawingToolsComponent button group is disabled when drawing tools service disables it FAILED
	Expected null to equal 'true'.
	    at <Jasmine>
	    at UserContext.apply (src/app/components/main-page-container/main-page/drawing-tools/drawing-tools.component.spec.ts:171:63)
	    at UserContext.apply (node_modules/zone.js/fesm2015/zone-testing.js:1715:26)
	    at _ZoneDelegate.invoke (node_modules/zone.js/fesm2015/zone.js:398:28)
	    at ProxyZoneSpec.onInvoke (node_modules/zone.js/fesm2015/zone-testing.js:2132:39)
[1A[2KChrome Headless 127.0.6533.88 (Mac OS 10.15.7) DrawingToolsComponent button group is disabled when an submission is selected FAILED
	Expected null to equal 'true'.
	    at <Jasmine>
	    at UserContext.apply (src/app/components/main-page-container/main-page/drawing-tools/drawing-tools.component.spec.ts:159:63)
	    at UserContext.apply (node_modules/zone.js/fesm2015/zone-testing.js:1715:26)
	    at _ZoneDelegate.invoke (node_modules/zone.js/fesm2015/zone.js:398:28)
	    at ProxyZoneSpec.onInvoke (node_modules/zone.js/fesm2015/zone-testing.js:2132:39)
Chrome Headless 127.0.6533.88 (Mac OS 10.15.7): Executed 14 of 180 (2 FAILED) (0 secs / 0.203 secs)
Chrome Headless 127.0.6533.88 (Mac OS 10.15.7) DrawingToolsComponent button group is disabled when an submission is selected FAILED
	Expected null to equal 'true'.
	    at <Jasmine>
	    at UserContext.apply (src/app/components/main-page-container/main-page/drawing-tools/drawing-tools.component.spec.ts:159:63)
	    at UserContext.apply (node_modules/zone.js/fesm2015/zone-testing.js:1715:26)
	    at _ZoneDelegate.invoke (node_modules/zone.js/fesm2015/zone.js:398:28)
	    at ProxyZoneSpec.onInvoke (node_modules/zone.js/fesm2015/zone-testing.js:2132:39)
[1A[2KChrome Headless 127.0.6533.88 (Mac OS 10.15.7) DrawingToolsComponent button group is enabled by default FAILED
	Expected null to equal 'false'.
	    at <Jasmine>
	    at UserContext.apply (src/app/components/main-page-container/main-page/drawing-tools/drawing-tools.component.spec.ts:147:63)
	    at _ZoneDelegate.invoke (node_modules/zone.js/fesm2015/zone.js:398:28)
	    at ProxyZoneSpec.onInvoke (node_modules/zone.js/fesm2015/zone-testing.js:2132:39)
	    at _ZoneDelegate.invoke (node_modules/zone.js/fesm2015/zone.js:397:34)
Chrome Headless 127.0.6533.88 (Mac OS 10.15.7): Executed 15 of 180 (3 FAILED) (0 secs / 0.206 secs)
Chrome Headless 127.0.6533.88 (Mac OS 10.15.7) DrawingToolsComponent button group is enabled by default FAILED
	Expected null to equal 'false'.
	    at <Jasmine>
	    at UserContext.apply (src/app/components/main-page-container/main-page/drawing-tools/drawing-tools.component.spec.ts:147:63)
	    at _ZoneDelegate.invoke (node_modules/zone.js/fesm2015/zone.js:398:28)
	    at ProxyZoneSpec.onInvoke (node_modules/zone.js/fesm2015/zone-testing.js:2132:39)
	    at _ZoneDelegate.invoke (node_modules/zone.js/fesm2015/zone.js:397:34)
[1A[2KChrome Headless 127.0.6533.88 (Mac OS 10.15.7): Executed 16 of 180 (3 FAILED) (0 secs / 0.235 secs)
[1A[2KChrome Headless 127.0.6533.88 (Mac OS 10.15.7): Executed 17 of 180 (3 FAILED) (0 secs / 0.243 secs)
[1A[2KChrome Headless 127.0.6533.88 (Mac OS 10.15.7): Executed 18 of 180 (3 FAILED) (0 secs / 0.251 secs)
[1A[2KChrome Headless 127.0.6533.88 (Mac OS 10.15.7): Executed 19 of 180 (3 FAILED) (0 secs / 0.255 secs)
[1A[2KChrome Headless 127.0.6533.88 (Mac OS 10.15.7): Executed 20 of 180 (3 FAILED) (0 secs / 0.258 secs)
[1A[2KChrome Headless 127.0.6533.88 (Mac OS 10.15.7): Executed 21 of 180 (3 FAILED) (0 secs / 0.26 secs)
[1A[2KChrome Headless 127.0.6533.88 (Mac OS 10.15.7): Executed 22 of 180 (3 FAILED) (0 secs / 0.263 secs)
[1A[2KChrome Headless 127.0.6533.88 (Mac OS 10.15.7): Executed 23 of 180 (3 FAILED) (0 secs / 0.265 secs)
[1A[2KChrome Headless 127.0.6533.88 (Mac OS 10.15.7): Executed 24 of 180 (3 FAILED) (0 secs / 0.267 secs)
[1A[2KChrome Headless 127.0.6533.88 (Mac OS 10.15.7): Executed 25 of 180 (3 FAILED) (0 secs / 0.271 secs)
[1A[2KChrome Headless 127.0.6533.88 (Mac OS 10.15.7): Executed 26 of 180 (3 FAILED) (0 secs / 0.285 secs)
[1A[2KChrome Headless 127.0.6533.88 (Mac OS 10.15.7): Executed 27 of 180 (3 FAILED) (0 secs / 0.291 secs)
[1A[2KChrome Headless 127.0.6533.88 (Mac OS 10.15.7): Executed 28 of 180 (3 FAILED) (0 secs / 0.295 secs)
[1A[2KChrome Headless 127.0.6533.88 (Mac OS 10.15.7): Executed 29 of 180 (3 FAILED) (0 secs / 0.3 secs)
[1A[2KChrome Headless 127.0.6533.88 (Mac OS 10.15.7): Executed 30 of 180 (3 FAILED) (0 secs / 0.306 secs)
[1A[2KChrome Headless 127.0.6533.88 (Mac OS 10.15.7): Executed 31 of 180 (3 FAILED) (0 secs / 0.311 secs)
[1A[2KChrome Headless 127.0.6533.88 (Mac OS 10.15.7): Executed 32 of 180 (3 FAILED) (0 secs / 0.312 secs)
[1A[2KChrome Headless 127.0.6533.88 (Mac OS 10.15.7): Executed 33 of 180 (3 FAILED) (0 secs / 0.313 secs)
[1A[2KChrome Headless 127.0.6533.88 (Mac OS 10.15.7): Executed 34 of 180 (3 FAILED) (0 secs / 0.313 secs)
[1A[2KChrome Headless 127.0.6533.88 (Mac OS 10.15.7): Executed 35 of 180 (3 FAILED) (0 secs / 0.313 secs)
[1A[2KChrome Headless 127.0.6533.88 (Mac OS 10.15.7): Executed 36 of 180 (3 FAILED) (0 secs / 0.313 secs)
[1A[2KChrome Headless 127.0.6533.88 (Mac OS 10.15.7): Executed 37 of 180 (3 FAILED) (0 secs / 0.314 secs)
[1A[2KChrome Headless 127.0.6533.88 (Mac OS 10.15.7): Executed 38 of 180 (3 FAILED) (0 secs / 0.314 secs)
[1A[2KChrome Headless 127.0.6533.88 (Mac OS 10.15.7): Executed 39 of 180 (3 FAILED) (0 secs / 0.315 secs)
[1A[2KChrome Headless 127.0.6533.88 (Mac OS 10.15.7): Executed 40 of 180 (3 FAILED) (0 secs / 0.316 secs)
[1A[2KChrome Headless 127.0.6533.88 (Mac OS 10.15.7): Executed 41 of 180 (3 FAILED) (0 secs / 0.321 secs)
[1A[2KChrome Headless 127.0.6533.88 (Mac OS 10.15.7): Executed 42 of 180 (3 FAILED) (0 secs / 0.322 secs)
[1A[2KChrome Headless 127.0.6533.88 (Mac OS 10.15.7): Executed 43 of 180 (3 FAILED) (0 secs / 0.323 secs)
[1A[2KChrome Headless 127.0.6533.88 (Mac OS 10.15.7): Executed 44 of 180 (3 FAILED) (0 secs / 0.323 secs)
[1A[2KChrome Headless 127.0.6533.88 (Mac OS 10.15.7): Executed 45 of 180 (3 FAILED) (0 secs / 0.34 secs)
[1A[2KChrome Headless 127.0.6533.88 (Mac OS 10.15.7): Executed 46 of 180 (3 FAILED) (0 secs / 0.346 secs)
[1A[2KChrome Headless 127.0.6533.88 (Mac OS 10.15.7): Executed 47 of 180 (3 FAILED) (0 secs / 0.361 secs)
[1A[2KChrome Headless 127.0.6533.88 (Mac OS 10.15.7): Executed 48 of 180 (3 FAILED) (0 secs / 0.368 secs)
[1A[2KChrome Headless 127.0.6533.88 (Mac OS 10.15.7): Executed 49 of 180 (3 FAILED) (0 secs / 0.375 secs)
[1A[2KChrome Headless 127.0.6533.88 (Mac OS 10.15.7): Executed 50 of 180 (3 FAILED) (0 secs / 0.379 secs)
[1A[2KChrome Headless 127.0.6533.88 (Mac OS 10.15.7): Executed 51 of 180 (3 FAILED) (0 secs / 0.383 secs)
[1A[2KChrome Headless 127.0.6533.88 (Mac OS 10.15.7): Executed 52 of 180 (3 FAILED) (0 secs / 0.386 secs)
[1A[2KChrome Headless 127.0.6533.88 (Mac OS 10.15.7): Executed 53 of 180 (3 FAILED) (0 secs / 0.389 secs)
[1A[2KChrome Headless 127.0.6533.88 (Mac OS 10.15.7): Executed 54 of 180 (3 FAILED) (0 secs / 0.393 secs)
[1A[2KChrome Headless 127.0.6533.88 (Mac OS 10.15.7): Executed 55 of 180 (3 FAILED) (0 secs / 0.396 secs)
[1A[2KChrome Headless 127.0.6533.88 (Mac OS 10.15.7): Executed 56 of 180 (3 FAILED) (0 secs / 0.397 secs)
[1A[2KChrome Headless 127.0.6533.88 (Mac OS 10.15.7): Executed 57 of 180 (3 FAILED) (0 secs / 0.409 secs)
[1A[2KChrome Headless 127.0.6533.88 (Mac OS 10.15.7): Executed 58 of 180 (3 FAILED) (0 secs / 0.414 secs)
[1A[2KChrome Headless 127.0.6533.88 (Mac OS 10.15.7): Executed 59 of 180 (3 FAILED) (0 secs / 0.419 secs)
[1A[2KChrome Headless 127.0.6533.88 (Mac OS 10.15.7): Executed 60 of 180 (3 FAILED) (0 secs / 0.423 secs)
[1A[2KChrome Headless 127.0.6533.88 (Mac OS 10.15.7): Executed 61 of 180 (3 FAILED) (0 secs / 0.428 secs)
[1A[2KChrome Headless 127.0.6533.88 (Mac OS 10.15.7): Executed 62 of 180 (3 FAILED) (0 secs / 0.433 secs)
[1A[2KChrome Headless 127.0.6533.88 (Mac OS 10.15.7): Executed 63 of 180 (3 FAILED) (0 secs / 0.437 secs)
[1A[2KChrome Headless 127.0.6533.88 (Mac OS 10.15.7): Executed 64 of 180 (3 FAILED) (0 secs / 0.441 secs)
[1A[2KChrome Headless 127.0.6533.88 (Mac OS 10.15.7): Executed 65 of 180 (3 FAILED) (0 secs / 0.445 secs)
[1A[2KChrome Headless 127.0.6533.88 (Mac OS 10.15.7): Executed 66 of 180 (3 FAILED) (0 secs / 0.449 secs)
[1A[2KChrome Headless 127.0.6533.88 (Mac OS 10.15.7): Executed 67 of 180 (3 FAILED) (0 secs / 0.456 secs)
[1A[2KChrome Headless 127.0.6533.88 (Mac OS 10.15.7): Executed 68 of 180 (3 FAILED) (0 secs / 0.459 secs)
[1A[2KChrome Headless 127.0.6533.88 (Mac OS 10.15.7): Executed 69 of 180 (3 FAILED) (0 secs / 0.462 secs)
[1A[2KChrome Headless 127.0.6533.88 (Mac OS 10.15.7): Executed 70 of 180 (3 FAILED) (0 secs / 0.465 secs)
[1A[2KChrome Headless 127.0.6533.88 (Mac OS 10.15.7): Executed 71 of 180 (3 FAILED) (0 secs / 0.469 secs)
[1A[2KChrome Headless 127.0.6533.88 (Mac OS 10.15.7): Executed 72 of 180 (3 FAILED) (0 secs / 0.472 secs)
[1A[2KChrome Headless 127.0.6533.88 (Mac OS 10.15.7): Executed 73 of 180 (3 FAILED) (0 secs / 0.477 secs)
[1A[2KChrome Headless 127.0.6533.88 (Mac OS 10.15.7): Executed 74 of 180 (3 FAILED) (0 secs / 0.481 secs)
[1A[2KChrome Headless 127.0.6533.88 (Mac OS 10.15.7): Executed 75 of 180 (3 FAILED) (0 secs / 0.485 secs)
[1A[2KChrome Headless 127.0.6533.88 (Mac OS 10.15.7): Executed 76 of 180 (3 FAILED) (0 secs / 0.488 secs)
[1A[2KChrome Headless 127.0.6533.88 (Mac OS 10.15.7): Executed 77 of 180 (3 FAILED) (0 secs / 0.491 secs)
[1A[2KChrome Headless 127.0.6533.88 (Mac OS 10.15.7): Executed 78 of 180 (3 FAILED) (0 secs / 0.494 secs)
[1A[2KChrome Headless 127.0.6533.88 (Mac OS 10.15.7): Executed 79 of 180 (3 FAILED) (0 secs / 0.497 secs)
[1A[2KChrome Headless 127.0.6533.88 (Mac OS 10.15.7): Executed 80 of 180 (3 FAILED) (0 secs / 0.502 secs)
[1A[2KChrome Headless 127.0.6533.88 (Mac OS 10.15.7): Executed 81 of 180 (3 FAILED) (0 secs / 0.505 secs)
[1A[2KChrome Headless 127.0.6533.88 (Mac OS 10.15.7): Executed 82 of 180 (3 FAILED) (0 secs / 0.508 secs)
[1A[2KChrome Headless 127.0.6533.88 (Mac OS 10.15.7): Executed 83 of 180 (3 FAILED) (0 secs / 0.511 secs)
[1A[2KChrome Headless 127.0.6533.88 (Mac OS 10.15.7): Executed 84 of 180 (3 FAILED) (0 secs / 0.518 secs)
[1A[2KChrome Headless 127.0.6533.88 (Mac OS 10.15.7): Executed 85 of 180 (3 FAILED) (0 secs / 0.521 secs)
[1A[2KChrome Headless 127.0.6533.88 (Mac OS 10.15.7): Executed 86 of 180 (3 FAILED) (0 secs / 0.522 secs)
[1A[2KChrome Headless 127.0.6533.88 (Mac OS 10.15.7): Executed 87 of 180 (3 FAILED) (0 secs / 0.523 secs)
[1A[2KChrome Headless 127.0.6533.88 (Mac OS 10.15.7): Executed 88 of 180 (3 FAILED) (0 secs / 0.525 secs)
[1A[2KChrome Headless 127.0.6533.88 (Mac OS 10.15.7): Executed 89 of 180 (3 FAILED) (0 secs / 0.526 secs)
[1A[2KChrome Headless 127.0.6533.88 (Mac OS 10.15.7): Executed 90 of 180 (3 FAILED) (0 secs / 0.528 secs)
[1A[2KChrome Headless 127.0.6533.88 (Mac OS 10.15.7): Executed 91 of 180 (3 FAILED) (0 secs / 0.529 secs)
[1A[2KChrome Headless 127.0.6533.88 (Mac OS 10.15.7): Executed 92 of 180 (3 FAILED) (0 secs / 0.53 secs)
[1A[2KChrome Headless 127.0.6533.88 (Mac OS 10.15.7): Executed 93 of 180 (3 FAILED) (0 secs / 0.532 secs)
[1A[2KChrome Headless 127.0.6533.88 (Mac OS 10.15.7): Executed 94 of 180 (3 FAILED) (0 secs / 0.533 secs)
[1A[2KChrome Headless 127.0.6533.88 (Mac OS 10.15.7): Executed 95 of 180 (3 FAILED) (0 secs / 0.534 secs)
[1A[2KChrome Headless 127.0.6533.88 (Mac OS 10.15.7): Executed 96 of 180 (3 FAILED) (0 secs / 0.544 secs)
[1A[2KChrome Headless 127.0.6533.88 (Mac OS 10.15.7): Executed 97 of 180 (3 FAILED) (0 secs / 0.549 secs)
[1A[2KChrome Headless 127.0.6533.88 (Mac OS 10.15.7) CreateSurveyComponent when active survey no job displays job details component FAILED
	Error: NG0100: ExpressionChangedAfterItHasBeenCheckedError: Expression has changed after it was checked. Previous value: 'true'. Current value: 'false'. Expression location: CreateSurveyComponent component. Find more at https://v21.angular.dev/errors/NG0100
	error properties: Object({ code: -100 })
	    at throwErrorIfNoChangesMode (node_modules/@angular/core/fesm2022/_debug_node-chunk.mjs:3472:9)
	    at bindingUpdated (node_modules/@angular/core/fesm2022/_debug_node-chunk.mjs:7915:9)
	    at ÉµÉµproperty (node_modules/@angular/core/fesm2022/_debug_node-chunk.mjs:14264:7)
	    at templateFn (ng:///CreateSurveyComponent.js:255:9)
	    at executeTemplate (node_modules/@angular/core/fesm2022/_debug_node-chunk.mjs:4831:5)
	    at refreshView (node_modules/@angular/core/fesm2022/_debug_node-chunk.mjs:5501:7)
	    at detectChangesInView (node_modules/@angular/core/fesm2022/_debug_node-chunk.mjs:5641:5)
	    at detectChangesInViewIfAttached (node_modules/@angular/core/fesm2022/_debug_node-chunk.mjs:5624:3)
	    at detectChangesInComponent (node_modules/@angular/core/fesm2022/_debug_node-chunk.mjs:5615:5)
	    at detectChangesInChildComponents (node_modules/@angular/core/fesm2022/_debug_node-chunk.mjs:5663:5)
Chrome Headless 127.0.6533.88 (Mac OS 10.15.7): Executed 98 of 180 (4 FAILED) (0 secs / 0.568 secs)
Chrome Headless 127.0.6533.88 (Mac OS 10.15.7) CreateSurveyComponent when active survey no job displays job details component FAILED
	Error: NG0100: ExpressionChangedAfterItHasBeenCheckedError: Expression has changed after it was checked. Previous value: 'true'. Current value: 'false'. Expression location: CreateSurveyComponent component. Find more at https://v21.angular.dev/errors/NG0100
	error properties: Object({ code: -100 })
	    at throwErrorIfNoChangesMode (node_modules/@angular/core/fesm2022/_debug_node-chunk.mjs:3472:9)
	    at bindingUpdated (node_modules/@angular/core/fesm2022/_debug_node-chunk.mjs:7915:9)
	    at ÉµÉµproperty (node_modules/@angular/core/fesm2022/_debug_node-chunk.mjs:14264:7)
	    at templateFn (ng:///CreateSurveyComponent.js:255:9)
	    at executeTemplate (node_modules/@angular/core/fesm2022/_debug_node-chunk.mjs:4831:5)
	    at refreshView (node_modules/@angular/core/fesm2022/_debug_node-chunk.mjs:5501:7)
	    at detectChangesInView (node_modules/@angular/core/fesm2022/_debug_node-chunk.mjs:5641:5)
	    at detectChangesInViewIfAttached (node_modules/@angular/core/fesm2022/_debug_node-chunk.mjs:5624:3)
	    at detectChangesInComponent (node_modules/@angular/core/fesm2022/_debug_node-chunk.mjs:5615:5)
	    at detectChangesInChildComponents (node_modules/@angular/core/fesm2022/_debug_node-chunk.mjs:5663:5)
[1A[2KChrome Headless 127.0.6533.88 (Mac OS 10.15.7): Executed 99 of 180 (4 FAILED) (0 secs / 0.572 secs)
[1A[2KChrome Headless 127.0.6533.88 (Mac OS 10.15.7) CreateSurveyComponent Review goes back to data sharing component after back button is clicked FAILED
	Error: NG0100: ExpressionChangedAfterItHasBeenCheckedError: Expression has changed after it was checked. Previous value: 'true'. Current value: 'false'. Expression location: CreateSurveyComponent component. Find more at https://v21.angular.dev/errors/NG0100
	error properties: Object({ code: -100 })
	    at throwErrorIfNoChangesMode (node_modules/@angular/core/fesm2022/_debug_node-chunk.mjs:3472:9)
	    at bindingUpdated (node_modules/@angular/core/fesm2022/_debug_node-chunk.mjs:7915:9)
	    at ÉµÉµproperty (node_modules/@angular/core/fesm2022/_debug_node-chunk.mjs:14264:7)
	    at templateFn (ng:///CreateSurveyComponent.js:255:9)
	    at executeTemplate (node_modules/@angular/core/fesm2022/_debug_node-chunk.mjs:4831:5)
	    at refreshView (node_modules/@angular/core/fesm2022/_debug_node-chunk.mjs:5501:7)
	    at detectChangesInView (node_modules/@angular/core/fesm2022/_debug_node-chunk.mjs:5641:5)
	    at detectChangesInViewIfAttached (node_modules/@angular/core/fesm2022/_debug_node-chunk.mjs:5624:3)
	    at detectChangesInComponent (node_modules/@angular/core/fesm2022/_debug_node-chunk.mjs:5615:5)
	    at detectChangesInChildComponents (node_modules/@angular/core/fesm2022/_debug_node-chunk.mjs:5663:5)
Chrome Headless 127.0.6533.88 (Mac OS 10.15.7): Executed 100 of 180 (5 FAILED) (0 secs / 0.574 secs)
Chrome Headless 127.0.6533.88 (Mac OS 10.15.7) CreateSurveyComponent Review goes back to data sharing component after back button is clicked FAILED
	Error: NG0100: ExpressionChangedAfterItHasBeenCheckedError: Expression has changed after it was checked. Previous value: 'true'. Current value: 'false'. Expression location: CreateSurveyComponent component. Find more at https://v21.angular.dev/errors/NG0100
	error properties: Object({ code: -100 })
	    at throwErrorIfNoChangesMode (node_modules/@angular/core/fesm2022/_debug_node-chunk.mjs:3472:9)
	    at bindingUpdated (node_modules/@angular/core/fesm2022/_debug_node-chunk.mjs:7915:9)
	    at ÉµÉµproperty (node_modules/@angular/core/fesm2022/_debug_node-chunk.mjs:14264:7)
	    at templateFn (ng:///CreateSurveyComponent.js:255:9)
	    at executeTemplate (node_modules/@angular/core/fesm2022/_debug_node-chunk.mjs:4831:5)
	    at refreshView (node_modules/@angular/core/fesm2022/_debug_node-chunk.mjs:5501:7)
	    at detectChangesInView (node_modules/@angular/core/fesm2022/_debug_node-chunk.mjs:5641:5)
	    at detectChangesInViewIfAttached (node_modules/@angular/core/fesm2022/_debug_node-chunk.mjs:5624:3)
	    at detectChangesInComponent (node_modules/@angular/core/fesm2022/_debug_node-chunk.mjs:5615:5)
	    at detectChangesInChildComponents (node_modules/@angular/core/fesm2022/_debug_node-chunk.mjs:5663:5)
[1A[2KChrome Headless 127.0.6533.88 (Mac OS 10.15.7) CreateSurveyComponent Task Definition clicking back navigates to LOI selection FAILED
	Error: NG0100: ExpressionChangedAfterItHasBeenCheckedError: Expression has changed after it was checked. Previous value: 'true'. Current value: 'false'. Expression location: CreateSurveyComponent component. Find more at https://v21.angular.dev/errors/NG0100
	error properties: Object({ code: -100 })
	    at throwErrorIfNoChangesMode (node_modules/@angular/core/fesm2022/_debug_node-chunk.mjs:3472:9)
	    at bindingUpdated (node_modules/@angular/core/fesm2022/_debug_node-chunk.mjs:7915:9)
	    at ÉµÉµproperty (node_modules/@angular/core/fesm2022/_debug_node-chunk.mjs:14264:7)
	    at templateFn (ng:///CreateSurveyComponent.js:255:9)
	    at executeTemplate (node_modules/@angular/core/fesm2022/_debug_node-chunk.mjs:4831:5)
	    at refreshView (node_modules/@angular/core/fesm2022/_debug_node-chunk.mjs:5501:7)
	    at detectChangesInView (node_modules/@angular/core/fesm2022/_debug_node-chunk.mjs:5641:5)
	    at detectChangesInViewIfAttached (node_modules/@angular/core/fesm2022/_debug_node-chunk.mjs:5624:3)
	    at detectChangesInComponent (node_modules/@angular/core/fesm2022/_debug_node-chunk.mjs:5615:5)
	    at detectChangesInChildComponents (node_modules/@angular/core/fesm2022/_debug_node-chunk.mjs:5663:5)
Chrome Headless 127.0.6533.88 (Mac OS 10.15.7): Executed 101 of 180 (6 FAILED) (0 secs / 0.577 secs)
Chrome Headless 127.0.6533.88 (Mac OS 10.15.7) CreateSurveyComponent Task Definition clicking back navigates to LOI selection FAILED
	Error: NG0100: ExpressionChangedAfterItHasBeenCheckedError: Expression has changed after it was checked. Previous value: 'true'. Current value: 'false'. Expression location: CreateSurveyComponent component. Find more at https://v21.angular.dev/errors/NG0100
	error properties: Object({ code: -100 })
	    at throwErrorIfNoChangesMode (node_modules/@angular/core/fesm2022/_debug_node-chunk.mjs:3472:9)
	    at bindingUpdated (node_modules/@angular/core/fesm2022/_debug_node-chunk.mjs:7915:9)
	    at ÉµÉµproperty (node_modules/@angular/core/fesm2022/_debug_node-chunk.mjs:14264:7)
	    at templateFn (ng:///CreateSurveyComponent.js:255:9)
	    at executeTemplate (node_modules/@angular/core/fesm2022/_debug_node-chunk.mjs:4831:5)
	    at refreshView (node_modules/@angular/core/fesm2022/_debug_node-chunk.mjs:5501:7)
	    at detectChangesInView (node_modules/@angular/core/fesm2022/_debug_node-chunk.mjs:5641:5)
	    at detectChangesInViewIfAttached (node_modules/@angular/core/fesm2022/_debug_node-chunk.mjs:5624:3)
	    at detectChangesInComponent (node_modules/@angular/core/fesm2022/_debug_node-chunk.mjs:5615:5)
	    at detectChangesInChildComponents (node_modules/@angular/core/fesm2022/_debug_node-chunk.mjs:5663:5)
[1A[2KChrome Headless 127.0.6533.88 (Mac OS 10.15.7) CreateSurveyComponent when no survey displays survey details component FAILED
	Error: NG0100: ExpressionChangedAfterItHasBeenCheckedError: Expression has changed after it was checked. Previous value: 'true'. Current value: 'false'. Expression location: CreateSurveyComponent component. Find more at https://v21.angular.dev/errors/NG0100
	error properties: Object({ code: -100 })
	    at throwErrorIfNoChangesMode (node_modules/@angular/core/fesm2022/_debug_node-chunk.mjs:3472:9)
	    at bindingUpdated (node_modules/@angular/core/fesm2022/_debug_node-chunk.mjs:7915:9)
	    at ÉµÉµproperty (node_modules/@angular/core/fesm2022/_debug_node-chunk.mjs:14264:7)
	    at templateFn (ng:///CreateSurveyComponent.js:255:9)
	    at executeTemplate (node_modules/@angular/core/fesm2022/_debug_node-chunk.mjs:4831:5)
	    at refreshView (node_modules/@angular/core/fesm2022/_debug_node-chunk.mjs:5501:7)
	    at detectChangesInView (node_modules/@angular/core/fesm2022/_debug_node-chunk.mjs:5641:5)
	    at detectChangesInViewIfAttached (node_modules/@angular/core/fesm2022/_debug_node-chunk.mjs:5624:3)
	    at detectChangesInComponent (node_modules/@angular/core/fesm2022/_debug_node-chunk.mjs:5615:5)
	    at detectChangesInChildComponents (node_modules/@angular/core/fesm2022/_debug_node-chunk.mjs:5663:5)
Chrome Headless 127.0.6533.88 (Mac OS 10.15.7): Executed 102 of 180 (7 FAILED) (0 secs / 0.58 secs)
Chrome Headless 127.0.6533.88 (Mac OS 10.15.7) CreateSurveyComponent when no survey displays survey details component FAILED
	Error: NG0100: ExpressionChangedAfterItHasBeenCheckedError: Expression has changed after it was checked. Previous value: 'true'. Current value: 'false'. Expression location: CreateSurveyComponent component. Find more at https://v21.angular.dev/errors/NG0100
	error properties: Object({ code: -100 })
	    at throwErrorIfNoChangesMode (node_modules/@angular/core/fesm2022/_debug_node-chunk.mjs:3472:9)
	    at bindingUpdated (node_modules/@angular/core/fesm2022/_debug_node-chunk.mjs:7915:9)
	    at ÉµÉµproperty (node_modules/@angular/core/fesm2022/_debug_node-chunk.mjs:14264:7)
	    at templateFn (ng:///CreateSurveyComponent.js:255:9)
	    at executeTemplate (node_modules/@angular/core/fesm2022/_debug_node-chunk.mjs:4831:5)
	    at refreshView (node_modules/@angular/core/fesm2022/_debug_node-chunk.mjs:5501:7)
	    at detectChangesInView (node_modules/@angular/core/fesm2022/_debug_node-chunk.mjs:5641:5)
	    at detectChangesInViewIfAttached (node_modules/@angular/core/fesm2022/_debug_node-chunk.mjs:5624:3)
	    at detectChangesInComponent (node_modules/@angular/core/fesm2022/_debug_node-chunk.mjs:5615:5)
	    at detectChangesInChildComponents (node_modules/@angular/core/fesm2022/_debug_node-chunk.mjs:5663:5)
[1A[2KChrome Headless 127.0.6533.88 (Mac OS 10.15.7) CreateSurveyComponent Job Details when active survey has a job goes back to survey details component after back button is clicked FAILED
	Error: NG0100: ExpressionChangedAfterItHasBeenCheckedError: Expression has changed after it was checked. Previous value: 'true'. Current value: 'false'. Expression location: CreateSurveyComponent component. Find more at https://v21.angular.dev/errors/NG0100
	error properties: Object({ code: -100 })
	    at throwErrorIfNoChangesMode (node_modules/@angular/core/fesm2022/_debug_node-chunk.mjs:3472:9)
	    at bindingUpdated (node_modules/@angular/core/fesm2022/_debug_node-chunk.mjs:7915:9)
	    at ÉµÉµproperty (node_modules/@angular/core/fesm2022/_debug_node-chunk.mjs:14264:7)
	    at templateFn (ng:///CreateSurveyComponent.js:255:9)
	    at executeTemplate (node_modules/@angular/core/fesm2022/_debug_node-chunk.mjs:4831:5)
	    at refreshView (node_modules/@angular/core/fesm2022/_debug_node-chunk.mjs:5501:7)
	    at detectChangesInView (node_modules/@angular/core/fesm2022/_debug_node-chunk.mjs:5641:5)
	    at detectChangesInViewIfAttached (node_modules/@angular/core/fesm2022/_debug_node-chunk.mjs:5624:3)
	    at detectChangesInComponent (node_modules/@angular/core/fesm2022/_debug_node-chunk.mjs:5615:5)
	    at detectChangesInChildComponents (node_modules/@angular/core/fesm2022/_debug_node-chunk.mjs:5663:5)
Chrome Headless 127.0.6533.88 (Mac OS 10.15.7): Executed 103 of 180 (8 FAILED) (0 secs / 0.582 secs)
Chrome Headless 127.0.6533.88 (Mac OS 10.15.7) CreateSurveyComponent Job Details when active survey has a job goes back to survey details component after back button is clicked FAILED
	Error: NG0100: ExpressionChangedAfterItHasBeenCheckedError: Expression has changed after it was checked. Previous value: 'true'. Current value: 'false'. Expression location: CreateSurveyComponent component. Find more at https://v21.angular.dev/errors/NG0100
	error properties: Object({ code: -100 })
	    at throwErrorIfNoChangesMode (node_modules/@angular/core/fesm2022/_debug_node-chunk.mjs:3472:9)
	    at bindingUpdated (node_modules/@angular/core/fesm2022/_debug_node-chunk.mjs:7915:9)
	    at ÉµÉµproperty (node_modules/@angular/core/fesm2022/_debug_node-chunk.mjs:14264:7)
	    at templateFn (ng:///CreateSurveyComponent.js:255:9)
	    at executeTemplate (node_modules/@angular/core/fesm2022/_debug_node-chunk.mjs:4831:5)
	    at refreshView (node_modules/@angular/core/fesm2022/_debug_node-chunk.mjs:5501:7)
	    at detectChangesInView (node_modules/@angular/core/fesm2022/_debug_node-chunk.mjs:5641:5)
	    at detectChangesInViewIfAttached (node_modules/@angular/core/fesm2022/_debug_node-chunk.mjs:5624:3)
	    at detectChangesInComponent (node_modules/@angular/core/fesm2022/_debug_node-chunk.mjs:5615:5)
	    at detectChangesInChildComponents (node_modules/@angular/core/fesm2022/_debug_node-chunk.mjs:5663:5)
[1A[2KChrome Headless 127.0.6533.88 (Mac OS 10.15.7) CreateSurveyComponent Job Details when active survey has a job updates the first job after clicking continue FAILED
	Error: NG0100: ExpressionChangedAfterItHasBeenCheckedError: Expression has changed after it was checked. Previous value: 'true'. Current value: 'false'. Expression location: CreateSurveyComponent component. Find more at https://v21.angular.dev/errors/NG0100
	error properties: Object({ code: -100 })
	    at throwErrorIfNoChangesMode (node_modules/@angular/core/fesm2022/_debug_node-chunk.mjs:3472:9)
	    at bindingUpdated (node_modules/@angular/core/fesm2022/_debug_node-chunk.mjs:7915:9)
	    at ÉµÉµproperty (node_modules/@angular/core/fesm2022/_debug_node-chunk.mjs:14264:7)
	    at templateFn (ng:///CreateSurveyComponent.js:255:9)
	    at executeTemplate (node_modules/@angular/core/fesm2022/_debug_node-chunk.mjs:4831:5)
	    at refreshView (node_modules/@angular/core/fesm2022/_debug_node-chunk.mjs:5501:7)
	    at detectChangesInView (node_modules/@angular/core/fesm2022/_debug_node-chunk.mjs:5641:5)
	    at detectChangesInViewIfAttached (node_modules/@angular/core/fesm2022/_debug_node-chunk.mjs:5624:3)
	    at detectChangesInComponent (node_modules/@angular/core/fesm2022/_debug_node-chunk.mjs:5615:5)
	    at detectChangesInChildComponents (node_modules/@angular/core/fesm2022/_debug_node-chunk.mjs:5663:5)
Chrome Headless 127.0.6533.88 (Mac OS 10.15.7): Executed 104 of 180 (9 FAILED) (0 secs / 0.583 secs)
Chrome Headless 127.0.6533.88 (Mac OS 10.15.7) CreateSurveyComponent Job Details when active survey has a job updates the first job after clicking continue FAILED
	Error: NG0100: ExpressionChangedAfterItHasBeenCheckedError: Expression has changed after it was checked. Previous value: 'true'. Current value: 'false'. Expression location: CreateSurveyComponent component. Find more at https://v21.angular.dev/errors/NG0100
	error properties: Object({ code: -100 })
	    at throwErrorIfNoChangesMode (node_modules/@angular/core/fesm2022/_debug_node-chunk.mjs:3472:9)
	    at bindingUpdated (node_modules/@angular/core/fesm2022/_debug_node-chunk.mjs:7915:9)
	    at ÉµÉµproperty (node_modules/@angular/core/fesm2022/_debug_node-chunk.mjs:14264:7)
	    at templateFn (ng:///CreateSurveyComponent.js:255:9)
	    at executeTemplate (node_modules/@angular/core/fesm2022/_debug_node-chunk.mjs:4831:5)
	    at refreshView (node_modules/@angular/core/fesm2022/_debug_node-chunk.mjs:5501:7)
	    at detectChangesInView (node_modules/@angular/core/fesm2022/_debug_node-chunk.mjs:5641:5)
	    at detectChangesInViewIfAttached (node_modules/@angular/core/fesm2022/_debug_node-chunk.mjs:5624:3)
	    at detectChangesInComponent (node_modules/@angular/core/fesm2022/_debug_node-chunk.mjs:5615:5)
	    at detectChangesInChildComponents (node_modules/@angular/core/fesm2022/_debug_node-chunk.mjs:5663:5)
[1A[2KChrome Headless 127.0.6533.88 (Mac OS 10.15.7) CreateSurveyComponent Job Details when active survey has no job creates new job with name after clicking continue FAILED
	Error: NG0100: ExpressionChangedAfterItHasBeenCheckedError: Expression has changed after it was checked. Previous value: 'true'. Current value: 'false'. Expression location: CreateSurveyComponent component. Find more at https://v21.angular.dev/errors/NG0100
	error properties: Object({ code: -100 })
	    at throwErrorIfNoChangesMode (node_modules/@angular/core/fesm2022/_debug_node-chunk.mjs:3472:9)
	    at bindingUpdated (node_modules/@angular/core/fesm2022/_debug_node-chunk.mjs:7915:9)
	    at ÉµÉµproperty (node_modules/@angular/core/fesm2022/_debug_node-chunk.mjs:14264:7)
	    at templateFn (ng:///CreateSurveyComponent.js:255:9)
	    at executeTemplate (node_modules/@angular/core/fesm2022/_debug_node-chunk.mjs:4831:5)
	    at refreshView (node_modules/@angular/core/fesm2022/_debug_node-chunk.mjs:5501:7)
	    at detectChangesInView (node_modules/@angular/core/fesm2022/_debug_node-chunk.mjs:5641:5)
	    at detectChangesInViewIfAttached (node_modules/@angular/core/fesm2022/_debug_node-chunk.mjs:5624:3)
	    at detectChangesInComponent (node_modules/@angular/core/fesm2022/_debug_node-chunk.mjs:5615:5)
	    at detectChangesInChildComponents (node_modules/@angular/core/fesm2022/_debug_node-chunk.mjs:5663:5)
Chrome Headless 127.0.6533.88 (Mac OS 10.15.7): Executed 105 of 180 (10 FAILED) (0 secs / 0.586 secs)
Chrome Headless 127.0.6533.88 (Mac OS 10.15.7) CreateSurveyComponent Job Details when active survey has no job creates new job with name after clicking continue FAILED
	Error: NG0100: ExpressionChangedAfterItHasBeenCheckedError: Expression has changed after it was checked. Previous value: 'true'. Current value: 'false'. Expression location: CreateSurveyComponent component. Find more at https://v21.angular.dev/errors/NG0100
	error properties: Object({ code: -100 })
	    at throwErrorIfNoChangesMode (node_modules/@angular/core/fesm2022/_debug_node-chunk.mjs:3472:9)
	    at bindingUpdated (node_modules/@angular/core/fesm2022/_debug_node-chunk.mjs:7915:9)
	    at ÉµÉµproperty (node_modules/@angular/core/fesm2022/_debug_node-chunk.mjs:14264:7)
	    at templateFn (ng:///CreateSurveyComponent.js:255:9)
	    at executeTemplate (node_modules/@angular/core/fesm2022/_debug_node-chunk.mjs:4831:5)
	    at refreshView (node_modules/@angular/core/fesm2022/_debug_node-chunk.mjs:5501:7)
	    at detectChangesInView (node_modules/@angular/core/fesm2022/_debug_node-chunk.mjs:5641:5)
	    at detectChangesInViewIfAttached (node_modules/@angular/core/fesm2022/_debug_node-chunk.mjs:5624:3)
	    at detectChangesInComponent (node_modules/@angular/core/fesm2022/_debug_node-chunk.mjs:5615:5)
	    at detectChangesInChildComponents (node_modules/@angular/core/fesm2022/_debug_node-chunk.mjs:5663:5)
[1A[2KChrome Headless 127.0.6533.88 (Mac OS 10.15.7) CreateSurveyComponent Data Sharing Terms goes back to task definition component after back button is clicked FAILED
	Error: NG0100: ExpressionChangedAfterItHasBeenCheckedError: Expression has changed after it was checked. Previous value: 'true'. Current value: 'false'. Expression location: CreateSurveyComponent component. Find more at https://v21.angular.dev/errors/NG0100
	error properties: Object({ code: -100 })
	    at throwErrorIfNoChangesMode (node_modules/@angular/core/fesm2022/_debug_node-chunk.mjs:3472:9)
	    at bindingUpdated (node_modules/@angular/core/fesm2022/_debug_node-chunk.mjs:7915:9)
	    at ÉµÉµproperty (node_modules/@angular/core/fesm2022/_debug_node-chunk.mjs:14264:7)
	    at templateFn (ng:///CreateSurveyComponent.js:255:9)
	    at executeTemplate (node_modules/@angular/core/fesm2022/_debug_node-chunk.mjs:4831:5)
	    at refreshView (node_modules/@angular/core/fesm2022/_debug_node-chunk.mjs:5501:7)
	    at detectChangesInView (node_modules/@angular/core/fesm2022/_debug_node-chunk.mjs:5641:5)
	    at detectChangesInViewIfAttached (node_modules/@angular/core/fesm2022/_debug_node-chunk.mjs:5624:3)
	    at detectChangesInComponent (node_modules/@angular/core/fesm2022/_debug_node-chunk.mjs:5615:5)
	    at detectChangesInChildComponents (node_modules/@angular/core/fesm2022/_debug_node-chunk.mjs:5663:5)
Chrome Headless 127.0.6533.88 (Mac OS 10.15.7): Executed 106 of 180 (11 FAILED) (0 secs / 0.588 secs)
Chrome Headless 127.0.6533.88 (Mac OS 10.15.7) CreateSurveyComponent Data Sharing Terms goes back to task definition component after back button is clicked FAILED
	Error: NG0100: ExpressionChangedAfterItHasBeenCheckedError: Expression has changed after it was checked. Previous value: 'true'. Current value: 'false'. Expression location: CreateSurveyComponent component. Find more at https://v21.angular.dev/errors/NG0100
	error properties: Object({ code: -100 })
	    at throwErrorIfNoChangesMode (node_modules/@angular/core/fesm2022/_debug_node-chunk.mjs:3472:9)
	    at bindingUpdated (node_modules/@angular/core/fesm2022/_debug_node-chunk.mjs:7915:9)
	    at ÉµÉµproperty (node_modules/@angular/core/fesm2022/_debug_node-chunk.mjs:14264:7)
	    at templateFn (ng:///CreateSurveyComponent.js:255:9)
	    at executeTemplate (node_modules/@angular/core/fesm2022/_debug_node-chunk.mjs:4831:5)
	    at refreshView (node_modules/@angular/core/fesm2022/_debug_node-chunk.mjs:5501:7)
	    at detectChangesInView (node_modules/@angular/core/fesm2022/_debug_node-chunk.mjs:5641:5)
	    at detectChangesInViewIfAttached (node_modules/@angular/core/fesm2022/_debug_node-chunk.mjs:5624:3)
	    at detectChangesInComponent (node_modules/@angular/core/fesm2022/_debug_node-chunk.mjs:5615:5)
	    at detectChangesInChildComponents (node_modules/@angular/core/fesm2022/_debug_node-chunk.mjs:5663:5)
[1A[2KChrome Headless 127.0.6533.88 (Mac OS 10.15.7) CreateSurveyComponent Data Sharing Terms updates data sharing agreement after clicking continue FAILED
	Error: NG0100: ExpressionChangedAfterItHasBeenCheckedError: Expression has changed after it was checked. Previous value: 'true'. Current value: 'false'. Expression location: CreateSurveyComponent component. Find more at https://v21.angular.dev/errors/NG0100
	error properties: Object({ code: -100 })
	    at throwErrorIfNoChangesMode (node_modules/@angular/core/fesm2022/_debug_node-chunk.mjs:3472:9)
	    at bindingUpdated (node_modules/@angular/core/fesm2022/_debug_node-chunk.mjs:7915:9)
	    at ÉµÉµproperty (node_modules/@angular/core/fesm2022/_debug_node-chunk.mjs:14264:7)
	    at templateFn (ng:///CreateSurveyComponent.js:255:9)
	    at executeTemplate (node_modules/@angular/core/fesm2022/_debug_node-chunk.mjs:4831:5)
	    at refreshView (node_modules/@angular/core/fesm2022/_debug_node-chunk.mjs:5501:7)
	    at detectChangesInView (node_modules/@angular/core/fesm2022/_debug_node-chunk.mjs:5641:5)
	    at detectChangesInViewIfAttached (node_modules/@angular/core/fesm2022/_debug_node-chunk.mjs:5624:3)
	    at detectChangesInComponent (node_modules/@angular/core/fesm2022/_debug_node-chunk.mjs:5615:5)
	    at detectChangesInChildComponents (node_modules/@angular/core/fesm2022/_debug_node-chunk.mjs:5663:5)
Chrome Headless 127.0.6533.88 (Mac OS 10.15.7): Executed 107 of 180 (12 FAILED) (0 secs / 0.59 secs)
Chrome Headless 127.0.6533.88 (Mac OS 10.15.7) CreateSurveyComponent Data Sharing Terms updates data sharing agreement after clicking continue FAILED
	Error: NG0100: ExpressionChangedAfterItHasBeenCheckedError: Expression has changed after it was checked. Previous value: 'true'. Current value: 'false'. Expression location: CreateSurveyComponent component. Find more at https://v21.angular.dev/errors/NG0100
	error properties: Object({ code: -100 })
	    at throwErrorIfNoChangesMode (node_modules/@angular/core/fesm2022/_debug_node-chunk.mjs:3472:9)
	    at bindingUpdated (node_modules/@angular/core/fesm2022/_debug_node-chunk.mjs:7915:9)
	    at ÉµÉµproperty (node_modules/@angular/core/fesm2022/_debug_node-chunk.mjs:14264:7)
	    at templateFn (ng:///CreateSurveyComponent.js:255:9)
	    at executeTemplate (node_modules/@angular/core/fesm2022/_debug_node-chunk.mjs:4831:5)
	    at refreshView (node_modules/@angular/core/fesm2022/_debug_node-chunk.mjs:5501:7)
	    at detectChangesInView (node_modules/@angular/core/fesm2022/_debug_node-chunk.mjs:5641:5)
	    at detectChangesInViewIfAttached (node_modules/@angular/core/fesm2022/_debug_node-chunk.mjs:5624:3)
	    at detectChangesInComponent (node_modules/@angular/core/fesm2022/_debug_node-chunk.mjs:5615:5)
	    at detectChangesInChildComponents (node_modules/@angular/core/fesm2022/_debug_node-chunk.mjs:5663:5)
[1A[2KChrome Headless 127.0.6533.88 (Mac OS 10.15.7): Executed 108 of 180 (12 FAILED) (0 secs / 0.592 secs)
[1A[2KChrome Headless 127.0.6533.88 (Mac OS 10.15.7) CreateSurveyComponent when active survey has finished setup navigates to edit survey page FAILED
	Error: NG0100: ExpressionChangedAfterItHasBeenCheckedError: Expression has changed after it was checked. Previous value: 'true'. Current value: 'false'. Expression location: CreateSurveyComponent component. Find more at https://v21.angular.dev/errors/NG0100
	error properties: Object({ code: -100 })
	    at throwErrorIfNoChangesMode (node_modules/@angular/core/fesm2022/_debug_node-chunk.mjs:3472:9)
	    at bindingUpdated (node_modules/@angular/core/fesm2022/_debug_node-chunk.mjs:7915:9)
	    at ÉµÉµproperty (node_modules/@angular/core/fesm2022/_debug_node-chunk.mjs:14264:7)
	    at templateFn (ng:///CreateSurveyComponent.js:255:9)
	    at executeTemplate (node_modules/@angular/core/fesm2022/_debug_node-chunk.mjs:4831:5)
	    at refreshView (node_modules/@angular/core/fesm2022/_debug_node-chunk.mjs:5501:7)
	    at detectChangesInView (node_modules/@angular/core/fesm2022/_debug_node-chunk.mjs:5641:5)
	    at detectChangesInViewIfAttached (node_modules/@angular/core/fesm2022/_debug_node-chunk.mjs:5624:3)
	    at detectChangesInComponent (node_modules/@angular/core/fesm2022/_debug_node-chunk.mjs:5615:5)
	    at detectChangesInChildComponents (node_modules/@angular/core/fesm2022/_debug_node-chunk.mjs:5663:5)
Chrome Headless 127.0.6533.88 (Mac OS 10.15.7): Executed 109 of 180 (13 FAILED) (0 secs / 0.594 secs)
Chrome Headless 127.0.6533.88 (Mac OS 10.15.7) CreateSurveyComponent when active survey has finished setup navigates to edit survey page FAILED
	Error: NG0100: ExpressionChangedAfterItHasBeenCheckedError: Expression has changed after it was checked. Previous value: 'true'. Current value: 'false'. Expression location: CreateSurveyComponent component. Find more at https://v21.angular.dev/errors/NG0100
	error properties: Object({ code: -100 })
	    at throwErrorIfNoChangesMode (node_modules/@angular/core/fesm2022/_debug_node-chunk.mjs:3472:9)
	    at bindingUpdated (node_modules/@angular/core/fesm2022/_debug_node-chunk.mjs:7915:9)
	    at ÉµÉµproperty (node_modules/@angular/core/fesm2022/_debug_node-chunk.mjs:14264:7)
	    at templateFn (ng:///CreateSurveyComponent.js:255:9)
	    at executeTemplate (node_modules/@angular/core/fesm2022/_debug_node-chunk.mjs:4831:5)
	    at refreshView (node_modules/@angular/core/fesm2022/_debug_node-chunk.mjs:5501:7)
	    at detectChangesInView (node_modules/@angular/core/fesm2022/_debug_node-chunk.mjs:5641:5)
	    at detectChangesInViewIfAttached (node_modules/@angular/core/fesm2022/_debug_node-chunk.mjs:5624:3)
	    at detectChangesInComponent (node_modules/@angular/core/fesm2022/_debug_node-chunk.mjs:5615:5)
	    at detectChangesInChildComponents (node_modules/@angular/core/fesm2022/_debug_node-chunk.mjs:5663:5)
[1A[2KChrome Headless 127.0.6533.88 (Mac OS 10.15.7) CreateSurveyComponent when active survey has at least one job displays LOI editor component FAILED
	Error: NG0100: ExpressionChangedAfterItHasBeenCheckedError: Expression has changed after it was checked. Previous value: 'true'. Current value: 'false'. Expression location: CreateSurveyComponent component. Find more at https://v21.angular.dev/errors/NG0100
	error properties: Object({ code: -100 })
	    at throwErrorIfNoChangesMode (node_modules/@angular/core/fesm2022/_debug_node-chunk.mjs:3472:9)
	    at bindingUpdated (node_modules/@angular/core/fesm2022/_debug_node-chunk.mjs:7915:9)
	    at ÉµÉµproperty (node_modules/@angular/core/fesm2022/_debug_node-chunk.mjs:14264:7)
	    at templateFn (ng:///CreateSurveyComponent.js:255:9)
	    at executeTemplate (node_modules/@angular/core/fesm2022/_debug_node-chunk.mjs:4831:5)
	    at refreshView (node_modules/@angular/core/fesm2022/_debug_node-chunk.mjs:5501:7)
	    at detectChangesInView (node_modules/@angular/core/fesm2022/_debug_node-chunk.mjs:5641:5)
	    at detectChangesInViewIfAttached (node_modules/@angular/core/fesm2022/_debug_node-chunk.mjs:5624:3)
	    at detectChangesInComponent (node_modules/@angular/core/fesm2022/_debug_node-chunk.mjs:5615:5)
	    at detectChangesInChildComponents (node_modules/@angular/core/fesm2022/_debug_node-chunk.mjs:5663:5)
Chrome Headless 127.0.6533.88 (Mac OS 10.15.7): Executed 110 of 180 (14 FAILED) (0 secs / 0.596 secs)
Chrome Headless 127.0.6533.88 (Mac OS 10.15.7) CreateSurveyComponent when active survey has at least one job displays LOI editor component FAILED
	Error: NG0100: ExpressionChangedAfterItHasBeenCheckedError: Expression has changed after it was checked. Previous value: 'true'. Current value: 'false'. Expression location: CreateSurveyComponent component. Find more at https://v21.angular.dev/errors/NG0100
	error properties: Object({ code: -100 })
	    at throwErrorIfNoChangesMode (node_modules/@angular/core/fesm2022/_debug_node-chunk.mjs:3472:9)
	    at bindingUpdated (node_modules/@angular/core/fesm2022/_debug_node-chunk.mjs:7915:9)
	    at ÉµÉµproperty (node_modules/@angular/core/fesm2022/_debug_node-chunk.mjs:14264:7)
	    at templateFn (ng:///CreateSurveyComponent.js:255:9)
	    at executeTemplate (node_modules/@angular/core/fesm2022/_debug_node-chunk.mjs:4831:5)
	    at refreshView (node_modules/@angular/core/fesm2022/_debug_node-chunk.mjs:5501:7)
	    at detectChangesInView (node_modules/@angular/core/fesm2022/_debug_node-chunk.mjs:5641:5)
	    at detectChangesInViewIfAttached (node_modules/@angular/core/fesm2022/_debug_node-chunk.mjs:5624:3)
	    at detectChangesInComponent (node_modules/@angular/core/fesm2022/_debug_node-chunk.mjs:5615:5)
	    at detectChangesInChildComponents (node_modules/@angular/core/fesm2022/_debug_node-chunk.mjs:5663:5)
[1A[2KChrome Headless 127.0.6533.88 (Mac OS 10.15.7) CreateSurveyComponent when active survey has empty title displays survey details component FAILED
	Error: NG0100: ExpressionChangedAfterItHasBeenCheckedError: Expression has changed after it was checked. Previous value: 'true'. Current value: 'false'. Expression location: CreateSurveyComponent component. Find more at https://v21.angular.dev/errors/NG0100
	error properties: Object({ code: -100 })
	    at throwErrorIfNoChangesMode (node_modules/@angular/core/fesm2022/_debug_node-chunk.mjs:3472:9)
	    at bindingUpdated (node_modules/@angular/core/fesm2022/_debug_node-chunk.mjs:7915:9)
	    at ÉµÉµproperty (node_modules/@angular/core/fesm2022/_debug_node-chunk.mjs:14264:7)
	    at templateFn (ng:///CreateSurveyComponent.js:255:9)
	    at executeTemplate (node_modules/@angular/core/fesm2022/_debug_node-chunk.mjs:4831:5)
	    at refreshView (node_modules/@angular/core/fesm2022/_debug_node-chunk.mjs:5501:7)
	    at detectChangesInView (node_modules/@angular/core/fesm2022/_debug_node-chunk.mjs:5641:5)
	    at detectChangesInViewIfAttached (node_modules/@angular/core/fesm2022/_debug_node-chunk.mjs:5624:3)
	    at detectChangesInComponent (node_modules/@angular/core/fesm2022/_debug_node-chunk.mjs:5615:5)
	    at detectChangesInChildComponents (node_modules/@angular/core/fesm2022/_debug_node-chunk.mjs:5663:5)
Chrome Headless 127.0.6533.88 (Mac OS 10.15.7): Executed 111 of 180 (15 FAILED) (0 secs / 0.598 secs)
Chrome Headless 127.0.6533.88 (Mac OS 10.15.7) CreateSurveyComponent when active survey has empty title displays survey details component FAILED
	Error: NG0100: ExpressionChangedAfterItHasBeenCheckedError: Expression has changed after it was checked. Previous value: 'true'. Current value: 'false'. Expression location: CreateSurveyComponent component. Find more at https://v21.angular.dev/errors/NG0100
	error properties: Object({ code: -100 })
	    at throwErrorIfNoChangesMode (node_modules/@angular/core/fesm2022/_debug_node-chunk.mjs:3472:9)
	    at bindingUpdated (node_modules/@angular/core/fesm2022/_debug_node-chunk.mjs:7915:9)
	    at ÉµÉµproperty (node_modules/@angular/core/fesm2022/_debug_node-chunk.mjs:14264:7)
	    at templateFn (ng:///CreateSurveyComponent.js:255:9)
	    at executeTemplate (node_modules/@angular/core/fesm2022/_debug_node-chunk.mjs:4831:5)
	    at refreshView (node_modules/@angular/core/fesm2022/_debug_node-chunk.mjs:5501:7)
	    at detectChangesInView (node_modules/@angular/core/fesm2022/_debug_node-chunk.mjs:5641:5)
	    at detectChangesInViewIfAttached (node_modules/@angular/core/fesm2022/_debug_node-chunk.mjs:5624:3)
	    at detectChangesInComponent (node_modules/@angular/core/fesm2022/_debug_node-chunk.mjs:5615:5)
	    at detectChangesInChildComponents (node_modules/@angular/core/fesm2022/_debug_node-chunk.mjs:5663:5)
[1A[2KChrome Headless 127.0.6533.88 (Mac OS 10.15.7) CreateSurveyComponent Survey Details when no survey creates new survey with title and description after clicking continue FAILED
	Error: NG0100: ExpressionChangedAfterItHasBeenCheckedError: Expression has changed after it was checked. Previous value: 'true'. Current value: 'false'. Expression location: CreateSurveyComponent component. Find more at https://v21.angular.dev/errors/NG0100
	error properties: Object({ code: -100 })
	    at throwErrorIfNoChangesMode (node_modules/@angular/core/fesm2022/_debug_node-chunk.mjs:3472:9)
	    at bindingUpdated (node_modules/@angular/core/fesm2022/_debug_node-chunk.mjs:7915:9)
	    at ÉµÉµproperty (node_modules/@angular/core/fesm2022/_debug_node-chunk.mjs:14264:7)
	    at templateFn (ng:///CreateSurveyComponent.js:255:9)
	    at executeTemplate (node_modules/@angular/core/fesm2022/_debug_node-chunk.mjs:4831:5)
	    at refreshView (node_modules/@angular/core/fesm2022/_debug_node-chunk.mjs:5501:7)
	    at detectChangesInView (node_modules/@angular/core/fesm2022/_debug_node-chunk.mjs:5641:5)
	    at detectChangesInViewIfAttached (node_modules/@angular/core/fesm2022/_debug_node-chunk.mjs:5624:3)
	    at detectChangesInComponent (node_modules/@angular/core/fesm2022/_debug_node-chunk.mjs:5615:5)
	    at detectChangesInChildComponents (node_modules/@angular/core/fesm2022/_debug_node-chunk.mjs:5663:5)
Chrome Headless 127.0.6533.88 (Mac OS 10.15.7): Executed 112 of 180 (16 FAILED) (0 secs / 0.6 secs)
Chrome Headless 127.0.6533.88 (Mac OS 10.15.7) CreateSurveyComponent Survey Details when no survey creates new survey with title and description after clicking continue FAILED
	Error: NG0100: ExpressionChangedAfterItHasBeenCheckedError: Expression has changed after it was checked. Previous value: 'true'. Current value: 'false'. Expression location: CreateSurveyComponent component. Find more at https://v21.angular.dev/errors/NG0100
	error properties: Object({ code: -100 })
	    at throwErrorIfNoChangesMode (node_modules/@angular/core/fesm2022/_debug_node-chunk.mjs:3472:9)
	    at bindingUpdated (node_modules/@angular/core/fesm2022/_debug_node-chunk.mjs:7915:9)
	    at ÉµÉµproperty (node_modules/@angular/core/fesm2022/_debug_node-chunk.mjs:14264:7)
	    at templateFn (ng:///CreateSurveyComponent.js:255:9)
	    at executeTemplate (node_modules/@angular/core/fesm2022/_debug_node-chunk.mjs:4831:5)
	    at refreshView (node_modules/@angular/core/fesm2022/_debug_node-chunk.mjs:5501:7)
	    at detectChangesInView (node_modules/@angular/core/fesm2022/_debug_node-chunk.mjs:5641:5)
	    at detectChangesInViewIfAttached (node_modules/@angular/core/fesm2022/_debug_node-chunk.mjs:5624:3)
	    at detectChangesInComponent (node_modules/@angular/core/fesm2022/_debug_node-chunk.mjs:5615:5)
	    at detectChangesInChildComponents (node_modules/@angular/core/fesm2022/_debug_node-chunk.mjs:5663:5)
[1A[2KChrome Headless 127.0.6533.88 (Mac OS 10.15.7) CreateSurveyComponent Survey Details when given survey updates title and description after clicking continue FAILED
	Error: NG0100: ExpressionChangedAfterItHasBeenCheckedError: Expression has changed after it was checked. Previous value: 'true'. Current value: 'false'. Expression location: CreateSurveyComponent component. Find more at https://v21.angular.dev/errors/NG0100
	error properties: Object({ code: -100 })
	    at throwErrorIfNoChangesMode (node_modules/@angular/core/fesm2022/_debug_node-chunk.mjs:3472:9)
	    at bindingUpdated (node_modules/@angular/core/fesm2022/_debug_node-chunk.mjs:7915:9)
	    at ÉµÉµproperty (node_modules/@angular/core/fesm2022/_debug_node-chunk.mjs:14264:7)
	    at templateFn (ng:///CreateSurveyComponent.js:255:9)
	    at executeTemplate (node_modules/@angular/core/fesm2022/_debug_node-chunk.mjs:4831:5)
	    at refreshView (node_modules/@angular/core/fesm2022/_debug_node-chunk.mjs:5501:7)
	    at detectChangesInView (node_modules/@angular/core/fesm2022/_debug_node-chunk.mjs:5641:5)
	    at detectChangesInViewIfAttached (node_modules/@angular/core/fesm2022/_debug_node-chunk.mjs:5624:3)
	    at detectChangesInComponent (node_modules/@angular/core/fesm2022/_debug_node-chunk.mjs:5615:5)
	    at detectChangesInChildComponents (node_modules/@angular/core/fesm2022/_debug_node-chunk.mjs:5663:5)
Chrome Headless 127.0.6533.88 (Mac OS 10.15.7): Executed 113 of 180 (17 FAILED) (0 secs / 0.604 secs)
Chrome Headless 127.0.6533.88 (Mac OS 10.15.7) CreateSurveyComponent Survey Details when given survey updates title and description after clicking continue FAILED
	Error: NG0100: ExpressionChangedAfterItHasBeenCheckedError: Expression has changed after it was checked. Previous value: 'true'. Current value: 'false'. Expression location: CreateSurveyComponent component. Find more at https://v21.angular.dev/errors/NG0100
	error properties: Object({ code: -100 })
	    at throwErrorIfNoChangesMode (node_modules/@angular/core/fesm2022/_debug_node-chunk.mjs:3472:9)
	    at bindingUpdated (node_modules/@angular/core/fesm2022/_debug_node-chunk.mjs:7915:9)
	    at ÉµÉµproperty (node_modules/@angular/core/fesm2022/_debug_node-chunk.mjs:14264:7)
	    at templateFn (ng:///CreateSurveyComponent.js:255:9)
	    at executeTemplate (node_modules/@angular/core/fesm2022/_debug_node-chunk.mjs:4831:5)
	    at refreshView (node_modules/@angular/core/fesm2022/_debug_node-chunk.mjs:5501:7)
	    at detectChangesInView (node_modules/@angular/core/fesm2022/_debug_node-chunk.mjs:5641:5)
	    at detectChangesInViewIfAttached (node_modules/@angular/core/fesm2022/_debug_node-chunk.mjs:5624:3)
	    at detectChangesInComponent (node_modules/@angular/core/fesm2022/_debug_node-chunk.mjs:5615:5)
	    at detectChangesInChildComponents (node_modules/@angular/core/fesm2022/_debug_node-chunk.mjs:5663:5)
[1A[2KChrome Headless 127.0.6533.88 (Mac OS 10.15.7) CreateSurveyComponent Survey Details when given survey navigates to survey list page after back button is clicked FAILED
	Error: NG0100: ExpressionChangedAfterItHasBeenCheckedError: Expression has changed after it was checked. Previous value: 'true'. Current value: 'false'. Expression location: CreateSurveyComponent component. Find more at https://v21.angular.dev/errors/NG0100
	error properties: Object({ code: -100 })
	    at throwErrorIfNoChangesMode (node_modules/@angular/core/fesm2022/_debug_node-chunk.mjs:3472:9)
	    at bindingUpdated (node_modules/@angular/core/fesm2022/_debug_node-chunk.mjs:7915:9)
	    at ÉµÉµproperty (node_modules/@angular/core/fesm2022/_debug_node-chunk.mjs:14264:7)
	    at templateFn (ng:///CreateSurveyComponent.js:255:9)
	    at executeTemplate (node_modules/@angular/core/fesm2022/_debug_node-chunk.mjs:4831:5)
	    at refreshView (node_modules/@angular/core/fesm2022/_debug_node-chunk.mjs:5501:7)
	    at detectChangesInView (node_modules/@angular/core/fesm2022/_debug_node-chunk.mjs:5641:5)
	    at detectChangesInViewIfAttached (node_modules/@angular/core/fesm2022/_debug_node-chunk.mjs:5624:3)
	    at detectChangesInComponent (node_modules/@angular/core/fesm2022/_debug_node-chunk.mjs:5615:5)
	    at detectChangesInChildComponents (node_modules/@angular/core/fesm2022/_debug_node-chunk.mjs:5663:5)
Chrome Headless 127.0.6533.88 (Mac OS 10.15.7): Executed 114 of 180 (18 FAILED) (0 secs / 0.606 secs)
Chrome Headless 127.0.6533.88 (Mac OS 10.15.7) CreateSurveyComponent Survey Details when given survey navigates to survey list page after back button is clicked FAILED
	Error: NG0100: ExpressionChangedAfterItHasBeenCheckedError: Expression has changed after it was checked. Previous value: 'true'. Current value: 'false'. Expression location: CreateSurveyComponent component. Find more at https://v21.angular.dev/errors/NG0100
	error properties: Object({ code: -100 })
	    at throwErrorIfNoChangesMode (node_modules/@angular/core/fesm2022/_debug_node-chunk.mjs:3472:9)
	    at bindingUpdated (node_modules/@angular/core/fesm2022/_debug_node-chunk.mjs:7915:9)
	    at ÉµÉµproperty (node_modules/@angular/core/fesm2022/_debug_node-chunk.mjs:14264:7)
	    at templateFn (ng:///CreateSurveyComponent.js:255:9)
	    at executeTemplate (node_modules/@angular/core/fesm2022/_debug_node-chunk.mjs:4831:5)
	    at refreshView (node_modules/@angular/core/fesm2022/_debug_node-chunk.mjs:5501:7)
	    at detectChangesInView (node_modules/@angular/core/fesm2022/_debug_node-chunk.mjs:5641:5)
	    at detectChangesInViewIfAttached (node_modules/@angular/core/fesm2022/_debug_node-chunk.mjs:5624:3)
	    at detectChangesInComponent (node_modules/@angular/core/fesm2022/_debug_node-chunk.mjs:5615:5)
	    at detectChangesInChildComponents (node_modules/@angular/core/fesm2022/_debug_node-chunk.mjs:5663:5)
[1A[2KChrome Headless 127.0.6533.88 (Mac OS 10.15.7): Executed 115 of 180 (18 FAILED) (0 secs / 0.61 secs)
[1A[2KChrome Headless 127.0.6533.88 (Mac OS 10.15.7): Executed 116 of 180 (18 FAILED) (0 secs / 0.614 secs)
[1A[2KChrome Headless 127.0.6533.88 (Mac OS 10.15.7): Executed 117 of 180 (18 FAILED) (0 secs / 0.621 secs)
[1A[2KChrome Headless 127.0.6533.88 (Mac OS 10.15.7): Executed 118 of 180 (18 FAILED) (0 secs / 0.628 secs)
[1A[2KChrome Headless 127.0.6533.88 (Mac OS 10.15.7): Executed 119 of 180 (18 FAILED) (0 secs / 0.636 secs)
[1A[2KChrome Headless 127.0.6533.88 (Mac OS 10.15.7): Executed 120 of 180 (18 FAILED) (0 secs / 0.639 secs)
[1A[2KChrome Headless 127.0.6533.88 (Mac OS 10.15.7): Executed 121 of 180 (18 FAILED) (0 secs / 0.643 secs)
[1A[2KChrome Headless 127.0.6533.88 (Mac OS 10.15.7): Executed 122 of 180 (18 FAILED) (0 secs / 0.661 secs)
[1A[2KChrome Headless 127.0.6533.88 (Mac OS 10.15.7): Executed 123 of 180 (18 FAILED) (0 secs / 0.665 secs)
[1A[2KChrome Headless 127.0.6533.88 (Mac OS 10.15.7): Executed 124 of 180 (18 FAILED) (0 secs / 0.669 secs)
[1A[2KChrome Headless 127.0.6533.88 (Mac OS 10.15.7): Executed 125 of 180 (18 FAILED) (0 secs / 0.676 secs)
[1A[2KChrome Headless 127.0.6533.88 (Mac OS 10.15.7): Executed 126 of 180 (18 FAILED) (0 secs / 0.681 secs)
[1A[2KChrome Headless 127.0.6533.88 (Mac OS 10.15.7): Executed 127 of 180 (18 FAILED) (0 secs / 0.686 secs)
[1A[2KChrome Headless 127.0.6533.88 (Mac OS 10.15.7): Executed 128 of 180 (18 FAILED) (0 secs / 0.689 secs)
[1A[2KChrome Headless 127.0.6533.88 (Mac OS 10.15.7): Executed 129 of 180 (18 FAILED) (0 secs / 0.689 secs)
[1A[2KChrome Headless 127.0.6533.88 (Mac OS 10.15.7): Executed 130 of 180 (18 FAILED) (0 secs / 0.689 secs)
[1A[2KChrome Headless 127.0.6533.88 (Mac OS 10.15.7): Executed 131 of 180 (18 FAILED) (0 secs / 0.69 secs)
[1A[2KChrome Headless 127.0.6533.88 (Mac OS 10.15.7): Executed 132 of 180 (18 FAILED) (0 secs / 0.691 secs)
[1A[2KChrome Headless 127.0.6533.88 (Mac OS 10.15.7): Executed 133 of 180 (18 FAILED) (0 secs / 0.696 secs)
[1A[2KChrome Headless 127.0.6533.88 (Mac OS 10.15.7): Executed 134 of 180 (18 FAILED) (0 secs / 0.698 secs)
[1A[2KChrome Headless 127.0.6533.88 (Mac OS 10.15.7): Executed 135 of 180 (18 FAILED) (0 secs / 0.7 secs)
[1A[2KChrome Headless 127.0.6533.88 (Mac OS 10.15.7): Executed 136 of 180 (18 FAILED) (0 secs / 0.701 secs)
[1A[2KChrome Headless 127.0.6533.88 (Mac OS 10.15.7): Executed 137 of 180 (18 FAILED) (0 secs / 0.705 secs)
[1A[2KChrome Headless 127.0.6533.88 (Mac OS 10.15.7): Executed 138 of 180 (18 FAILED) (0 secs / 0.708 secs)
[1A[2KChrome Headless 127.0.6533.88 (Mac OS 10.15.7): Executed 139 of 180 (18 FAILED) (0 secs / 0.717 secs)
[1A[2KChrome Headless 127.0.6533.88 (Mac OS 10.15.7): Executed 140 of 180 (18 FAILED) (0 secs / 0.719 secs)
[1A[2KChrome Headless 127.0.6533.88 (Mac OS 10.15.7): Executed 141 of 180 (18 FAILED) (0 secs / 0.723 secs)
[1A[2KChrome Headless 127.0.6533.88 (Mac OS 10.15.7): Executed 142 of 180 (18 FAILED) (0 secs / 0.725 secs)
[1A[2KERROR: 'No active survey'
Chrome Headless 127.0.6533.88 (Mac OS 10.15.7): Executed 142 of 180 (18 FAILED) (0 secs / 0.725 secs)
ERROR: 'No active survey'
[1A[2KERROR: 'No active survey'
Chrome Headless 127.0.6533.88 (Mac OS 10.15.7): Executed 142 of 180 (18 FAILED) (0 secs / 0.725 secs)
ERROR: 'No active survey'
[1A[2KChrome Headless 127.0.6533.88 (Mac OS 10.15.7): Executed 143 of 180 (18 FAILED) (0 secs / 0.729 secs)
[1A[2KERROR: 'ERROR', Error: Error retrieving icon :point! Unable to find icon with the name ":point"
Error: Error retrieving icon :point! Unable to find icon with the name ":point"
    at Object.error (http://localhost:9876/_karma_webpack_/webpack:/node_modules/@angular/material/fesm2022/icon.mjs:227:40)
    at ConsumerObserver.error (http://localhost:9876/_karma_webpack_/webpack:/node_modules/rxjs/dist/esm/internal/Subscriber.js:102:33)
    at SafeSubscriber._error (http://localhost:9876/_karma_webpack_/webpack:/node_modules/rxjs/dist/esm/internal/Subscriber.js:64:30)
    at SafeSubscriber.error (http://localhost:9876/_karma_webpack_/webpack:/node_modules/rxjs/dist/esm/internal/Subscriber.js:40:18)
    at OperatorSubscriber._error (http://localhost:9876/_karma_webpack_/webpack:/node_modules/rxjs/dist/esm/internal/Subscriber.js:64:30)
    at OperatorSubscriber.error (http://localhost:9876/_karma_webpack_/webpack:/node_modules/rxjs/dist/esm/internal/Subscriber.js:40:18)
    at Observable._subscribe (http://localhost:9876/_karma_webpack_/webpack:/node_modules/rxjs/dist/esm/internal/observable/throwError.js:5:45)
    at Observable._trySubscribe (http://localhost:9876/_karma_webpack_/webpack:/node_modules/rxjs/dist/esm/internal/Observable.js:37:25)
    at cb (http://localhost:9876/_karma_webpack_/webpack:/node_modules/rxjs/dist/esm/internal/Observable.js:31:30)
    at errorContext (http://localhost:9876/_karma_webpack_/webpack:/node_modules/rxjs/dist/esm/internal/util/errorContext.js:19:9)
Chrome Headless 127.0.6533.88 (Mac OS 10.15.7): Executed 143 of 180 (18 FAILED) (0 secs / 0.729 secs)
ERROR: 'ERROR', Error: Error retrieving icon :point! Unable to find icon with the name ":point"
Error: Error retrieving icon :point! Unable to find icon with the name ":point"
    at Object.error (http://localhost:9876/_karma_webpack_/webpack:/node_modules/@angular/material/fesm2022/icon.mjs:227:40)
    at ConsumerObserver.error (http://localhost:9876/_karma_webpack_/webpack:/node_modules/rxjs/dist/esm/internal/Subscriber.js:102:33)
    at SafeSubscriber._error (http://localhost:9876/_karma_webpack_/webpack:/node_modules/rxjs/dist/esm/internal/Subscriber.js:64:30)
    at SafeSubscriber.error (http://localhost:9876/_karma_webpack_/webpack:/node_modules/rxjs/dist/esm/internal/Subscriber.js:40:18)
    at OperatorSubscriber._error (http://localhost:9876/_karma_webpack_/webpack:/node_modules/rxjs/dist/esm/internal/Subscriber.js:64:30)
    at OperatorSubscriber.error (http://localhost:9876/_karma_webpack_/webpack:/node_modules/rxjs/dist/esm/internal/Subscriber.js:40:18)
    at Observable._subscribe (http://localhost:9876/_karma_webpack_/webpack:/node_modules/rxjs/dist/esm/internal/observable/throwError.js:5:45)
    at Observable._trySubscribe (http://localhost:9876/_karma_webpack_/webpack:/node_modules/rxjs/dist/esm/internal/Observable.js:37:25)
    at cb (http://localhost:9876/_karma_webpack_/webpack:/node_modules/rxjs/dist/esm/internal/Observable.js:31:30)
    at errorContext (http://localhost:9876/_karma_webpack_/webpack:/node_modules/rxjs/dist/esm/internal/util/errorContext.js:19:9)
[1A[2KChrome Headless 127.0.6533.88 (Mac OS 10.15.7): Executed 144 of 180 (18 FAILED) (0 secs / 0.736 secs)
[1A[2KERROR: 'ERROR', Error: Error retrieving icon :point! Unable to find icon with the name ":point"
Error: Error retrieving icon :point! Unable to find icon with the name ":point"
    at Object.error (http://localhost:9876/_karma_webpack_/webpack:/node_modules/@angular/material/fesm2022/icon.mjs:227:40)
    at ConsumerObserver.error (http://localhost:9876/_karma_webpack_/webpack:/node_modules/rxjs/dist/esm/internal/Subscriber.js:102:33)
    at SafeSubscriber._error (http://localhost:9876/_karma_webpack_/webpack:/node_modules/rxjs/dist/esm/internal/Subscriber.js:64:30)
    at SafeSubscriber.error (http://localhost:9876/_karma_webpack_/webpack:/node_modules/rxjs/dist/esm/internal/Subscriber.js:40:18)
    at OperatorSubscriber._error (http://localhost:9876/_karma_webpack_/webpack:/node_modules/rxjs/dist/esm/internal/Subscriber.js:64:30)
    at OperatorSubscriber.error (http://localhost:9876/_karma_webpack_/webpack:/node_modules/rxjs/dist/esm/internal/Subscriber.js:40:18)
    at Observable._subscribe (http://localhost:9876/_karma_webpack_/webpack:/node_modules/rxjs/dist/esm/internal/observable/throwError.js:5:45)
    at Observable._trySubscribe (http://localhost:9876/_karma_webpack_/webpack:/node_modules/rxjs/dist/esm/internal/Observable.js:37:25)
    at cb (http://localhost:9876/_karma_webpack_/webpack:/node_modules/rxjs/dist/esm/internal/Observable.js:31:30)
    at errorContext (http://localhost:9876/_karma_webpack_/webpack:/node_modules/rxjs/dist/esm/internal/util/errorContext.js:19:9)
Chrome Headless 127.0.6533.88 (Mac OS 10.15.7): Executed 144 of 180 (18 FAILED) (0 secs / 0.736 secs)
ERROR: 'ERROR', Error: Error retrieving icon :point! Unable to find icon with the name ":point"
Error: Error retrieving icon :point! Unable to find icon with the name ":point"
    at Object.error (http://localhost:9876/_karma_webpack_/webpack:/node_modules/@angular/material/fesm2022/icon.mjs:227:40)
    at ConsumerObserver.error (http://localhost:9876/_karma_webpack_/webpack:/node_modules/rxjs/dist/esm/internal/Subscriber.js:102:33)
    at SafeSubscriber._error (http://localhost:9876/_karma_webpack_/webpack:/node_modules/rxjs/dist/esm/internal/Subscriber.js:64:30)
    at SafeSubscriber.error (http://localhost:9876/_karma_webpack_/webpack:/node_modules/rxjs/dist/esm/internal/Subscriber.js:40:18)
    at OperatorSubscriber._error (http://localhost:9876/_karma_webpack_/webpack:/node_modules/rxjs/dist/esm/internal/Subscriber.js:64:30)
    at OperatorSubscriber.error (http://localhost:9876/_karma_webpack_/webpack:/node_modules/rxjs/dist/esm/internal/Subscriber.js:40:18)
    at Observable._subscribe (http://localhost:9876/_karma_webpack_/webpack:/node_modules/rxjs/dist/esm/internal/observable/throwError.js:5:45)
    at Observable._trySubscribe (http://localhost:9876/_karma_webpack_/webpack:/node_modules/rxjs/dist/esm/internal/Observable.js:37:25)
    at cb (http://localhost:9876/_karma_webpack_/webpack:/node_modules/rxjs/dist/esm/internal/Observable.js:31:30)
    at errorContext (http://localhost:9876/_karma_webpack_/webpack:/node_modules/rxjs/dist/esm/internal/util/errorContext.js:19:9)
[1A[2KChrome Headless 127.0.6533.88 (Mac OS 10.15.7): Executed 145 of 180 (18 FAILED) (0 secs / 0.739 secs)
[1A[2KERROR: 'ERROR', Error: Error retrieving icon :point! Unable to find icon with the name ":point"
Error: Error retrieving icon :point! Unable to find icon with the name ":point"
    at Object.error (http://localhost:9876/_karma_webpack_/webpack:/node_modules/@angular/material/fesm2022/icon.mjs:227:40)
    at ConsumerObserver.error (http://localhost:9876/_karma_webpack_/webpack:/node_modules/rxjs/dist/esm/internal/Subscriber.js:102:33)
    at SafeSubscriber._error (http://localhost:9876/_karma_webpack_/webpack:/node_modules/rxjs/dist/esm/internal/Subscriber.js:64:30)
    at SafeSubscriber.error (http://localhost:9876/_karma_webpack_/webpack:/node_modules/rxjs/dist/esm/internal/Subscriber.js:40:18)
    at OperatorSubscriber._error (http://localhost:9876/_karma_webpack_/webpack:/node_modules/rxjs/dist/esm/internal/Subscriber.js:64:30)
    at OperatorSubscriber.error (http://localhost:9876/_karma_webpack_/webpack:/node_modules/rxjs/dist/esm/internal/Subscriber.js:40:18)
    at Observable._subscribe (http://localhost:9876/_karma_webpack_/webpack:/node_modules/rxjs/dist/esm/internal/observable/throwError.js:5:45)
    at Observable._trySubscribe (http://localhost:9876/_karma_webpack_/webpack:/node_modules/rxjs/dist/esm/internal/Observable.js:37:25)
    at cb (http://localhost:9876/_karma_webpack_/webpack:/node_modules/rxjs/dist/esm/internal/Observable.js:31:30)
    at errorContext (http://localhost:9876/_karma_webpack_/webpack:/node_modules/rxjs/dist/esm/internal/util/errorContext.js:19:9)
Chrome Headless 127.0.6533.88 (Mac OS 10.15.7): Executed 145 of 180 (18 FAILED) (0 secs / 0.739 secs)
ERROR: 'ERROR', Error: Error retrieving icon :point! Unable to find icon with the name ":point"
Error: Error retrieving icon :point! Unable to find icon with the name ":point"
    at Object.error (http://localhost:9876/_karma_webpack_/webpack:/node_modules/@angular/material/fesm2022/icon.mjs:227:40)
    at ConsumerObserver.error (http://localhost:9876/_karma_webpack_/webpack:/node_modules/rxjs/dist/esm/internal/Subscriber.js:102:33)
    at SafeSubscriber._error (http://localhost:9876/_karma_webpack_/webpack:/node_modules/rxjs/dist/esm/internal/Subscriber.js:64:30)
    at SafeSubscriber.error (http://localhost:9876/_karma_webpack_/webpack:/node_modules/rxjs/dist/esm/internal/Subscriber.js:40:18)
    at OperatorSubscriber._error (http://localhost:9876/_karma_webpack_/webpack:/node_modules/rxjs/dist/esm/internal/Subscriber.js:64:30)
    at OperatorSubscriber.error (http://localhost:9876/_karma_webpack_/webpack:/node_modules/rxjs/dist/esm/internal/Subscriber.js:40:18)
    at Observable._subscribe (http://localhost:9876/_karma_webpack_/webpack:/node_modules/rxjs/dist/esm/internal/observable/throwError.js:5:45)
    at Observable._trySubscribe (http://localhost:9876/_karma_webpack_/webpack:/node_modules/rxjs/dist/esm/internal/Observable.js:37:25)
    at cb (http://localhost:9876/_karma_webpack_/webpack:/node_modules/rxjs/dist/esm/internal/Observable.js:31:30)
    at errorContext (http://localhost:9876/_karma_webpack_/webpack:/node_modules/rxjs/dist/esm/internal/util/errorContext.js:19:9)
[1A[2KChrome Headless 127.0.6533.88 (Mac OS 10.15.7): Executed 146 of 180 (18 FAILED) (0 secs / 0.741 secs)
[1A[2KChrome Headless 127.0.6533.88 (Mac OS 10.15.7): Executed 147 of 180 (18 FAILED) (0 secs / 0.745 secs)
[1A[2KChrome Headless 127.0.6533.88 (Mac OS 10.15.7): Executed 148 of 180 (18 FAILED) (0 secs / 0.748 secs)
[1A[2KChrome Headless 127.0.6533.88 (Mac OS 10.15.7): Executed 149 of 180 (18 FAILED) (0 secs / 0.749 secs)
[1A[2KChrome Headless 127.0.6533.88 (Mac OS 10.15.7): Executed 150 of 180 (18 FAILED) (0 secs / 0.754 secs)
[1A[2KChrome Headless 127.0.6533.88 (Mac OS 10.15.7): Executed 151 of 180 (18 FAILED) (0 secs / 0.759 secs)
[1A[2KChrome Headless 127.0.6533.88 (Mac OS 10.15.7): Executed 152 of 180 (18 FAILED) (0 secs / 0.761 secs)
[1A[2KChrome Headless 127.0.6533.88 (Mac OS 10.15.7): Executed 153 of 180 (18 FAILED) (0 secs / 0.763 secs)
[1A[2KChrome Headless 127.0.6533.88 (Mac OS 10.15.7): Executed 154 of 180 (18 FAILED) (0 secs / 0.764 secs)
[1A[2KChrome Headless 127.0.6533.88 (Mac OS 10.15.7): Executed 155 of 180 (18 FAILED) (0 secs / 0.768 secs)
[1A[2KChrome Headless 127.0.6533.88 (Mac OS 10.15.7): Executed 156 of 180 (18 FAILED) (0 secs / 0.774 secs)
[1A[2KChrome Headless 127.0.6533.88 (Mac OS 10.15.7): Executed 157 of 180 (18 FAILED) (0 secs / 0.774 secs)
[1A[2KChrome Headless 127.0.6533.88 (Mac OS 10.15.7): Executed 158 of 180 (18 FAILED) (0 secs / 0.782 secs)
[1A[2KChrome Headless 127.0.6533.88 (Mac OS 10.15.7): Executed 159 of 180 (18 FAILED) (0 secs / 0.784 secs)
[1A[2KChrome Headless 127.0.6533.88 (Mac OS 10.15.7): Executed 160 of 180 (18 FAILED) (0 secs / 0.785 secs)
[1A[2KChrome Headless 127.0.6533.88 (Mac OS 10.15.7): Executed 161 of 180 (18 FAILED) (0 secs / 0.785 secs)
[1A[2KChrome Headless 127.0.6533.88 (Mac OS 10.15.7): Executed 162 of 180 (18 FAILED) (0 secs / 0.785 secs)
[1A[2KChrome Headless 127.0.6533.88 (Mac OS 10.15.7): Executed 163 of 180 (18 FAILED) (0 secs / 0.785 secs)
[1A[2KChrome Headless 127.0.6533.88 (Mac OS 10.15.7): Executed 164 of 180 (18 FAILED) (0 secs / 0.785 secs)
[1A[2KChrome Headless 127.0.6533.88 (Mac OS 10.15.7): Executed 165 of 180 (18 FAILED) (0 secs / 0.785 secs)
[1A[2KChrome Headless 127.0.6533.88 (Mac OS 10.15.7): Executed 166 of 180 (18 FAILED) (0 secs / 0.786 secs)
[1A[2KChrome Headless 127.0.6533.88 (Mac OS 10.15.7): Executed 167 of 180 (18 FAILED) (0 secs / 0.786 secs)
[1A[2KChrome Headless 127.0.6533.88 (Mac OS 10.15.7): Executed 168 of 180 (18 FAILED) (0 secs / 0.786 secs)
[1A[2KChrome Headless 127.0.6533.88 (Mac OS 10.15.7): Executed 169 of 180 (18 FAILED) (0 secs / 0.79 secs)
[1A[2KChrome Headless 127.0.6533.88 (Mac OS 10.15.7): Executed 170 of 180 (18 FAILED) (0 secs / 0.798 secs)
[1A[2KChrome Headless 127.0.6533.88 (Mac OS 10.15.7): Executed 171 of 180 (18 FAILED) (0 secs / 0.802 secs)
[1A[2KChrome Headless 127.0.6533.88 (Mac OS 10.15.7): Executed 172 of 180 (18 FAILED) (0 secs / 0.803 secs)
[1A[2KChrome Headless 127.0.6533.88 (Mac OS 10.15.7): Executed 173 of 180 (18 FAILED) (0 secs / 0.804 secs)
[1A[2KChrome Headless 127.0.6533.88 (Mac OS 10.15.7): Executed 174 of 180 (18 FAILED) (0 secs / 0.815 secs)
[1A[2KChrome Headless 127.0.6533.88 (Mac OS 10.15.7): Executed 175 of 180 (18 FAILED) (0 secs / 0.816 secs)
[1A[2KChrome Headless 127.0.6533.88 (Mac OS 10.15.7): Executed 176 of 180 (18 FAILED) (0 secs / 0.816 secs)
[1A[2KChrome Headless 127.0.6533.88 (Mac OS 10.15.7): Executed 177 of 180 (18 FAILED) (0 secs / 0.816 secs)
[1A[2KChrome Headless 127.0.6533.88 (Mac OS 10.15.7): Executed 178 of 180 (18 FAILED) (0 secs / 0.817 secs)
[1A[2KChrome Headless 127.0.6533.88 (Mac OS 10.15.7): Executed 179 of 180 (18 FAILED) (0 secs / 0.817 secs)
[1A[2KChrome Headless 127.0.6533.88 (Mac OS 10.15.7): Executed 180 of 180 (18 FAILED) (0 secs / 0.818 secs)
[1A[2KChrome Headless 127.0.6533.88 (Mac OS 10.15.7): Executed 180 of 180 (18 FAILED) (0.984 secs / 0.818 secs)
TOTAL: 18 FAILED, 162 SUCCESS
TOTAL: 18 FAILED, 162 SUCCESS
âœ” Browser application bundle generation complete.
âœ” Browser application bundle generation complete.
node:net:2323
        cb(new ERR_SERVER_NOT_RUNNING());
           ^

Error [ERR_SERVER_NOT_RUNNING]: Server is not running.
    at Server.close (node:net:2323:12)
    at Object.onceWrapper (node:events:638:28)
    at Server.emit (node:events:536:35)
    at Server.emit (node:domain:489:12)
    at emitCloseNT (node:net:2383:8)
    at process.processTicksAndRejections (node:internal/process/task_queues:89:21) {
  code: 'ERR_SERVER_NOT_RUNNING'
}

Node.js v22.12.0
