{"total": {"lines":{"total":1802,"covered":1097,"skipped":0,"pct":60.88},"statements":{"total":1915,"covered":1195,"skipped":0,"pct":62.4},"functions":{"total":542,"covered":223,"skipped":0,"pct":41.14},"branches":{"total":901,"covered":229,"skipped":0,"pct":25.42}}
,"/Users/daoyu/Projects/ground-platform/web-ng/src/polyfills.ts": {"lines":{"total":1,"covered":1,"skipped":0,"pct":100},"functions":{"total":0,"covered":0,"skipped":0,"pct":100},"statements":{"total":1,"covered":1,"skipped":0,"pct":100},"branches":{"total":0,"covered":0,"skipped":0,"pct":100}}
,"/Users/daoyu/Projects/ground-platform/web-ng/src/test.ts": {"lines":{"total":6,"covered":6,"skipped":0,"pct":100},"functions":{"total":0,"covered":0,"skipped":0,"pct":100},"statements":{"total":6,"covered":6,"skipped":0,"pct":100},"branches":{"total":0,"covered":0,"skipped":0,"pct":100}}
,"/Users/daoyu/Projects/ground-platform/web-ng/src/app/app.component.ts": {"lines":{"total":13,"covered":7,"skipped":0,"pct":53.85},"functions":{"total":2,"covered":1,"skipped":0,"pct":50},"statements":{"total":15,"covered":9,"skipped":0,"pct":60},"branches":{"total":2,"covered":1,"skipped":0,"pct":50}}
,"/Users/daoyu/Projects/ground-platform/web-ng/src/app/components/color-picker/color-picker.component.ts": {"lines":{"total":22,"covered":10,"skipped":0,"pct":45.45},"functions":{"total":6,"covered":2,"skipped":0,"pct":33.33},"statements":{"total":24,"covered":12,"skipped":0,"pct":50},"branches":{"total":2,"covered":1,"skipped":0,"pct":50}}
,"/Users/daoyu/Projects/ground-platform/web-ng/src/app/components/confirmation-dialog/confirmation-dialog.component.ts": {"lines":{"total":11,"covered":9,"skipped":0,"pct":81.82},"functions":{"total":3,"covered":1,"skipped":0,"pct":33.33},"statements":{"total":13,"covered":11,"skipped":0,"pct":84.62},"branches":{"total":0,"covered":0,"skipped":0,"pct":100}}
,"/Users/daoyu/Projects/ground-platform/web-ng/src/app/components/drawing-tools/drawing-tools.component.ts": {"lines":{"total":65,"covered":60,"skipped":0,"pct":92.31},"functions":{"total":14,"covered":14,"skipped":0,"pct":100},"statements":{"total":67,"covered":62,"skipped":0,"pct":92.54},"branches":{"total":14,"covered":9,"skipped":0,"pct":64.29}}
,"/Users/daoyu/Projects/ground-platform/web-ng/src/app/components/drawing-tools/drawing-tools.module.ts": {"lines":{"total":10,"covered":10,"skipped":0,"pct":100},"functions":{"total":0,"covered":0,"skipped":0,"pct":100},"statements":{"total":12,"covered":12,"skipped":0,"pct":100},"branches":{"total":0,"covered":0,"skipped":0,"pct":100}}
,"/Users/daoyu/Projects/ground-platform/web-ng/src/app/components/edit-style-button/edit-style-button.component.ts": {"lines":{"total":19,"covered":13,"skipped":0,"pct":68.42},"functions":{"total":5,"covered":2,"skipped":0,"pct":40},"statements":{"total":21,"covered":15,"skipped":0,"pct":71.43},"branches":{"total":0,"covered":0,"skipped":0,"pct":100}}
,"/Users/daoyu/Projects/ground-platform/web-ng/src/app/components/edit-style-button/edit-style-button.module.ts": {"lines":{"total":6,"covered":6,"skipped":0,"pct":100},"functions":{"total":0,"covered":0,"skipped":0,"pct":100},"statements":{"total":8,"covered":8,"skipped":0,"pct":100},"branches":{"total":0,"covered":0,"skipped":0,"pct":100}}
,"/Users/daoyu/Projects/ground-platform/web-ng/src/app/components/feature-list/feature-list.component.ts": {"lines":{"total":2,"covered":2,"skipped":0,"pct":100},"functions":{"total":2,"covered":2,"skipped":0,"pct":100},"statements":{"total":4,"covered":4,"skipped":0,"pct":100},"branches":{"total":0,"covered":0,"skipped":0,"pct":100}}
,"/Users/daoyu/Projects/ground-platform/web-ng/src/app/components/feature-panel/feature-panel.component.ts": {"lines":{"total":52,"covered":32,"skipped":0,"pct":61.54},"functions":{"total":23,"covered":9,"skipped":0,"pct":39.13},"statements":{"total":54,"covered":34,"skipped":0,"pct":62.96},"branches":{"total":40,"covered":4,"skipped":0,"pct":10}}
,"/Users/daoyu/Projects/ground-platform/web-ng/src/app/components/feature-panel-header/feature-panel-header.component.ts": {"lines":{"total":63,"covered":40,"skipped":0,"pct":63.49},"functions":{"total":16,"covered":8,"skipped":0,"pct":50},"statements":{"total":65,"covered":42,"skipped":0,"pct":64.62},"branches":{"total":30,"covered":9,"skipped":0,"pct":30}}
,"/Users/daoyu/Projects/ground-platform/web-ng/src/app/components/form-field-editor/form-field-editor.component.ts": {"lines":{"total":90,"covered":37,"skipped":0,"pct":41.11},"functions":{"total":28,"covered":11,"skipped":0,"pct":39.29},"statements":{"total":95,"covered":39,"skipped":0,"pct":41.05},"branches":{"total":95,"covered":19,"skipped":0,"pct":20}}
,"/Users/daoyu/Projects/ground-platform/web-ng/src/app/components/form-field-editor/form-field-editor.module.ts": {"lines":{"total":14,"covered":14,"skipped":0,"pct":100},"functions":{"total":0,"covered":0,"skipped":0,"pct":100},"statements":{"total":16,"covered":16,"skipped":0,"pct":100},"branches":{"total":0,"covered":0,"skipped":0,"pct":100}}
,"/Users/daoyu/Projects/ground-platform/web-ng/src/app/components/header-layout/header-layout.component.ts": {"lines":{"total":5,"covered":4,"skipped":0,"pct":80},"functions":{"total":3,"covered":2,"skipped":0,"pct":66.67},"statements":{"total":7,"covered":6,"skipped":0,"pct":85.71},"branches":{"total":0,"covered":0,"skipped":0,"pct":100}}
,"/Users/daoyu/Projects/ground-platform/web-ng/src/app/components/import-dialog/import-dialog.component.ts": {"lines":{"total":30,"covered":18,"skipped":0,"pct":60},"functions":{"total":3,"covered":1,"skipped":0,"pct":33.33},"statements":{"total":32,"covered":20,"skipped":0,"pct":62.5},"branches":{"total":8,"covered":0,"skipped":0,"pct":0}}
,"/Users/daoyu/Projects/ground-platform/web-ng/src/app/components/inline-editor/inline-editor.component.ts": {"lines":{"total":12,"covered":5,"skipped":0,"pct":41.67},"functions":{"total":3,"covered":1,"skipped":0,"pct":33.33},"statements":{"total":14,"covered":7,"skipped":0,"pct":50},"branches":{"total":3,"covered":0,"skipped":0,"pct":0}}
,"/Users/daoyu/Projects/ground-platform/web-ng/src/app/components/inline-editor/inline-editor.module.ts": {"lines":{"total":5,"covered":5,"skipped":0,"pct":100},"functions":{"total":0,"covered":0,"skipped":0,"pct":100},"statements":{"total":7,"covered":7,"skipped":0,"pct":100},"branches":{"total":0,"covered":0,"skipped":0,"pct":100}}
,"/Users/daoyu/Projects/ground-platform/web-ng/src/app/components/layer-dialog/layer-dialog.component.ts": {"lines":{"total":122,"covered":44,"skipped":0,"pct":36.07},"functions":{"total":28,"covered":7,"skipped":0,"pct":25},"statements":{"total":124,"covered":46,"skipped":0,"pct":37.1},"branches":{"total":130,"covered":23,"skipped":0,"pct":17.69}}
,"/Users/daoyu/Projects/ground-platform/web-ng/src/app/components/layer-list/layer-list.component.ts": {"lines":{"total":12,"covered":11,"skipped":0,"pct":91.67},"functions":{"total":4,"covered":3,"skipped":0,"pct":75},"statements":{"total":15,"covered":14,"skipped":0,"pct":93.33},"branches":{"total":0,"covered":0,"skipped":0,"pct":100}}
,"/Users/daoyu/Projects/ground-platform/web-ng/src/app/components/layer-list-item/layer-list-item.component.ts": {"lines":{"total":49,"covered":34,"skipped":0,"pct":69.39},"functions":{"total":16,"covered":8,"skipped":0,"pct":50},"statements":{"total":51,"covered":36,"skipped":0,"pct":70.59},"branches":{"total":44,"covered":12,"skipped":0,"pct":27.27}}
,"/Users/daoyu/Projects/ground-platform/web-ng/src/app/components/layer-list-item/layer-list-item.module.ts": {"lines":{"total":11,"covered":11,"skipped":0,"pct":100},"functions":{"total":0,"covered":0,"skipped":0,"pct":100},"statements":{"total":13,"covered":13,"skipped":0,"pct":100},"branches":{"total":0,"covered":0,"skipped":0,"pct":100}}
,"/Users/daoyu/Projects/ground-platform/web-ng/src/app/components/main-page/main-page.component.ts": {"lines":{"total":41,"covered":28,"skipped":0,"pct":68.29},"functions":{"total":13,"covered":3,"skipped":0,"pct":23.08},"statements":{"total":43,"covered":30,"skipped":0,"pct":69.77},"branches":{"total":18,"covered":0,"skipped":0,"pct":0}}
,"/Users/daoyu/Projects/ground-platform/web-ng/src/app/components/main-page-container/main-page-container.component.ts": {"lines":{"total":14,"covered":13,"skipped":0,"pct":92.86},"functions":{"total":4,"covered":3,"skipped":0,"pct":75},"statements":{"total":16,"covered":15,"skipped":0,"pct":93.75},"branches":{"total":2,"covered":0,"skipped":0,"pct":0}}
,"/Users/daoyu/Projects/ground-platform/web-ng/src/app/components/map/ground-pin.ts": {"lines":{"total":7,"covered":7,"skipped":0,"pct":100},"functions":{"total":2,"covered":2,"skipped":0,"pct":100},"statements":{"total":7,"covered":7,"skipped":0,"pct":100},"branches":{"total":2,"covered":2,"skipped":0,"pct":100}}
,"/Users/daoyu/Projects/ground-platform/web-ng/src/app/components/map/map.component.ts": {"lines":{"total":198,"covered":189,"skipped":0,"pct":95.45},"functions":{"total":46,"covered":45,"skipped":0,"pct":97.83},"statements":{"total":202,"covered":193,"skipped":0,"pct":95.54},"branches":{"total":88,"covered":70,"skipped":0,"pct":79.55}}
,"/Users/daoyu/Projects/ground-platform/web-ng/src/app/components/observation-form/observation-form.component.ts": {"lines":{"total":103,"covered":59,"skipped":0,"pct":57.28},"functions":{"total":29,"covered":12,"skipped":0,"pct":41.38},"statements":{"total":105,"covered":61,"skipped":0,"pct":58.1},"branches":{"total":108,"covered":26,"skipped":0,"pct":24.07}}
,"/Users/daoyu/Projects/ground-platform/web-ng/src/app/components/option-editor/option-editor.component.ts": {"lines":{"total":15,"covered":9,"skipped":0,"pct":60},"functions":{"total":9,"covered":3,"skipped":0,"pct":33.33},"statements":{"total":17,"covered":11,"skipped":0,"pct":64.71},"branches":{"total":0,"covered":0,"skipped":0,"pct":100}}
,"/Users/daoyu/Projects/ground-platform/web-ng/src/app/components/option-editor/option-editor.module.ts": {"lines":{"total":11,"covered":11,"skipped":0,"pct":100},"functions":{"total":0,"covered":0,"skipped":0,"pct":100},"statements":{"total":13,"covered":13,"skipped":0,"pct":100},"branches":{"total":0,"covered":0,"skipped":0,"pct":100}}
,"/Users/daoyu/Projects/ground-platform/web-ng/src/app/components/project-header/project-header.component.ts": {"lines":{"total":27,"covered":19,"skipped":0,"pct":70.37},"functions":{"total":8,"covered":3,"skipped":0,"pct":37.5},"statements":{"total":30,"covered":21,"skipped":0,"pct":70},"branches":{"total":4,"covered":0,"skipped":0,"pct":0}}
,"/Users/daoyu/Projects/ground-platform/web-ng/src/app/components/project-list/project-list.component.ts": {"lines":{"total":21,"covered":17,"skipped":0,"pct":80.95},"functions":{"total":7,"covered":4,"skipped":0,"pct":57.14},"statements":{"total":23,"covered":19,"skipped":0,"pct":82.61},"branches":{"total":4,"covered":3,"skipped":0,"pct":75}}
,"/Users/daoyu/Projects/ground-platform/web-ng/src/app/components/select-feature-dialog/select-feature-dialog.component.ts": {"lines":{"total":6,"covered":3,"skipped":0,"pct":50},"functions":{"total":2,"covered":0,"skipped":0,"pct":0},"statements":{"total":8,"covered":5,"skipped":0,"pct":62.5},"branches":{"total":0,"covered":0,"skipped":0,"pct":100}}
,"/Users/daoyu/Projects/ground-platform/web-ng/src/app/components/share-dialog/share-dialog.component.ts": {"lines":{"total":48,"covered":26,"skipped":0,"pct":54.17},"functions":{"total":16,"covered":6,"skipped":0,"pct":37.5},"statements":{"total":53,"covered":28,"skipped":0,"pct":52.83},"branches":{"total":22,"covered":6,"skipped":0,"pct":27.27}}
,"/Users/daoyu/Projects/ground-platform/web-ng/src/app/components/sign-in-page/sign-in-page.component.ts": {"lines":{"total":15,"covered":12,"skipped":0,"pct":80},"functions":{"total":7,"covered":4,"skipped":0,"pct":57.14},"statements":{"total":17,"covered":14,"skipped":0,"pct":82.35},"branches":{"total":0,"covered":0,"skipped":0,"pct":100}}
,"/Users/daoyu/Projects/ground-platform/web-ng/src/app/components/title-dialog/title-dialog.component.ts": {"lines":{"total":15,"covered":10,"skipped":0,"pct":66.67},"functions":{"total":2,"covered":1,"skipped":0,"pct":50},"statements":{"total":17,"covered":12,"skipped":0,"pct":70.59},"branches":{"total":4,"covered":0,"skipped":0,"pct":0}}
,"/Users/daoyu/Projects/ground-platform/web-ng/src/app/components/user-avatar/user-avatar.component.ts": {"lines":{"total":2,"covered":2,"skipped":0,"pct":100},"functions":{"total":2,"covered":2,"skipped":0,"pct":100},"statements":{"total":4,"covered":4,"skipped":0,"pct":100},"branches":{"total":0,"covered":0,"skipped":0,"pct":100}}
,"/Users/daoyu/Projects/ground-platform/web-ng/src/app/components/user-profile-popup/user-profile-popup.component.ts": {"lines":{"total":16,"covered":10,"skipped":0,"pct":62.5},"functions":{"total":3,"covered":2,"skipped":0,"pct":66.67},"statements":{"total":18,"covered":12,"skipped":0,"pct":66.67},"branches":{"total":2,"covered":1,"skipped":0,"pct":50}}
,"/Users/daoyu/Projects/ground-platform/web-ng/src/app/services/loading-state.model.ts": {"lines":{"total":3,"covered":3,"skipped":0,"pct":100},"functions":{"total":1,"covered":1,"skipped":0,"pct":100},"statements":{"total":3,"covered":3,"skipped":0,"pct":100},"branches":{"total":2,"covered":2,"skipped":0,"pct":100}}
,"/Users/daoyu/Projects/ground-platform/web-ng/src/app/services/auth/auth.service.ts": {"lines":{"total":36,"covered":20,"skipped":0,"pct":55.56},"functions":{"total":15,"covered":4,"skipped":0,"pct":26.67},"statements":{"total":41,"covered":22,"skipped":0,"pct":53.66},"branches":{"total":23,"covered":1,"skipped":0,"pct":4.35}}
,"/Users/daoyu/Projects/ground-platform/web-ng/src/app/services/data-import/data-import.service.ts": {"lines":{"total":17,"covered":7,"skipped":0,"pct":41.18},"functions":{"total":2,"covered":1,"skipped":0,"pct":50},"statements":{"total":19,"covered":9,"skipped":0,"pct":47.37},"branches":{"total":4,"covered":0,"skipped":0,"pct":0}}
,"/Users/daoyu/Projects/ground-platform/web-ng/src/app/services/data-store/data-store.service.ts": {"lines":{"total":64,"covered":10,"skipped":0,"pct":15.63},"functions":{"total":44,"covered":1,"skipped":0,"pct":2.27},"statements":{"total":69,"covered":12,"skipped":0,"pct":17.39},"branches":{"total":0,"covered":0,"skipped":0,"pct":100}}
,"/Users/daoyu/Projects/ground-platform/web-ng/src/app/services/dialog/dialog.service.ts": {"lines":{"total":6,"covered":5,"skipped":0,"pct":83.33},"functions":{"total":2,"covered":1,"skipped":0,"pct":50},"statements":{"total":8,"covered":7,"skipped":0,"pct":87.5},"branches":{"total":1,"covered":0,"skipped":0,"pct":0}}
,"/Users/daoyu/Projects/ground-platform/web-ng/src/app/services/drawing-tools/drawing-tools.service.ts": {"lines":{"total":15,"covered":7,"skipped":0,"pct":46.67},"functions":{"total":7,"covered":1,"skipped":0,"pct":14.29},"statements":{"total":17,"covered":9,"skipped":0,"pct":52.94},"branches":{"total":2,"covered":2,"skipped":0,"pct":100}}
,"/Users/daoyu/Projects/ground-platform/web-ng/src/app/services/feature/feature.service.ts": {"lines":{"total":32,"covered":15,"skipped":0,"pct":46.88},"functions":{"total":11,"covered":2,"skipped":0,"pct":18.18},"statements":{"total":34,"covered":17,"skipped":0,"pct":50},"branches":{"total":8,"covered":0,"skipped":0,"pct":0}}
,"/Users/daoyu/Projects/ground-platform/web-ng/src/app/services/layer/layer.service.ts": {"lines":{"total":43,"covered":17,"skipped":0,"pct":39.53},"functions":{"total":13,"covered":3,"skipped":0,"pct":23.08},"statements":{"total":45,"covered":19,"skipped":0,"pct":42.22},"branches":{"total":35,"covered":0,"skipped":0,"pct":0}}
,"/Users/daoyu/Projects/ground-platform/web-ng/src/app/services/navigation/navigation.service.ts": {"lines":{"total":78,"covered":22,"skipped":0,"pct":28.21},"functions":{"total":30,"covered":2,"skipped":0,"pct":6.67},"statements":{"total":80,"covered":24,"skipped":0,"pct":30},"branches":{"total":14,"covered":2,"skipped":0,"pct":14.29}}
,"/Users/daoyu/Projects/ground-platform/web-ng/src/app/services/notification/notification.service.ts": {"lines":{"total":9,"covered":5,"skipped":0,"pct":55.56},"functions":{"total":3,"covered":1,"skipped":0,"pct":33.33},"statements":{"total":11,"covered":7,"skipped":0,"pct":63.64},"branches":{"total":0,"covered":0,"skipped":0,"pct":100}}
,"/Users/daoyu/Projects/ground-platform/web-ng/src/app/services/observation/observation.service.ts": {"lines":{"total":39,"covered":18,"skipped":0,"pct":46.15},"functions":{"total":12,"covered":1,"skipped":0,"pct":8.33},"statements":{"total":41,"covered":20,"skipped":0,"pct":48.78},"branches":{"total":10,"covered":0,"skipped":0,"pct":0}}
,"/Users/daoyu/Projects/ground-platform/web-ng/src/app/services/project/project.service.ts": {"lines":{"total":44,"covered":21,"skipped":0,"pct":47.73},"functions":{"total":15,"covered":3,"skipped":0,"pct":20},"statements":{"total":48,"covered":23,"skipped":0,"pct":47.92},"branches":{"total":14,"covered":1,"skipped":0,"pct":7.14}}
,"/Users/daoyu/Projects/ground-platform/web-ng/src/app/shared/converters/firebase-data-converter.ts": {"lines":{"total":131,"covered":42,"skipped":0,"pct":32.06},"functions":{"total":48,"covered":14,"skipped":0,"pct":29.17},"statements":{"total":131,"covered":42,"skipped":0,"pct":32.06},"branches":{"total":139,"covered":21,"skipped":0,"pct":15.11}}
,"/Users/daoyu/Projects/ground-platform/web-ng/src/app/shared/models/acl-entry.model.ts": {"lines":{"total":5,"covered":4,"skipped":0,"pct":80},"functions":{"total":2,"covered":1,"skipped":0,"pct":50},"statements":{"total":6,"covered":5,"skipped":0,"pct":83.33},"branches":{"total":0,"covered":0,"skipped":0,"pct":100}}
,"/Users/daoyu/Projects/ground-platform/web-ng/src/app/shared/models/audit-info.model.ts": {"lines":{"total":4,"covered":4,"skipped":0,"pct":100},"functions":{"total":1,"covered":1,"skipped":0,"pct":100},"statements":{"total":4,"covered":4,"skipped":0,"pct":100},"branches":{"total":0,"covered":0,"skipped":0,"pct":100}}
,"/Users/daoyu/Projects/ground-platform/web-ng/src/app/shared/models/feature.model.ts": {"lines":{"total":15,"covered":15,"skipped":0,"pct":100},"functions":{"total":3,"covered":3,"skipped":0,"pct":100},"statements":{"total":15,"covered":15,"skipped":0,"pct":100},"branches":{"total":0,"covered":0,"skipped":0,"pct":100}}
,"/Users/daoyu/Projects/ground-platform/web-ng/src/app/shared/models/layer.model.ts": {"lines":{"total":9,"covered":7,"skipped":0,"pct":77.78},"functions":{"total":3,"covered":1,"skipped":0,"pct":33.33},"statements":{"total":9,"covered":7,"skipped":0,"pct":77.78},"branches":{"total":4,"covered":0,"skipped":0,"pct":0}}
,"/Users/daoyu/Projects/ground-platform/web-ng/src/app/shared/models/project.model.ts": {"lines":{"total":11,"covered":10,"skipped":0,"pct":90.91},"functions":{"total":3,"covered":2,"skipped":0,"pct":66.67},"statements":{"total":11,"covered":10,"skipped":0,"pct":90.91},"branches":{"total":5,"covered":0,"skipped":0,"pct":0}}
,"/Users/daoyu/Projects/ground-platform/web-ng/src/app/shared/models/role.model.ts": {"lines":{"total":5,"covered":5,"skipped":0,"pct":100},"functions":{"total":1,"covered":1,"skipped":0,"pct":100},"statements":{"total":5,"covered":5,"skipped":0,"pct":100},"branches":{"total":2,"covered":2,"skipped":0,"pct":100}}
,"/Users/daoyu/Projects/ground-platform/web-ng/src/app/shared/models/string-map.model.ts": {"lines":{"total":2,"covered":2,"skipped":0,"pct":100},"functions":{"total":1,"covered":1,"skipped":0,"pct":100},"statements":{"total":3,"covered":3,"skipped":0,"pct":100},"branches":{"total":0,"covered":0,"skipped":0,"pct":100}}
,"/Users/daoyu/Projects/ground-platform/web-ng/src/app/shared/models/user.model.ts": {"lines":{"total":6,"covered":1,"skipped":0,"pct":16.67},"functions":{"total":1,"covered":0,"skipped":0,"pct":0},"statements":{"total":6,"covered":1,"skipped":0,"pct":16.67},"branches":{"total":0,"covered":0,"skipped":0,"pct":100}}
,"/Users/daoyu/Projects/ground-platform/web-ng/src/app/shared/models/form/field.model.ts": {"lines":{"total":22,"covered":19,"skipped":0,"pct":86.36},"functions":{"total":4,"covered":4,"skipped":0,"pct":100},"statements":{"total":23,"covered":20,"skipped":0,"pct":86.96},"branches":{"total":8,"covered":5,"skipped":0,"pct":62.5}}
,"/Users/daoyu/Projects/ground-platform/web-ng/src/app/shared/models/form/form.model.ts": {"lines":{"total":6,"covered":5,"skipped":0,"pct":83.33},"functions":{"total":2,"covered":2,"skipped":0,"pct":100},"statements":{"total":7,"covered":6,"skipped":0,"pct":85.71},"branches":{"total":2,"covered":1,"skipped":0,"pct":50}}
,"/Users/daoyu/Projects/ground-platform/web-ng/src/app/shared/models/form/multiple-choice.model.ts": {"lines":{"total":7,"covered":7,"skipped":0,"pct":100},"functions":{"total":3,"covered":3,"skipped":0,"pct":100},"statements":{"total":8,"covered":8,"skipped":0,"pct":100},"branches":{"total":2,"covered":2,"skipped":0,"pct":100}}
,"/Users/daoyu/Projects/ground-platform/web-ng/src/app/shared/models/form/option.model.ts": {"lines":{"total":6,"covered":5,"skipped":0,"pct":83.33},"functions":{"total":2,"covered":1,"skipped":0,"pct":50},"statements":{"total":6,"covered":5,"skipped":0,"pct":83.33},"branches":{"total":0,"covered":0,"skipped":0,"pct":100}}
,"/Users/daoyu/Projects/ground-platform/web-ng/src/app/shared/models/observation/observation.model.ts": {"lines":{"total":9,"covered":8,"skipped":0,"pct":88.89},"functions":{"total":2,"covered":1,"skipped":0,"pct":50},"statements":{"total":9,"covered":8,"skipped":0,"pct":88.89},"branches":{"total":0,"covered":0,"skipped":0,"pct":100}}
,"/Users/daoyu/Projects/ground-platform/web-ng/src/app/shared/models/observation/response.model.ts": {"lines":{"total":2,"covered":2,"skipped":0,"pct":100},"functions":{"total":1,"covered":1,"skipped":0,"pct":100},"statements":{"total":2,"covered":2,"skipped":0,"pct":100},"branches":{"total":0,"covered":0,"skipped":0,"pct":100}}
,"/Users/daoyu/Projects/ground-platform/web-ng/src/environments/environment-enums.ts": {"lines":{"total":4,"covered":4,"skipped":0,"pct":100},"functions":{"total":1,"covered":1,"skipped":0,"pct":100},"statements":{"total":4,"covered":4,"skipped":0,"pct":100},"branches":{"total":2,"covered":2,"skipped":0,"pct":100}}
,"/Users/daoyu/Projects/ground-platform/web-ng/src/environments/environment.ts": {"lines":{"total":2,"covered":2,"skipped":0,"pct":100},"functions":{"total":0,"covered":0,"skipped":0,"pct":100},"statements":{"total":2,"covered":2,"skipped":0,"pct":100},"branches":{"total":0,"covered":0,"skipped":0,"pct":100}}
,"/Users/daoyu/Projects/ground-platform/web-ng/src/testing/activated-route-stub.ts": {"lines":{"total":11,"covered":11,"skipped":0,"pct":100},"functions":{"total":3,"covered":3,"skipped":0,"pct":100},"statements":{"total":11,"covered":11,"skipped":0,"pct":100},"branches":{"total":2,"covered":2,"skipped":0,"pct":100}}
}
