TN:
SF:src/polyfills.ts
FNF:0
FNH:0
DA:74,1
LF:1
LH:1
BRF:0
BRH:0
end_of_record
TN:
SF:src/test.ts
FNF:0
FNH:0
DA:19,1
DA:20,1
DA:21,1
DA:29,1
DA:34,1
DA:36,1
LF:6
LH:6
BRF:0
BRH:0
end_of_record
TN:
SF:src/app/app.component.ts
FN:32,(anonymous_1)
FN:38,(anonymous_2)
FNF:2
FNH:1
FNDA:1,(anonymous_1)
FNDA:0,(anonymous_2)
DA:17,1
DA:18,1
DA:19,1
DA:20,1
DA:31,1
DA:32,1
DA:33,1
DA:34,0
DA:39,0
DA:40,0
DA:41,0
DA:42,0
DA:43,0
LF:13
LH:7
BRDA:33,0,0,0
BRDA:33,0,1,1
BRF:2
BRH:1
end_of_record
TN:
SF:src/app/components/color-picker/color-picker.component.ts
FN:43,(anonymous_1)
FN:52,(anonymous_2)
FN:68,(anonymous_3)
FN:72,(anonymous_4)
FN:76,(anonymous_5)
FN:80,(anonymous_6)
FNF:6
FNH:2
FNDA:1,(anonymous_1)
FNDA:1,(anonymous_2)
FNDA:0,(anonymous_3)
FNDA:0,(anonymous_4)
FNDA:0,(anonymous_5)
FNDA:0,(anonymous_6)
DA:17,1
DA:25,1
DA:26,1
DA:35,1
DA:41,1
DA:44,1
DA:48,1
DA:49,1
DA:53,1
DA:54,1
DA:56,0
DA:57,0
DA:58,0
DA:62,0
DA:63,0
DA:64,0
DA:65,0
DA:69,0
DA:73,0
DA:77,0
DA:81,0
DA:82,0
LF:22
LH:10
BRDA:53,0,0,1
BRDA:53,0,1,0
BRF:2
BRH:1
end_of_record
TN:
SF:src/app/components/confirmation-dialog/confirmation-dialog.component.ts
FN:30,(anonymous_1)
FN:39,(anonymous_2)
FN:43,(anonymous_3)
FNF:3
FNH:1
FNDA:1,(anonymous_1)
FNDA:0,(anonymous_2)
FNDA:0,(anonymous_3)
DA:17,1
DA:18,1
DA:25,1
DA:28,1
DA:31,1
DA:32,1
DA:34,1
DA:35,1
DA:36,1
DA:40,0
DA:44,0
LF:11
LH:9
BRF:0
BRH:0
end_of_record
TN:
SF:src/app/components/drawing-tools/drawing-tools.component.ts
FN:68,(anonymous_1)
FN:78,(anonymous_2)
FN:83,(anonymous_3)
FN:88,(anonymous_4)
FN:90,(anonymous_5)
FN:91,(anonymous_6)
FN:98,(anonymous_7)
FN:102,(anonymous_8)
FN:106,(anonymous_9)
FN:110,(anonymous_10)
FN:122,(anonymous_11)
FN:128,(anonymous_12)
FN:132,(anonymous_13)
FN:136,(anonymous_14)
FNF:14
FNH:14
FNDA:16,(anonymous_1)
FNDA:17,(anonymous_2)
FNDA:21,(anonymous_3)
FNDA:21,(anonymous_4)
FNDA:42,(anonymous_5)
FNDA:42,(anonymous_6)
FNDA:16,(anonymous_7)
FNDA:22,(anonymous_8)
FNDA:16,(anonymous_9)
FNDA:3,(anonymous_10)
FNDA:14,(anonymous_11)
FNDA:1,(anonymous_12)
FNDA:1,(anonymous_13)
FNDA:22,(anonymous_14)
DA:17,1
DA:24,1
DA:28,1
DA:29,1
DA:30,1
DA:32,1
DA:33,1
DA:34,1
DA:35,1
DA:36,1
DA:37,1
DA:46,1
DA:47,16
DA:48,16
DA:49,16
DA:50,16
DA:51,16
DA:52,16
DA:56,16
DA:57,16
DA:60,16
DA:61,16
DA:64,16
DA:69,16
DA:70,16
DA:71,16
DA:72,16
DA:76,16
DA:78,17
DA:79,16
DA:81,16
DA:82,16
DA:84,21
DA:85,21
DA:86,21
DA:89,21
DA:90,42
DA:92,42
DA:99,16
DA:102,22
DA:107,16
DA:111,3
DA:112,1
DA:113,1
DA:114,2
DA:115,2
DA:116,0
DA:117,0
DA:119,3
DA:123,14
DA:129,1
DA:133,1
DA:137,22
DA:139,5
DA:140,5
DA:141,5
DA:143,0
DA:144,0
DA:145,0
DA:148,17
DA:149,17
DA:150,17
DA:151,17
DA:153,22
DA:154,22
LF:65
LH:60
BRDA:111,0,0,1
BRDA:111,0,1,2
BRDA:114,1,0,2
BRDA:114,1,1,0
BRDA:116,2,0,0
BRDA:116,2,1,0
BRDA:124,3,0,0
BRDA:124,3,1,14
BRDA:124,4,0,14
BRDA:124,4,1,14
BRDA:138,5,0,5
BRDA:138,5,1,0
BRDA:138,5,2,17
BRDA:138,5,3,17
BRF:14
BRH:9
end_of_record
TN:
SF:src/app/components/drawing-tools/drawing-tools.module.ts
FNF:0
FNH:0
DA:17,1
DA:18,1
DA:19,1
DA:20,1
DA:21,1
DA:22,1
DA:23,1
DA:24,1
DA:25,1
DA:40,1
LF:10
LH:10
BRF:0
BRH:0
end_of_record
TN:
SF:src/app/components/edit-style-button/edit-style-button.component.ts
FN:39,(anonymous_1)
FN:49,(anonymous_2)
FN:55,(anonymous_3)
FN:61,(anonymous_4)
FN:74,(anonymous_6)
FNF:5
FNH:2
FNDA:2,(anonymous_1)
FNDA:2,(anonymous_2)
FNDA:0,(anonymous_3)
FNDA:0,(anonymous_4)
FNDA:0,(anonymous_6)
DA:17,1
DA:25,1
DA:26,1
DA:27,1
DA:28,1
DA:34,1
DA:35,2
DA:36,2
DA:41,2
DA:42,2
DA:44,2
DA:50,2
DA:56,0
DA:57,0
DA:62,0
DA:63,0
DA:64,0
DA:71,1
DA:75,0
LF:19
LH:13
BRF:0
BRH:0
end_of_record
TN:
SF:src/app/components/edit-style-button/edit-style-button.module.ts
FNF:0
FNH:0
DA:17,1
DA:18,1
DA:19,1
DA:20,1
DA:21,1
DA:28,1
LF:6
LH:6
BRF:0
BRH:0
end_of_record
TN:
SF:src/app/components/feature-list/feature-list.component.ts
FN:25,(anonymous_1)
FN:27,(anonymous_2)
FNF:2
FNH:2
FNDA:1,(anonymous_1)
FNDA:1,(anonymous_2)
DA:17,1
DA:24,1
LF:2
LH:2
BRF:0
BRH:0
end_of_record
TN:
SF:src/app/components/feature-panel/feature-panel.component.ts
FN:47,(anonymous_1)
FN:61,(anonymous_2)
FN:65,(anonymous_3)
FN:75,(anonymous_4)
FN:78,(anonymous_5)
FN:79,(anonymous_6)
FN:80,(anonymous_7)
FN:95,(anonymous_8)
FN:99,(anonymous_9)
FN:102,(anonymous_10)
FN:105,(anonymous_11)
FN:110,(anonymous_12)
FN:112,(anonymous_13)
FN:118,(anonymous_14)
FN:124,(anonymous_15)
FN:128,(anonymous_16)
FN:135,(anonymous_17)
FN:142,(anonymous_18)
FN:154,(anonymous_19)
FN:161,(anonymous_20)
FN:172,(anonymous_21)
FN:173,(anonymous_22)
FN:178,(anonymous_23)
FNF:23
FNH:9
FNDA:1,(anonymous_1)
FNDA:2,(anonymous_2)
FNDA:2,(anonymous_3)
FNDA:1,(anonymous_4)
FNDA:1,(anonymous_5)
FNDA:0,(anonymous_6)
FNDA:0,(anonymous_7)
FNDA:0,(anonymous_8)
FNDA:0,(anonymous_9)
FNDA:0,(anonymous_10)
FNDA:0,(anonymous_11)
FNDA:1,(anonymous_12)
FNDA:1,(anonymous_13)
FNDA:1,(anonymous_14)
FNDA:0,(anonymous_15)
FNDA:0,(anonymous_16)
FNDA:0,(anonymous_17)
FNDA:0,(anonymous_18)
FNDA:0,(anonymous_19)
FNDA:0,(anonymous_20)
FNDA:0,(anonymous_21)
FNDA:0,(anonymous_22)
FNDA:1,(anonymous_23)
DA:18,1
DA:19,1
DA:20,1
DA:21,1
DA:22,1
DA:23,1
DA:24,1
DA:26,1
DA:27,1
DA:28,1
DA:29,1
DA:37,1
DA:42,1
DA:43,1
DA:48,1
DA:52,1
DA:53,1
DA:54,1
DA:57,1
DA:58,1
DA:62,2
DA:66,2
DA:71,1
DA:75,1
DA:77,1
DA:78,1
DA:79,1
DA:80,0
DA:81,0
DA:85,0
DA:96,0
DA:100,0
DA:103,0
DA:106,0
DA:111,1
DA:113,1
DA:117,1
DA:119,1
DA:125,0
DA:129,0
DA:136,0
DA:143,0
DA:147,0
DA:155,0
DA:156,0
DA:162,0
DA:163,0
DA:165,0
DA:169,0
DA:173,0
DA:174,0
DA:179,1
LF:52
LH:32
BRDA:81,0,0,0
BRDA:81,0,1,0
BRDA:82,1,0,0
BRDA:82,1,1,0
BRDA:83,2,0,0
BRDA:83,2,1,0
BRDA:83,3,0,0
BRDA:83,3,1,0
BRDA:83,4,0,0
BRDA:83,4,1,0
BRDA:83,5,0,0
BRDA:83,5,1,0
BRDA:87,6,0,0
BRDA:87,6,1,0
BRDA:87,7,0,0
BRDA:87,7,1,0
BRDA:87,8,0,0
BRDA:87,8,1,0
BRDA:87,9,0,0
BRDA:87,9,1,0
BRDA:113,10,0,1
BRDA:113,10,1,1
BRDA:119,11,0,1
BRDA:119,11,1,1
BRDA:125,12,0,0
BRDA:125,12,1,0
BRDA:125,13,0,0
BRDA:125,13,1,0
BRDA:125,14,0,0
BRDA:125,14,1,0
BRDA:125,15,0,0
BRDA:125,15,1,0
BRDA:125,16,0,0
BRDA:125,16,1,0
BRDA:155,17,0,0
BRDA:155,17,1,0
BRDA:162,18,0,0
BRDA:162,18,1,0
BRDA:162,19,0,0
BRDA:162,19,1,0
BRF:40
BRH:4
end_of_record
TN:
SF:src/app/components/feature-panel-header/feature-panel-header.component.ts
FN:57,(anonymous_1)
FN:69,(anonymous_2)
FN:80,(anonymous_3)
FN:85,(anonymous_4)
FN:90,(anonymous_5)
FN:96,(anonymous_6)
FN:102,(anonymous_7)
FN:106,(anonymous_8)
FN:115,(anonymous_9)
FN:122,(anonymous_10)
FN:130,(anonymous_11)
FN:132,(anonymous_12)
FN:137,(anonymous_13)
FN:151,(anonymous_14)
FN:165,(anonymous_15)
FN:170,(anonymous_17)
FNF:16
FNH:8
FNDA:1,(anonymous_1)
FNDA:0,(anonymous_2)
FNDA:1,(anonymous_3)
FNDA:1,(anonymous_4)
FNDA:1,(anonymous_5)
FNDA:0,(anonymous_6)
FNDA:0,(anonymous_7)
FNDA:0,(anonymous_8)
FNDA:0,(anonymous_9)
FNDA:0,(anonymous_10)
FNDA:0,(anonymous_11)
FNDA:0,(anonymous_12)
FNDA:2,(anonymous_13)
FNDA:4,(anonymous_14)
FNDA:1,(anonymous_15)
FNDA:1,(anonymous_17)
DA:17,1
DA:26,1
DA:27,1
DA:28,1
DA:29,1
DA:30,1
DA:31,1
DA:32,1
DA:36,1
DA:43,1
DA:50,1
DA:51,1
DA:53,1
DA:54,1
DA:58,1
DA:59,1
DA:60,1
DA:61,1
DA:62,1
DA:63,1
DA:66,1
DA:67,1
DA:68,1
DA:70,0
DA:71,0
DA:72,0
DA:73,0
DA:75,0
DA:81,1
DA:84,1
DA:86,1
DA:89,1
DA:91,1
DA:97,0
DA:103,0
DA:107,0
DA:116,0
DA:117,0
DA:123,0
DA:124,0
DA:126,0
DA:127,0
DA:132,0
DA:133,0
DA:138,2
DA:139,2
DA:140,0
DA:143,2
DA:144,2
DA:145,2
DA:146,0
DA:148,2
DA:152,4
DA:153,4
DA:155,0
DA:156,0
DA:157,0
DA:158,0
DA:162,0
DA:166,1
DA:170,1
DA:171,1
DA:172,1
LF:63
LH:40
BRDA:70,0,0,0
BRDA:70,0,1,0
BRDA:72,1,0,0
BRDA:72,1,1,0
BRDA:82,2,0,1
BRDA:82,2,1,0
BRDA:82,3,0,1
BRDA:82,3,1,1
BRDA:98,4,0,0
BRDA:98,4,1,0
BRDA:98,5,0,0
BRDA:98,5,1,0
BRDA:116,6,0,0
BRDA:116,6,1,0
BRDA:123,7,0,0
BRDA:123,7,1,0
BRDA:123,8,0,0
BRDA:123,8,1,0
BRDA:139,9,0,0
BRDA:139,9,1,2
BRDA:143,10,0,0
BRDA:143,10,1,2
BRDA:145,11,0,0
BRDA:145,11,1,2
BRDA:152,12,0,4
BRDA:152,12,1,0
BRDA:157,13,0,0
BRDA:157,13,1,0
BRDA:170,14,0,1
BRDA:170,14,1,1
BRF:30
BRH:9
end_of_record
TN:
SF:src/app/components/form-field-editor/form-field-editor.component.ts
FN:107,(anonymous_1)
FN:91,(anonymous_2)
FN:97,(anonymous_3)
FN:162,(anonymous_4)
FN:166,(anonymous_5)
FN:174,(anonymous_6)
FN:177,(anonymous_7)
FN:191,(anonymous_8)
FN:203,(anonymous_9)
FN:205,(anonymous_10)
FN:221,(anonymous_11)
FN:225,(anonymous_12)
FN:235,(anonymous_13)
FN:257,(anonymous_14)
FN:268,(anonymous_15)
FN:278,(anonymous_16)
FN:287,(anonymous_17)
FN:297,(anonymous_18)
FN:309,(anonymous_19)
FN:315,(anonymous_20)
FN:329,(anonymous_21)
FN:338,(anonymous_22)
FN:345,(anonymous_23)
FN:349,(anonymous_24)
FN:353,(anonymous_25)
FN:357,(anonymous_26)
FN:358,(anonymous_27)
FN:363,(anonymous_28)
FNF:28
FNH:11
FNDA:2,(anonymous_1)
FNDA:0,(anonymous_2)
FNDA:0,(anonymous_3)
FNDA:7,(anonymous_4)
FNDA:7,(anonymous_5)
FNDA:2,(anonymous_6)
FNDA:0,(anonymous_7)
FNDA:1,(anonymous_8)
FNDA:1,(anonymous_9)
FNDA:1,(anonymous_10)
FNDA:0,(anonymous_11)
FNDA:8,(anonymous_12)
FNDA:0,(anonymous_13)
FNDA:0,(anonymous_14)
FNDA:0,(anonymous_15)
FNDA:0,(anonymous_16)
FNDA:0,(anonymous_17)
FNDA:0,(anonymous_18)
FNDA:0,(anonymous_19)
FNDA:0,(anonymous_20)
FNDA:0,(anonymous_21)
FNDA:0,(anonymous_22)
FNDA:4,(anonymous_23)
FNDA:2,(anonymous_24)
FNDA:0,(anonymous_25)
FNDA:1,(anonymous_26)
FNDA:0,(anonymous_27)
FNDA:0,(anonymous_28)
DA:17,1
DA:33,1
DA:41,1
DA:42,1
DA:43,1
DA:45,1
DA:46,1
DA:51,1
DA:52,1
DA:53,1
DA:67,1
DA:74,2
DA:75,2
DA:85,2
DA:92,0
DA:93,0
DA:98,0
DA:99,0
DA:101,0
DA:108,2
DA:109,2
DA:110,2
DA:111,2
DA:113,2
DA:114,2
DA:115,2
DA:154,2
DA:163,7
DA:167,7
DA:176,2
DA:178,0
DA:192,1
DA:193,1
DA:195,1
DA:200,1
DA:204,1
DA:206,1
DA:210,1
DA:211,0
DA:213,1
DA:222,0
DA:226,8
DA:236,0
DA:237,0
DA:238,0
DA:239,0
DA:244,0
DA:245,0
DA:246,0
DA:247,0
DA:250,0
DA:258,0
DA:269,0
DA:274,0
DA:275,0
DA:279,0
DA:288,0
DA:289,0
DA:290,0
DA:291,0
DA:292,0
DA:298,0
DA:299,0
DA:304,0
DA:305,0
DA:306,0
DA:310,0
DA:311,0
DA:312,0
DA:317,0
DA:320,0
DA:321,0
DA:330,0
DA:331,0
DA:332,0
DA:333,0
DA:335,0
DA:336,0
DA:338,0
DA:339,0
DA:342,0
DA:346,4
DA:350,2
DA:354,0
DA:358,1
DA:359,0
DA:364,0
DA:365,0
DA:366,0
DA:367,0
LF:90
LH:37
BRDA:98,0,0,0
BRDA:98,0,1,0
BRDA:163,1,0,3
BRDA:163,1,1,4
BRDA:168,2,0,7
BRDA:168,2,1,3
BRDA:168,2,2,3
BRDA:168,3,0,4
BRDA:168,3,1,3
BRDA:168,4,0,7
BRDA:168,4,1,7
BRDA:192,5,0,1
BRDA:192,5,1,0
BRDA:206,6,0,1
BRDA:206,6,1,1
BRDA:206,6,2,0
BRDA:210,7,0,0
BRDA:210,7,1,1
BRDA:226,8,0,0
BRDA:226,8,1,8
BRDA:226,9,0,8
BRDA:226,9,1,8
BRDA:238,10,0,0
BRDA:238,10,1,0
BRDA:238,11,0,0
BRDA:238,11,1,0
BRDA:238,12,0,0
BRDA:238,12,1,0
BRDA:238,13,0,0
BRDA:238,13,1,0
BRDA:245,14,0,0
BRDA:245,14,1,0
BRDA:246,15,0,0
BRDA:246,15,1,0
BRDA:246,16,0,0
BRDA:246,16,1,0
BRDA:246,17,0,0
BRDA:246,17,1,0
BRDA:246,18,0,0
BRDA:246,18,1,0
BRDA:246,19,0,0
BRDA:246,19,1,0
BRDA:288,20,0,0
BRDA:288,20,1,0
BRDA:289,21,0,0
BRDA:289,21,1,0
BRDA:289,22,0,0
BRDA:289,22,1,0
BRDA:290,23,0,0
BRDA:290,23,1,0
BRDA:298,24,0,0
BRDA:298,24,1,0
BRDA:298,25,0,0
BRDA:298,25,1,0
BRDA:298,26,0,0
BRDA:298,26,1,0
BRDA:310,27,0,0
BRDA:310,27,1,0
BRDA:310,28,0,0
BRDA:310,28,1,0
BRDA:310,29,0,0
BRDA:310,29,1,0
BRDA:311,30,0,0
BRDA:311,30,1,0
BRDA:311,31,0,0
BRDA:311,31,1,0
BRDA:317,32,0,0
BRDA:317,32,1,0
BRDA:317,32,2,0
BRDA:317,33,0,0
BRDA:317,33,1,0
BRDA:317,34,0,0
BRDA:317,34,1,0
BRDA:330,35,0,0
BRDA:330,35,1,0
BRDA:333,36,0,0
BRDA:333,36,1,0
BRDA:358,37,0,1
BRDA:358,37,1,0
BRDA:358,38,0,1
BRDA:358,38,1,1
BRDA:365,39,0,0
BRDA:365,39,1,0
BRDA:365,40,0,0
BRDA:365,40,1,0
BRDA:365,41,0,0
BRDA:365,41,1,0
BRDA:367,42,0,0
BRDA:367,42,1,0
BRDA:367,43,0,0
BRDA:367,43,1,0
BRDA:367,44,0,0
BRDA:367,44,1,0
BRDA:367,45,0,0
BRDA:367,45,1,0
BRF:95
BRH:19
end_of_record
TN:
SF:src/app/components/form-field-editor/form-field-editor.module.ts
FNF:0
FNH:0
DA:17,1
DA:18,1
DA:19,1
DA:20,1
DA:21,1
DA:22,1
DA:23,1
DA:24,1
DA:25,1
DA:26,1
DA:27,1
DA:28,1
DA:29,1
DA:49,1
LF:14
LH:14
BRF:0
BRH:0
end_of_record
TN:
SF:src/app/components/header-layout/header-layout.component.ts
FN:26,(anonymous_1)
FN:28,(anonymous_2)
FN:30,(anonymous_3)
FNF:3
FNH:2
FNDA:1,(anonymous_1)
FNDA:1,(anonymous_2)
FNDA:0,(anonymous_3)
DA:17,1
DA:18,1
DA:25,1
DA:26,1
DA:31,0
LF:5
LH:4
BRF:0
BRH:0
end_of_record
TN:
SF:src/app/components/import-dialog/import-dialog.component.ts
FN:36,(anonymous_1)
FN:52,(anonymous_2)
FN:72,(anonymous_3)
FNF:3
FNH:1
FNDA:1,(anonymous_1)
FNDA:0,(anonymous_2)
FNDA:0,(anonymous_3)
DA:17,1
DA:18,1
DA:19,1
DA:20,1
DA:21,1
DA:28,1
DA:31,1
DA:33,1
DA:34,1
DA:38,1
DA:39,1
DA:40,1
DA:41,1
DA:42,1
DA:43,1
DA:45,1
DA:46,1
DA:47,1
DA:53,0
DA:54,0
DA:55,0
DA:56,0
DA:58,0
DA:59,0
DA:60,0
DA:65,0
DA:69,0
DA:71,0
DA:72,0
DA:73,0
LF:30
LH:18
BRDA:53,0,0,0
BRDA:53,0,1,0
BRDA:53,1,0,0
BRDA:53,1,1,0
BRDA:54,2,0,0
BRDA:54,2,1,0
BRDA:54,3,0,0
BRDA:54,3,1,0
BRF:8
BRH:0
end_of_record
TN:
SF:src/app/components/inline-editor/inline-editor.component.ts
FN:39,(anonymous_1)
FN:41,(anonymous_2)
FN:45,(anonymous_3)
FNF:3
FNH:1
FNDA:2,(anonymous_1)
FNDA:0,(anonymous_2)
FNDA:0,(anonymous_3)
DA:17,1
DA:31,1
DA:32,2
DA:33,2
DA:34,2
DA:42,0
DA:46,0
DA:48,0
DA:49,0
DA:51,0
DA:52,0
DA:53,0
LF:12
LH:5
BRDA:47,0,0,0
BRDA:47,0,1,0
BRDA:47,0,2,0
BRF:3
BRH:0
end_of_record
TN:
SF:src/app/components/inline-editor/inline-editor.module.ts
FNF:0
FNH:0
DA:17,1
DA:18,1
DA:19,1
DA:20,1
DA:27,1
LF:5
LH:5
BRF:0
BRH:0
end_of_record
TN:
SF:src/app/components/layer-dialog/layer-dialog.component.ts
FN:63,(anonymous_1)
FN:82,(anonymous_2)
FN:89,(anonymous_3)
FN:111,(anonymous_4)
FN:119,(anonymous_5)
FN:126,(anonymous_6)
FN:146,(anonymous_7)
FN:153,(anonymous_8)
FN:191,(anonymous_9)
FN:205,(anonymous_10)
FN:209,(anonymous_11)
FN:210,(anonymous_12)
FN:216,(anonymous_13)
FN:228,(anonymous_14)
FN:235,(anonymous_15)
FN:247,(anonymous_16)
FN:260,(anonymous_17)
FN:264,(anonymous_18)
FN:273,(anonymous_19)
FN:277,(anonymous_20)
FN:281,(anonymous_21)
FN:282,(anonymous_22)
FN:288,(anonymous_23)
FN:289,(anonymous_24)
FN:294,(anonymous_25)
FN:302,(anonymous_26)
FN:316,(anonymous_27)
FN:328,(anonymous_28)
FNF:28
FNH:7
FNDA:1,(anonymous_1)
FNDA:0,(anonymous_2)
FNDA:1,(anonymous_3)
FNDA:0,(anonymous_4)
FNDA:0,(anonymous_5)
FNDA:1,(anonymous_6)
FNDA:0,(anonymous_7)
FNDA:0,(anonymous_8)
FNDA:0,(anonymous_9)
FNDA:0,(anonymous_10)
FNDA:0,(anonymous_11)
FNDA:0,(anonymous_12)
FNDA:0,(anonymous_13)
FNDA:0,(anonymous_14)
FNDA:0,(anonymous_15)
FNDA:0,(anonymous_16)
FNDA:1,(anonymous_17)
FNDA:0,(anonymous_18)
FNDA:1,(anonymous_19)
FNDA:0,(anonymous_20)
FNDA:1,(anonymous_21)
FNDA:0,(anonymous_22)
FNDA:0,(anonymous_23)
FNDA:0,(anonymous_24)
FNDA:1,(anonymous_25)
FNDA:0,(anonymous_26)
FNDA:0,(anonymous_27)
FNDA:0,(anonymous_28)
DA:17,1
DA:25,1
DA:26,1
DA:27,1
DA:29,1
DA:30,1
DA:31,1
DA:32,1
DA:35,1
DA:36,1
DA:37,1
DA:47,1
DA:52,1
DA:53,1
DA:60,1
DA:61,1
DA:70,1
DA:71,1
DA:72,1
DA:73,1
DA:74,1
DA:76,1
DA:77,1
DA:79,1
DA:80,1
DA:81,1
DA:82,1
DA:83,0
DA:84,0
DA:90,1
DA:99,1
DA:100,1
DA:101,1
DA:112,0
DA:120,0
DA:121,0
DA:127,1
DA:128,0
DA:130,1
DA:131,1
DA:132,1
DA:133,1
DA:134,1
DA:135,1
DA:136,1
DA:137,1
DA:139,0
DA:141,0
DA:143,0
DA:144,0
DA:145,0
DA:146,0
DA:149,0
DA:154,0
DA:155,0
DA:158,0
DA:159,0
DA:162,0
DA:164,0
DA:165,0
DA:166,0
DA:169,0
DA:170,0
DA:171,0
DA:172,0
DA:173,0
DA:174,0
DA:176,0
DA:177,0
DA:179,0
DA:188,0
DA:194,0
DA:195,0
DA:197,0
DA:198,0
DA:199,0
DA:202,0
DA:207,0
DA:209,0
DA:211,0
DA:212,0
DA:217,0
DA:218,0
DA:219,0
DA:221,0
DA:229,0
DA:230,0
DA:236,0
DA:248,0
DA:249,0
DA:257,0
DA:261,1
DA:265,0
DA:266,0
DA:267,0
DA:269,0
DA:270,0
DA:274,1
DA:278,0
DA:282,1
DA:283,0
DA:284,0
DA:289,0
DA:290,0
DA:295,1
DA:296,0
DA:297,0
DA:298,0
DA:305,0
DA:306,0
DA:308,0
DA:309,0
DA:310,0
DA:313,0
DA:317,0
DA:318,0
DA:320,0
DA:321,0
DA:322,0
DA:325,0
DA:329,0
DA:331,0
LF:122
LH:44
BRDA:83,0,0,0
BRDA:83,0,1,0
BRDA:120,1,0,0
BRDA:120,1,1,0
BRDA:127,2,0,0
BRDA:127,2,1,1
BRDA:127,3,0,1
BRDA:127,3,1,0
BRDA:132,4,0,1
BRDA:132,4,1,1
BRDA:132,5,0,1
BRDA:132,5,1,0
BRDA:132,6,0,1
BRDA:132,6,1,1
BRDA:132,7,0,1
BRDA:132,7,1,0
BRDA:132,8,0,1
BRDA:132,8,1,1
BRDA:133,9,0,1
BRDA:133,9,1,1
BRDA:133,10,0,1
BRDA:133,10,1,0
BRDA:133,11,0,1
BRDA:133,11,1,1
BRDA:134,12,0,1
BRDA:134,12,1,0
BRDA:140,13,0,0
BRDA:140,13,1,0
BRDA:140,14,0,0
BRDA:140,14,1,0
BRDA:140,15,0,0
BRDA:140,15,1,0
BRDA:140,16,0,0
BRDA:140,16,1,0
BRDA:140,17,0,0
BRDA:140,17,1,0
BRDA:142,18,0,0
BRDA:142,18,1,0
BRDA:142,19,0,0
BRDA:142,19,1,0
BRDA:142,20,0,0
BRDA:142,20,1,0
BRDA:142,21,0,0
BRDA:142,21,1,0
BRDA:142,22,0,0
BRDA:142,22,1,0
BRDA:144,23,0,0
BRDA:144,23,1,0
BRDA:146,24,0,0
BRDA:146,24,1,0
BRDA:146,25,0,0
BRDA:146,25,1,0
BRDA:146,26,0,0
BRDA:146,26,1,0
BRDA:154,27,0,0
BRDA:154,27,1,0
BRDA:158,28,0,0
BRDA:158,28,1,0
BRDA:165,29,0,0
BRDA:165,29,1,0
BRDA:165,30,0,0
BRDA:165,30,1,0
BRDA:170,31,0,0
BRDA:170,31,1,0
BRDA:170,32,0,0
BRDA:170,32,1,0
BRDA:173,33,0,0
BRDA:173,33,1,0
BRDA:176,34,0,0
BRDA:176,34,1,0
BRDA:180,35,0,0
BRDA:180,35,1,0
BRDA:180,36,0,0
BRDA:180,36,1,0
BRDA:180,37,0,0
BRDA:180,37,1,0
BRDA:181,38,0,0
BRDA:181,38,1,0
BRDA:181,39,0,0
BRDA:181,39,1,0
BRDA:181,40,0,0
BRDA:181,40,1,0
BRDA:194,41,0,0
BRDA:194,41,1,0
BRDA:198,42,0,0
BRDA:198,42,1,0
BRDA:217,43,0,0
BRDA:217,43,1,0
BRDA:229,44,0,0
BRDA:229,44,1,0
BRDA:248,45,0,0
BRDA:248,45,1,0
BRDA:248,46,0,0
BRDA:248,46,1,0
BRDA:250,47,0,0
BRDA:250,47,1,0
BRDA:266,48,0,0
BRDA:266,48,1,0
BRDA:282,49,0,1
BRDA:282,49,1,0
BRDA:282,50,0,1
BRDA:282,50,1,1
BRDA:289,51,0,0
BRDA:289,51,1,0
BRDA:289,52,0,0
BRDA:289,52,1,0
BRDA:295,53,0,0
BRDA:295,53,1,1
BRDA:295,54,0,1
BRDA:295,54,1,0
BRDA:295,55,0,1
BRDA:295,55,1,1
BRDA:298,56,0,0
BRDA:298,56,1,0
BRDA:298,57,0,0
BRDA:298,57,1,0
BRDA:298,58,0,0
BRDA:298,58,1,0
BRDA:298,59,0,0
BRDA:298,59,1,0
BRDA:305,60,0,0
BRDA:305,60,1,0
BRDA:309,61,0,0
BRDA:309,61,1,0
BRDA:317,62,0,0
BRDA:317,62,1,0
BRDA:321,63,0,0
BRDA:321,63,1,0
BRDA:321,64,0,0
BRDA:321,64,1,0
BRF:130
BRH:23
end_of_record
TN:
SF:src/app/components/layer-list/layer-list.component.ts
FN:34,(anonymous_1)
FN:43,(anonymous_2)
FN:44,(anonymous_3)
FN:49,(anonymous_4)
FNF:4
FNH:3
FNDA:1,(anonymous_1)
FNDA:1,(anonymous_2)
FNDA:1,(anonymous_3)
FNDA:0,(anonymous_4)
DA:17,1
DA:18,1
DA:20,1
DA:22,1
DA:23,1
DA:30,1
DA:35,1
DA:36,1
DA:39,1
DA:40,1
DA:44,1
DA:50,0
LF:12
LH:11
BRF:0
BRH:0
end_of_record
TN:
SF:src/app/components/layer-list-item/layer-list-item.component.ts
FN:46,(anonymous_1)
FN:59,(anonymous_2)
FN:64,(anonymous_3)
FN:69,(anonymous_4)
FN:75,(anonymous_5)
FN:81,(anonymous_6)
FN:87,(anonymous_7)
FN:91,(anonymous_8)
FN:100,(anonymous_9)
FN:107,(anonymous_10)
FN:112,(anonymous_11)
FN:116,(anonymous_12)
FN:127,(anonymous_13)
FN:134,(anonymous_14)
FN:141,(anonymous_15)
FN:146,(anonymous_17)
FNF:16
FNH:8
FNDA:2,(anonymous_1)
FNDA:2,(anonymous_2)
FNDA:1,(anonymous_3)
FNDA:2,(anonymous_4)
FNDA:1,(anonymous_5)
FNDA:0,(anonymous_6)
FNDA:0,(anonymous_7)
FNDA:0,(anonymous_8)
FNDA:0,(anonymous_9)
FNDA:0,(anonymous_10)
FNDA:0,(anonymous_11)
FNDA:0,(anonymous_12)
FNDA:2,(anonymous_13)
FNDA:0,(anonymous_14)
FNDA:2,(anonymous_15)
FNDA:1,(anonymous_17)
DA:17,1
DA:18,1
DA:19,1
DA:21,1
DA:22,1
DA:23,1
DA:24,1
DA:25,1
DA:26,1
DA:27,1
DA:28,1
DA:35,1
DA:37,2
DA:43,2
DA:44,2
DA:47,2
DA:48,2
DA:49,2
DA:50,2
DA:51,2
DA:52,2
DA:55,2
DA:56,2
DA:60,2
DA:63,2
DA:65,1
DA:68,2
DA:70,2
DA:76,1
DA:82,0
DA:83,0
DA:88,0
DA:92,0
DA:101,0
DA:102,0
DA:108,0
DA:109,0
DA:113,0
DA:117,0
DA:118,0
DA:120,0
DA:128,2
DA:135,0
DA:136,0
DA:138,0
DA:142,2
DA:146,1
DA:147,1
DA:148,1
LF:49
LH:34
BRDA:61,0,0,1
BRDA:61,0,1,1
BRDA:61,1,0,2
BRDA:61,1,1,2
BRDA:77,2,0,0
BRDA:77,2,1,1
BRDA:77,3,0,1
BRDA:77,3,1,1
BRDA:82,4,0,0
BRDA:82,4,1,0
BRDA:82,5,0,0
BRDA:82,5,1,0
BRDA:82,6,0,0
BRDA:82,6,1,0
BRDA:83,7,0,0
BRDA:83,7,1,0
BRDA:83,8,0,0
BRDA:83,8,1,0
BRDA:101,9,0,0
BRDA:101,9,1,0
BRDA:117,10,0,0
BRDA:117,10,1,0
BRDA:117,11,0,0
BRDA:117,11,1,0
BRDA:117,12,0,0
BRDA:117,12,1,0
BRDA:117,13,0,0
BRDA:117,13,1,0
BRDA:121,14,0,0
BRDA:121,14,1,0
BRDA:121,15,0,0
BRDA:121,15,1,0
BRDA:130,16,0,2
BRDA:130,16,1,0
BRDA:130,17,0,2
BRDA:130,17,1,2
BRDA:135,18,0,0
BRDA:135,18,1,0
BRDA:135,19,0,0
BRDA:135,19,1,0
BRDA:135,20,0,0
BRDA:135,20,1,0
BRDA:146,21,0,1
BRDA:146,21,1,1
BRF:44
BRH:12
end_of_record
TN:
SF:src/app/components/layer-list-item/layer-list-item.module.ts
FNF:0
FNH:0
DA:17,1
DA:18,1
DA:19,1
DA:20,1
DA:21,1
DA:22,1
DA:23,1
DA:24,1
DA:25,1
DA:26,1
DA:42,1
LF:11
LH:11
BRF:0
BRH:0
end_of_record
TN:
SF:src/app/components/main-page/main-page.component.ts
FN:45,(anonymous_1)
FN:58,(anonymous_2)
FN:64,(anonymous_3)
FN:71,(anonymous_4)
FN:77,(anonymous_5)
FN:83,(anonymous_6)
FN:87,(anonymous_7)
FN:95,(anonymous_8)
FN:99,(anonymous_9)
FN:106,(anonymous_10)
FN:107,(anonymous_11)
FN:122,(anonymous_12)
FN:126,(anonymous_13)
FNF:13
FNH:3
FNDA:1,(anonymous_1)
FNDA:1,(anonymous_2)
FNDA:0,(anonymous_3)
FNDA:0,(anonymous_4)
FNDA:0,(anonymous_5)
FNDA:0,(anonymous_6)
FNDA:0,(anonymous_7)
FNDA:1,(anonymous_8)
FNDA:0,(anonymous_9)
FNDA:0,(anonymous_10)
FNDA:0,(anonymous_11)
FNDA:0,(anonymous_12)
FNDA:0,(anonymous_13)
DA:17,1
DA:18,1
DA:19,1
DA:20,1
DA:22,1
DA:23,1
DA:24,1
DA:25,1
DA:26,1
DA:27,1
DA:28,1
DA:29,1
DA:41,1
DA:43,1
DA:46,1
DA:47,1
DA:48,1
DA:49,1
DA:50,1
DA:51,1
DA:54,1
DA:55,1
DA:60,1
DA:64,0
DA:68,1
DA:71,0
DA:74,1
DA:77,0
DA:80,1
DA:83,0
DA:86,1
DA:88,0
DA:89,0
DA:96,1
DA:100,0
DA:107,0
DA:108,0
DA:123,0
DA:127,0
DA:128,0
DA:130,0
LF:41
LH:28
BRDA:64,0,0,0
BRDA:64,0,1,0
BRDA:71,1,0,0
BRDA:71,1,1,0
BRDA:77,2,0,0
BRDA:77,2,1,0
BRDA:88,3,0,0
BRDA:88,3,1,0
BRDA:88,4,0,0
BRDA:88,4,1,0
BRDA:112,5,0,0
BRDA:112,5,1,0
BRDA:115,6,0,0
BRDA:115,6,1,0
BRDA:115,7,0,0
BRDA:115,7,1,0
BRDA:127,8,0,0
BRDA:127,8,1,0
BRF:18
BRH:0
end_of_record
TN:
SF:src/app/components/main-page-container/main-page-container.component.ts
FN:33,(anonymous_1)
FN:42,(anonymous_2)
FN:45,(anonymous_3)
FN:51,(anonymous_4)
FNF:4
FNH:3
FNDA:1,(anonymous_1)
FNDA:1,(anonymous_2)
FNDA:0,(anonymous_3)
FNDA:1,(anonymous_4)
DA:17,1
DA:18,1
DA:19,1
DA:21,1
DA:22,1
DA:29,1
DA:31,1
DA:34,1
DA:35,1
DA:38,1
DA:39,1
DA:44,1
DA:46,0
DA:52,1
LF:14
LH:13
BRDA:46,0,0,0
BRDA:46,0,1,0
BRF:2
BRH:0
end_of_record
TN:
SF:src/app/components/map/ground-pin.ts
FN:24,(anonymous_0)
FN:28,(anonymous_1)
FNF:2
FNH:2
FNDA:106,(anonymous_0)
FNDA:106,(anonymous_1)
DA:20,1
DA:22,1
DA:24,1
DA:25,106
DA:28,1
DA:29,106
DA:32,1
LF:7
LH:7
BRDA:25,0,0,106
BRDA:25,0,1,5
BRF:2
BRH:2
end_of_record
TN:
SF:src/app/components/map/map.component.ts
FN:102,(anonymous_2)
FN:115,(anonymous_3)
FN:121,(anonymous_4)
FN:129,(anonymous_5)
FN:136,(anonymous_6)
FN:140,(anonymous_7)
FN:144,(anonymous_8)
FN:176,(anonymous_9)
FN:190,(anonymous_10)
FN:191,(anonymous_11)
FN:196,(anonymous_12)
FN:205,(anonymous_13)
FN:218,(anonymous_14)
FN:223,(anonymous_15)
FN:248,(anonymous_16)
FN:270,(anonymous_17)
FN:271,(anonymous_18)
FN:274,(anonymous_19)
FN:280,(anonymous_20)
FN:287,(anonymous_21)
FN:304,(anonymous_22)
FN:319,(anonymous_23)
FN:329,(anonymous_24)
FN:351,(anonymous_25)
FN:358,(anonymous_26)
FN:374,(anonymous_27)
FN:386,(anonymous_28)
FN:402,(anonymous_29)
FN:410,(anonymous_30)
FN:421,(anonymous_31)
FN:430,(anonymous_32)
FN:435,(anonymous_33)
FN:439,(anonymous_34)
FN:445,(anonymous_35)
FN:451,(anonymous_36)
FN:469,(anonymous_37)
FN:475,(anonymous_38)
FN:486,(anonymous_39)
FN:494,(anonymous_40)
FN:495,(anonymous_41)
FN:502,(anonymous_42)
FN:510,(anonymous_43)
FN:518,(anonymous_44)
FN:524,(anonymous_45)
FN:529,(anonymous_46)
FN:539,(anonymous_47)
FNF:46
FNH:45
FNDA:24,(anonymous_2)
FNDA:24,(anonymous_3)
FNDA:37,(anonymous_4)
FNDA:27,(anonymous_5)
FNDA:36,(anonymous_6)
FNDA:24,(anonymous_7)
FNDA:5,(anonymous_8)
FNDA:37,(anonymous_9)
FNDA:37,(anonymous_10)
FNDA:147,(anonymous_11)
FNDA:37,(anonymous_12)
FNDA:37,(anonymous_13)
FNDA:37,(anonymous_14)
FNDA:147,(anonymous_15)
FNDA:49,(anonymous_16)
FNDA:2,(anonymous_17)
FNDA:8,(anonymous_18)
FNDA:3,(anonymous_19)
FNDA:2,(anonymous_20)
FNDA:8,(anonymous_21)
FNDA:3,(anonymous_22)
FNDA:12,(anonymous_23)
FNDA:27,(anonymous_24)
FNDA:37,(anonymous_25)
FNDA:37,(anonymous_26)
FNDA:11,(anonymous_27)
FNDA:37,(anonymous_28)
FNDA:24,(anonymous_29)
FNDA:24,(anonymous_30)
FNDA:0,(anonymous_31)
FNDA:24,(anonymous_32)
FNDA:24,(anonymous_33)
FNDA:24,(anonymous_34)
FNDA:120,(anonymous_35)
FNDA:48,(anonymous_36)
FNDA:3,(anonymous_37)
FNDA:3,(anonymous_38)
FNDA:1,(anonymous_39)
FNDA:1,(anonymous_40)
FNDA:1,(anonymous_41)
FNDA:2,(anonymous_42)
FNDA:2,(anonymous_43)
FNDA:2,(anonymous_44)
FNDA:1,(anonymous_45)
FNDA:3,(anonymous_46)
FNDA:36,(anonymous_47)
DA:17,1
DA:26,1
DA:32,1
DA:36,1
DA:37,1
DA:38,1
DA:40,1
DA:41,1
DA:42,1
DA:43,1
DA:44,1
DA:45,1
DA:53,1
DA:54,1
DA:55,1
DA:56,1
DA:57,1
DA:64,1
DA:65,24
DA:68,24
DA:78,24
DA:82,24
DA:86,24
DA:89,24
DA:92,24
DA:93,24
DA:98,24
DA:103,24
DA:104,24
DA:105,24
DA:106,24
DA:107,24
DA:108,24
DA:109,24
DA:111,24
DA:112,24
DA:116,24
DA:122,37
DA:126,24
DA:129,27
DA:132,24
DA:136,36
DA:141,24
DA:145,5
DA:146,1
DA:148,4
DA:149,4
DA:150,4
DA:152,2
DA:153,1
DA:155,1
DA:156,1
DA:161,1
DA:162,1
DA:164,1
DA:168,1
DA:171,1
DA:172,1
DA:181,37
DA:182,37
DA:183,37
DA:191,147
DA:192,37
DA:193,37
DA:197,37
DA:198,26
DA:199,1
DA:200,1
DA:206,37
DA:207,26
DA:208,1
DA:209,1
DA:219,37
DA:223,37
DA:224,147
DA:226,0
DA:229,0
DA:231,147
DA:232,50
DA:234,97
DA:235,97
DA:236,97
DA:237,49
DA:239,97
DA:240,24
DA:242,97
DA:243,24
DA:252,49
DA:259,49
DA:269,49
DA:270,49
DA:271,49
DA:272,8
DA:274,49
DA:275,3
DA:277,49
DA:281,2
DA:282,1
DA:284,1
DA:293,8
DA:294,8
DA:295,8
DA:296,8
DA:297,8
DA:301,8
DA:308,3
DA:312,3
DA:320,12
DA:321,0
DA:323,12
DA:324,12
DA:325,12
DA:330,27
DA:331,3
DA:332,3
DA:333,6
DA:336,24
DA:337,48
DA:340,27
DA:352,37
DA:353,37
DA:354,37
DA:355,37
DA:359,37
DA:360,26
DA:362,11
DA:363,11
DA:364,11
DA:366,11
DA:367,0
DA:368,0
DA:370,11
DA:371,11
DA:375,11
DA:376,11
DA:383,11
DA:387,37
DA:388,36
DA:390,1
DA:391,1
DA:393,1
DA:394,0
DA:398,1
DA:399,1
DA:407,24
DA:408,24
DA:409,24
DA:410,24
DA:411,24
DA:412,24
DA:418,24
DA:419,0
DA:422,0
DA:427,24
DA:433,24
DA:435,24
DA:436,24
DA:444,24
DA:445,120
DA:448,24
DA:457,48
DA:466,48
DA:467,48
DA:468,48
DA:469,48
DA:470,3
DA:472,48
DA:476,3
DA:477,1
DA:479,2
DA:480,2
DA:481,4
DA:482,3
DA:485,2
DA:486,1
DA:487,1
DA:489,1
DA:491,1
DA:495,1
DA:496,1
DA:502,1
DA:503,2
DA:504,1
DA:511,2
DA:519,2
DA:520,2
DA:521,2
DA:525,1
DA:526,1
DA:530,3
DA:531,3
DA:532,3
DA:533,3
DA:534,3
DA:535,3
DA:536,3
DA:540,36
DA:541,0
LF:198
LH:189
BRDA:145,0,0,1
BRDA:145,0,1,4
BRDA:151,1,0,2
BRDA:151,1,1,1
BRDA:151,1,2,1
BRDA:151,1,3,1
BRDA:152,2,0,1
BRDA:152,2,1,1
BRDA:161,3,0,1
BRDA:161,3,1,0
BRDA:198,4,0,1
BRDA:198,4,1,25
BRDA:207,5,0,1
BRDA:207,5,1,25
BRDA:224,6,0,0
BRDA:224,6,1,147
BRDA:231,7,0,50
BRDA:231,7,1,97
BRDA:234,8,0,0
BRDA:234,8,1,97
BRDA:234,9,0,97
BRDA:234,9,1,97
BRDA:235,10,0,0
BRDA:235,10,1,97
BRDA:235,11,0,97
BRDA:235,11,1,97
BRDA:235,12,0,0
BRDA:235,12,1,97
BRDA:235,13,0,97
BRDA:235,13,1,97
BRDA:236,14,0,49
BRDA:236,14,1,48
BRDA:239,15,0,24
BRDA:239,15,1,73
BRDA:242,16,0,24
BRDA:242,16,1,73
BRDA:281,17,0,1
BRDA:281,17,1,1
BRDA:320,18,0,0
BRDA:320,18,1,12
BRDA:324,19,0,12
BRDA:324,19,1,0
BRDA:330,20,0,3
BRDA:330,20,1,24
BRDA:342,21,0,2
BRDA:342,21,1,25
BRDA:359,22,0,26
BRDA:359,22,1,11
BRDA:362,23,0,11
BRDA:362,23,1,0
BRDA:366,24,0,0
BRDA:366,24,1,11
BRDA:371,25,0,0
BRDA:371,25,1,11
BRDA:371,26,0,11
BRDA:371,26,1,11
BRDA:387,27,0,36
BRDA:387,27,1,1
BRDA:390,28,0,1
BRDA:390,28,1,0
BRDA:393,29,0,0
BRDA:393,29,1,1
BRDA:399,30,0,0
BRDA:399,30,1,1
BRDA:399,31,0,1
BRDA:399,31,1,1
BRDA:411,32,0,24
BRDA:411,32,1,0
BRDA:418,33,0,0
BRDA:418,33,1,24
BRDA:476,34,0,1
BRDA:476,34,1,2
BRDA:481,35,0,3
BRDA:481,35,1,1
BRDA:485,36,0,1
BRDA:485,36,1,1
BRDA:503,37,0,1
BRDA:503,37,1,1
BRDA:519,38,0,0
BRDA:519,38,1,2
BRDA:519,39,0,2
BRDA:519,39,1,2
BRDA:525,40,0,0
BRDA:525,40,1,1
BRDA:525,41,0,1
BRDA:525,41,1,1
BRDA:540,42,0,0
BRDA:540,42,1,36
BRF:88
BRH:70
end_of_record
TN:
SF:src/app/components/observation-form/observation-form.component.ts
FN:64,(anonymous_1)
FN:75,(anonymous_2)
FN:80,(anonymous_3)
FN:86,(anonymous_4)
FN:89,(anonymous_5)
FN:94,(anonymous_6)
FN:98,(anonymous_7)
FN:102,(anonymous_8)
FN:118,(anonymous_9)
FN:122,(anonymous_10)
FN:128,(anonymous_11)
FN:147,(anonymous_12)
FN:153,(anonymous_13)
FN:162,(anonymous_14)
FN:166,(anonymous_15)
FN:187,(anonymous_16)
FN:189,(anonymous_17)
FN:196,(anonymous_18)
FN:212,(anonymous_19)
FN:223,(anonymous_20)
FN:234,(anonymous_21)
FN:238,(anonymous_22)
FN:242,(anonymous_23)
FN:262,(anonymous_24)
FN:276,(anonymous_25)
FN:288,(anonymous_26)
FN:295,(anonymous_27)
FN:306,(anonymous_28)
FN:308,(anonymous_29)
FNF:29
FNH:12
FNDA:1,(anonymous_1)
FNDA:1,(anonymous_2)
FNDA:1,(anonymous_3)
FNDA:1,(anonymous_4)
FNDA:1,(anonymous_5)
FNDA:0,(anonymous_6)
FNDA:0,(anonymous_7)
FNDA:0,(anonymous_8)
FNDA:0,(anonymous_9)
FNDA:0,(anonymous_10)
FNDA:1,(anonymous_11)
FNDA:2,(anonymous_12)
FNDA:1,(anonymous_13)
FNDA:0,(anonymous_14)
FNDA:1,(anonymous_15)
FNDA:0,(anonymous_16)
FNDA:0,(anonymous_17)
FNDA:0,(anonymous_18)
FNDA:1,(anonymous_19)
FNDA:0,(anonymous_20)
FNDA:0,(anonymous_21)
FNDA:0,(anonymous_22)
FNDA:1,(anonymous_23)
FNDA:0,(anonymous_24)
FNDA:0,(anonymous_25)
FNDA:0,(anonymous_26)
FNDA:1,(anonymous_27)
FNDA:0,(anonymous_28)
FNDA:0,(anonymous_29)
DA:17,1
DA:18,1
DA:19,1
DA:21,1
DA:22,1
DA:23,1
DA:24,1
DA:30,1
DA:31,1
DA:33,1
DA:34,1
DA:36,1
DA:38,1
DA:39,1
DA:40,1
DA:41,1
DA:42,1
DA:43,1
DA:53,1
DA:55,1
DA:56,1
DA:57,1
DA:65,1
DA:66,1
DA:67,1
DA:68,1
DA:74,1
DA:75,1
DA:76,1
DA:78,1
DA:81,1
DA:83,1
DA:87,1
DA:89,1
DA:95,0
DA:99,0
DA:103,0
DA:104,0
DA:106,0
DA:111,0
DA:112,0
DA:116,0
DA:119,0
DA:120,0
DA:123,0
DA:129,1
DA:133,0
DA:138,0
DA:140,0
DA:143,1
DA:144,1
DA:145,1
DA:147,2
DA:149,1
DA:154,1
DA:155,0
DA:157,1
DA:163,0
DA:167,1
DA:168,1
DA:169,2
DA:170,2
DA:172,1
DA:173,1
DA:175,0
DA:176,0
DA:178,1
DA:179,1
DA:181,0
DA:184,1
DA:188,0
DA:189,0
DA:197,0
DA:199,0
DA:201,0
DA:203,0
DA:205,0
DA:217,1
DA:218,1
DA:228,0
DA:229,0
DA:235,0
DA:239,0
DA:247,1
DA:249,0
DA:250,0
DA:252,1
DA:253,1
DA:255,0
DA:263,0
DA:265,0
DA:267,0
DA:269,0
DA:281,0
DA:283,0
DA:289,0
DA:292,0
DA:300,1
DA:301,1
DA:302,2
DA:307,0
DA:308,0
DA:310,0
LF:103
LH:59
BRDA:76,0,0,0
BRDA:76,0,1,1
BRDA:76,1,0,1
BRDA:76,1,1,1
BRDA:103,2,0,0
BRDA:103,2,1,0
BRDA:119,3,0,0
BRDA:119,3,1,0
BRDA:119,4,0,0
BRDA:119,4,1,0
BRDA:129,5,0,0
BRDA:129,5,1,1
BRDA:130,6,0,1
BRDA:130,6,1,0
BRDA:131,7,0,0
BRDA:131,7,1,0
BRDA:130,8,0,0
BRDA:130,8,1,0
BRDA:133,9,0,0
BRDA:133,9,1,0
BRDA:143,10,0,1
BRDA:143,10,1,0
BRDA:154,11,0,0
BRDA:154,11,1,1
BRDA:169,12,0,0
BRDA:169,12,1,2
BRDA:169,13,0,2
BRDA:169,13,1,2
BRDA:171,14,0,1
BRDA:171,14,1,0
BRDA:171,14,2,1
BRDA:171,14,3,0
BRDA:198,15,0,0
BRDA:198,15,1,0
BRDA:198,15,2,0
BRDA:198,15,3,0
BRDA:217,16,0,0
BRDA:217,16,1,1
BRDA:217,17,0,1
BRDA:217,17,1,1
BRDA:219,18,0,1
BRDA:219,18,1,0
BRDA:228,19,0,0
BRDA:228,19,1,0
BRDA:228,20,0,0
BRDA:228,20,1,0
BRDA:230,21,0,0
BRDA:230,21,1,0
BRDA:235,22,0,0
BRDA:235,22,1,0
BRDA:235,23,0,0
BRDA:235,23,1,0
BRDA:239,24,0,0
BRDA:239,24,1,0
BRDA:239,25,0,0
BRDA:239,25,1,0
BRDA:248,26,0,0
BRDA:248,26,1,1
BRDA:248,26,2,0
BRDA:247,27,0,0
BRDA:247,27,1,1
BRDA:247,28,0,1
BRDA:247,28,1,1
BRDA:257,29,0,0
BRDA:257,29,1,0
BRDA:257,30,0,0
BRDA:257,30,1,0
BRDA:264,31,0,0
BRDA:264,31,1,0
BRDA:264,31,2,0
BRDA:263,32,0,0
BRDA:263,32,1,0
BRDA:263,33,0,0
BRDA:263,33,1,0
BRDA:271,34,0,0
BRDA:271,34,1,0
BRDA:271,35,0,0
BRDA:271,35,1,0
BRDA:281,36,0,0
BRDA:281,36,1,0
BRDA:281,37,0,0
BRDA:281,37,1,0
BRDA:281,38,0,0
BRDA:281,38,1,0
BRDA:281,39,0,0
BRDA:281,39,1,0
BRDA:281,40,0,0
BRDA:281,40,1,0
BRDA:281,41,0,0
BRDA:281,41,1,0
BRDA:284,42,0,0
BRDA:284,42,1,0
BRDA:290,43,0,0
BRDA:290,43,1,0
BRDA:289,44,0,0
BRDA:289,44,1,0
BRDA:300,45,0,0
BRDA:300,45,1,1
BRDA:300,46,0,1
BRDA:300,46,1,1
BRDA:302,47,0,0
BRDA:302,47,1,2
BRDA:302,48,0,2
BRDA:302,48,1,2
BRDA:308,49,0,0
BRDA:308,49,1,0
BRDA:308,50,0,0
BRDA:308,50,1,0
BRF:108
BRH:26
end_of_record
TN:
SF:src/app/components/option-editor/option-editor.component.ts
FN:49,(anonymous_1)
FN:56,(anonymous_2)
FN:58,(anonymous_3)
FN:66,(anonymous_4)
FN:73,(anonymous_5)
FN:77,(anonymous_6)
FN:81,(anonymous_7)
FN:85,(anonymous_8)
FN:89,(anonymous_9)
FNF:9
FNH:3
FNDA:1,(anonymous_1)
FNDA:1,(anonymous_2)
FNDA:0,(anonymous_3)
FNDA:0,(anonymous_4)
FNDA:0,(anonymous_5)
FNDA:2,(anonymous_6)
FNDA:0,(anonymous_7)
FNDA:0,(anonymous_8)
FNDA:0,(anonymous_9)
DA:17,1
DA:27,1
DA:39,1
DA:43,1
DA:44,1
DA:49,1
DA:50,1
DA:58,1
DA:59,0
DA:67,0
DA:74,0
DA:78,2
DA:82,0
DA:86,0
DA:90,0
LF:15
LH:9
BRF:0
BRH:0
end_of_record
TN:
SF:src/app/components/option-editor/option-editor.module.ts
FNF:0
FNH:0
DA:17,1
DA:18,1
DA:19,1
DA:20,1
DA:21,1
DA:22,1
DA:23,1
DA:24,1
DA:25,1
DA:26,1
DA:43,1
LF:11
LH:11
BRF:0
BRH:0
end_of_record
TN:
SF:src/app/components/project-header/project-header.component.ts
FN:37,(anonymous_1)
FN:47,(anonymous_2)
FN:54,(anonymous_3)
FN:56,(anonymous_4)
FN:68,(anonymous_5)
FN:73,(anonymous_6)
FN:77,(anonymous_7)
FN:84,(anonymous_8)
FNF:8
FNH:3
FNDA:1,(anonymous_1)
FNDA:0,(anonymous_2)
FNDA:1,(anonymous_3)
FNDA:0,(anonymous_4)
FNDA:0,(anonymous_5)
FNDA:0,(anonymous_6)
FNDA:0,(anonymous_7)
FNDA:1,(anonymous_8)
DA:17,1
DA:18,1
DA:19,1
DA:20,1
DA:21,1
DA:22,1
DA:23,1
DA:24,1
DA:31,1
DA:36,1
DA:38,1
DA:39,1
DA:40,1
DA:41,1
DA:43,1
DA:44,1
DA:45,1
DA:46,1
DA:48,0
DA:49,0
DA:57,0
DA:58,0
DA:69,0
DA:70,0
DA:74,0
DA:78,0
DA:85,1
LF:27
LH:19
BRDA:48,0,0,0
BRDA:48,0,1,0
BRDA:69,1,0,0
BRDA:69,1,1,0
BRF:4
BRH:0
end_of_record
TN:
SF:src/app/components/project-list/project-list.component.ts
FN:36,(anonymous_1)
FN:42,(anonymous_2)
FN:45,(anonymous_3)
FN:51,(anonymous_4)
FN:55,(anonymous_5)
FN:61,(anonymous_6)
FN:65,(anonymous_7)
FNF:7
FNH:4
FNDA:1,(anonymous_1)
FNDA:1,(anonymous_2)
FNDA:1,(anonymous_3)
FNDA:0,(anonymous_4)
FNDA:0,(anonymous_5)
FNDA:1,(anonymous_6)
FNDA:0,(anonymous_7)
DA:17,1
DA:19,1
DA:20,1
DA:21,1
DA:22,1
DA:24,1
DA:25,1
DA:32,1
DA:33,1
DA:34,1
DA:37,1
DA:38,1
DA:39,1
DA:43,1
DA:44,1
DA:46,1
DA:52,0
DA:56,0
DA:62,1
DA:66,0
DA:67,0
LF:21
LH:17
BRDA:45,0,0,0
BRDA:45,0,1,1
BRDA:45,1,0,1
BRDA:45,1,1,1
BRF:4
BRH:3
end_of_record
TN:
SF:src/app/components/select-feature-dialog/select-feature-dialog.component.ts
FN:36,(anonymous_1)
FN:45,(anonymous_2)
FNF:2
FNH:0
FNDA:0,(anonymous_1)
FNDA:0,(anonymous_2)
DA:17,1
DA:18,1
DA:35,1
DA:37,0
DA:42,0
DA:46,0
LF:6
LH:3
BRF:0
BRH:0
end_of_record
TN:
SF:src/app/components/share-dialog/share-dialog.component.ts
FN:38,(anonymous_1)
FN:73,(anonymous_2)
FN:84,(anonymous_3)
FN:92,(anonymous_4)
FN:108,(anonymous_5)
FN:126,(anonymous_6)
FN:133,(anonymous_7)
FN:137,(anonymous_8)
FN:143,(anonymous_9)
FN:150,(anonymous_10)
FN:157,(anonymous_11)
FN:165,(anonymous_12)
FN:169,(anonymous_13)
FN:172,(anonymous_14)
FN:174,(anonymous_15)
FN:175,(anonymous_16)
FNF:16
FNH:6
FNDA:0,(anonymous_1)
FNDA:1,(anonymous_2)
FNDA:1,(anonymous_3)
FNDA:0,(anonymous_4)
FNDA:0,(anonymous_5)
FNDA:0,(anonymous_6)
FNDA:0,(anonymous_7)
FNDA:0,(anonymous_8)
FNDA:1,(anonymous_9)
FNDA:1,(anonymous_10)
FNDA:0,(anonymous_11)
FNDA:0,(anonymous_12)
FNDA:0,(anonymous_13)
FNDA:1,(anonymous_14)
FNDA:1,(anonymous_15)
FNDA:0,(anonymous_16)
DA:17,1
DA:18,1
DA:19,1
DA:26,1
DA:27,1
DA:28,1
DA:31,1
DA:32,1
DA:38,0
DA:46,1
DA:48,1
DA:54,1
DA:59,1
DA:67,1
DA:71,1
DA:74,1
DA:75,1
DA:77,1
DA:84,1
DA:94,0
DA:95,0
DA:97,0
DA:101,0
DA:102,0
DA:105,0
DA:109,0
DA:110,0
DA:113,0
DA:115,0
DA:118,0
DA:120,0
DA:127,0
DA:135,0
DA:137,0
DA:144,1
DA:151,1
DA:152,1
DA:154,1
DA:158,0
DA:159,0
DA:161,0
DA:166,0
DA:167,0
DA:169,0
DA:174,1
DA:175,1
DA:176,1
DA:177,1
LF:48
LH:26
BRDA:94,0,0,0
BRDA:94,0,1,0
BRDA:94,1,0,0
BRDA:94,1,1,0
BRDA:109,2,0,0
BRDA:109,2,1,0
BRDA:113,3,0,0
BRDA:113,3,1,0
BRDA:158,4,0,0
BRDA:158,4,1,0
BRDA:158,5,0,0
BRDA:158,5,1,0
BRDA:166,6,0,0
BRDA:166,6,1,0
BRDA:175,7,0,1
BRDA:175,7,1,1
BRDA:175,8,0,1
BRDA:175,8,1,0
BRDA:175,9,0,1
BRDA:175,9,1,1
BRDA:178,10,0,0
BRDA:178,10,1,1
BRF:22
BRH:6
end_of_record
TN:
SF:src/app/components/sign-in-page/sign-in-page.component.ts
FN:32,(anonymous_1)
FN:37,(anonymous_2)
FN:42,(anonymous_3)
FN:43,(anonymous_4)
FN:47,(anonymous_5)
FN:51,(anonymous_6)
FN:55,(anonymous_7)
FNF:7
FNH:4
FNDA:1,(anonymous_1)
FNDA:1,(anonymous_2)
FNDA:0,(anonymous_3)
FNDA:0,(anonymous_4)
FNDA:1,(anonymous_5)
FNDA:2,(anonymous_6)
FNDA:0,(anonymous_7)
DA:17,1
DA:21,1
DA:22,1
DA:23,1
DA:24,1
DA:30,1
DA:31,1
DA:33,1
DA:34,1
DA:38,1
DA:42,0
DA:43,0
DA:48,1
DA:52,2
DA:57,0
LF:15
LH:12
BRF:0
BRH:0
end_of_record
TN:
SF:src/app/components/title-dialog/title-dialog.component.ts
FN:31,(anonymous_1)
FN:39,(anonymous_2)
FNF:2
FNH:1
FNDA:1,(anonymous_1)
FNDA:0,(anonymous_2)
DA:17,1
DA:18,1
DA:19,1
DA:20,1
DA:21,1
DA:28,1
DA:32,1
DA:33,1
DA:34,1
DA:36,1
DA:40,0
DA:41,0
DA:44,0
DA:45,0
DA:47,0
LF:15
LH:10
BRDA:42,0,0,0
BRDA:42,0,1,0
BRDA:41,1,0,0
BRDA:41,1,1,0
BRF:4
BRH:0
end_of_record
TN:
SF:src/app/components/user-avatar/user-avatar.component.ts
FN:27,(anonymous_1)
FN:29,(anonymous_2)
FNF:2
FNH:2
FNDA:1,(anonymous_1)
FNDA:1,(anonymous_2)
DA:17,1
DA:24,1
LF:2
LH:2
BRF:0
BRH:0
end_of_record
TN:
SF:src/app/components/user-profile-popup/user-profile-popup.component.ts
FN:31,(anonymous_1)
FN:40,(anonymous_2)
FN:53,(anonymous_3)
FNF:3
FNH:2
FNDA:1,(anonymous_1)
FNDA:1,(anonymous_2)
FNDA:0,(anonymous_3)
DA:17,1
DA:18,1
DA:19,1
DA:20,1
DA:27,1
DA:33,1
DA:36,1
DA:37,1
DA:41,1
DA:42,1
DA:44,0
DA:45,0
DA:49,0
DA:50,0
DA:54,0
DA:55,0
LF:16
LH:10
BRDA:41,0,0,1
BRDA:41,0,1,0
BRF:2
BRH:1
end_of_record
TN:
SF:src/app/services/loading-state.model.ts
FN:17,(anonymous_0)
FNF:1
FNH:1
FNDA:1,(anonymous_0)
DA:17,1
DA:18,1
DA:19,1
LF:3
LH:3
BRDA:17,0,0,1
BRDA:17,0,1,1
BRF:2
BRH:2
end_of_record
TN:
SF:src/app/services/auth/auth.service.ts
FN:46,(anonymous_2)
FN:52,(anonymous_3)
FN:59,(anonymous_4)
FN:64,(anonymous_5)
FN:67,(anonymous_6)
FN:71,(anonymous_7)
FN:72,(anonymous_8)
FN:75,(anonymous_9)
FN:79,(anonymous_10)
FN:84,(anonymous_11)
FN:92,(anonymous_12)
FN:94,(anonymous_13)
FN:100,(anonymous_14)
FN:114,(anonymous_15)
FN:118,(anonymous_16)
FNF:15
FNH:4
FNDA:3,(anonymous_2)
FNDA:1,(anonymous_3)
FNDA:0,(anonymous_4)
FNDA:0,(anonymous_5)
FNDA:2,(anonymous_6)
FNDA:0,(anonymous_7)
FNDA:0,(anonymous_8)
FNDA:4,(anonymous_9)
FNDA:0,(anonymous_10)
FNDA:0,(anonymous_11)
FNDA:0,(anonymous_12)
FNDA:0,(anonymous_13)
FNDA:0,(anonymous_14)
FNDA:0,(anonymous_15)
FNDA:0,(anonymous_16)
DA:17,1
DA:18,1
DA:19,1
DA:21,1
DA:22,1
DA:23,1
DA:24,1
DA:25,1
DA:26,1
DA:30,1
DA:32,1
DA:42,1
DA:47,3
DA:49,3
DA:51,3
DA:53,1
DA:54,1
DA:56,0
DA:59,0
DA:64,3
DA:68,2
DA:72,0
DA:76,4
DA:80,0
DA:81,0
DA:85,0
DA:86,0
DA:93,0
DA:94,0
DA:101,0
DA:102,0
DA:103,0
DA:105,0
DA:107,0
DA:115,0
DA:119,0
LF:36
LH:20
BRDA:53,0,0,1
BRDA:53,0,1,0
BRDA:59,1,0,0
BRDA:59,1,1,0
BRDA:93,2,0,0
BRDA:93,2,1,0
BRDA:93,3,0,0
BRDA:93,3,1,0
BRDA:94,4,0,0
BRDA:94,4,1,0
BRDA:102,5,0,0
BRDA:102,5,1,0
BRDA:108,6,0,0
BRDA:108,6,1,0
BRDA:108,6,2,0
BRDA:110,7,0,0
BRDA:110,7,1,0
BRDA:110,8,0,0
BRDA:110,8,1,0
BRDA:110,9,0,0
BRDA:110,9,1,0
BRDA:110,10,0,0
BRDA:110,10,1,0
BRF:23
BRH:1
end_of_record
TN:
SF:src/app/services/data-import/data-import.service.ts
FN:34,(anonymous_1)
FN:36,(anonymous_2)
FNF:2
FNH:1
FNDA:1,(anonymous_1)
FNDA:0,(anonymous_2)
DA:17,1
DA:18,1
DA:19,1
DA:21,1
DA:23,1
DA:33,1
DA:34,1
DA:41,0
DA:42,0
DA:43,0
DA:44,0
DA:46,0
DA:47,0
DA:48,0
DA:49,0
DA:51,0
DA:53,0
LF:17
LH:7
BRDA:46,0,0,0
BRDA:46,0,1,0
BRDA:48,1,0,0
BRDA:48,1,1,0
BRF:4
BRH:0
end_of_record
TN:
SF:src/app/services/data-store/data-store.service.ts
FN:40,(anonymous_2)
FN:48,(anonymous_3)
FN:55,(anonymous_4)
FN:63,(anonymous_5)
FN:65,(anonymous_6)
FN:74,(anonymous_7)
FN:76,(anonymous_8)
FN:92,(anonymous_9)
FN:99,(anonymous_10)
FN:108,(anonymous_11)
FN:119,(anonymous_12)
FN:125,(anonymous_13)
FN:128,(anonymous_14)
FN:131,(anonymous_15)
FN:137,(anonymous_16)
FN:140,(anonymous_17)
FN:143,(anonymous_18)
FN:146,(anonymous_19)
FN:149,(anonymous_20)
FN:152,(anonymous_21)
FN:162,(anonymous_22)
FN:171,(anonymous_23)
FN:185,(anonymous_24)
FN:192,(anonymous_25)
FN:198,(anonymous_26)
FN:208,(anonymous_27)
FN:212,(anonymous_28)
FN:215,(anonymous_29)
FN:220,(anonymous_30)
FN:223,(anonymous_31)
FN:225,(anonymous_32)
FN:227,(anonymous_33)
FN:240,(anonymous_34)
FN:245,(anonymous_35)
FN:250,(anonymous_36)
FN:252,(anonymous_37)
FN:267,(anonymous_38)
FN:273,(anonymous_39)
FN:292,(anonymous_40)
FN:299,(anonymous_41)
FN:303,(anonymous_42)
FN:307,(anonymous_43)
FN:321,(anonymous_44)
FN:341,(anonymous_45)
FNF:44
FNH:1
FNDA:2,(anonymous_2)
FNDA:0,(anonymous_3)
FNDA:0,(anonymous_4)
FNDA:0,(anonymous_5)
FNDA:0,(anonymous_6)
FNDA:0,(anonymous_7)
FNDA:0,(anonymous_8)
FNDA:0,(anonymous_9)
FNDA:0,(anonymous_10)
FNDA:0,(anonymous_11)
FNDA:0,(anonymous_12)
FNDA:0,(anonymous_13)
FNDA:0,(anonymous_14)
FNDA:0,(anonymous_15)
FNDA:0,(anonymous_16)
FNDA:0,(anonymous_17)
FNDA:0,(anonymous_18)
FNDA:0,(anonymous_19)
FNDA:0,(anonymous_20)
FNDA:0,(anonymous_21)
FNDA:0,(anonymous_22)
FNDA:0,(anonymous_23)
FNDA:0,(anonymous_24)
FNDA:0,(anonymous_25)
FNDA:0,(anonymous_26)
FNDA:0,(anonymous_27)
FNDA:0,(anonymous_28)
FNDA:0,(anonymous_29)
FNDA:0,(anonymous_30)
FNDA:0,(anonymous_31)
FNDA:0,(anonymous_32)
FNDA:0,(anonymous_33)
FNDA:0,(anonymous_34)
FNDA:0,(anonymous_35)
FNDA:0,(anonymous_36)
FNDA:0,(anonymous_37)
FNDA:0,(anonymous_38)
FNDA:0,(anonymous_39)
FNDA:0,(anonymous_40)
FNDA:0,(anonymous_41)
FNDA:0,(anonymous_42)
FNDA:0,(anonymous_43)
FNDA:0,(anonymous_44)
FNDA:0,(anonymous_45)
DA:17,1
DA:18,1
DA:19,1
DA:20,1
DA:23,1
DA:27,1
DA:31,1
DA:38,1
DA:39,2
DA:40,2
DA:49,0
DA:55,0
DA:64,0
DA:66,0
DA:75,0
DA:77,0
DA:78,0
DA:79,0
DA:93,0
DA:100,0
DA:109,0
DA:110,0
DA:111,0
DA:123,0
DA:125,0
DA:127,0
DA:128,0
DA:135,0
DA:137,0
DA:139,0
DA:140,0
DA:144,0
DA:146,0
DA:148,0
DA:149,0
DA:153,0
DA:154,0
DA:163,0
DA:172,0
DA:186,0
DA:193,0
DA:198,0
DA:209,0
DA:212,0
DA:216,0
DA:221,0
DA:223,0
DA:225,0
DA:227,0
DA:244,0
DA:246,0
DA:251,0
DA:253,0
DA:268,0
DA:274,0
DA:293,0
DA:300,0
DA:304,0
DA:308,0
DA:326,0
DA:327,0
DA:328,0
DA:338,0
DA:342,0
LF:64
LH:10
BRF:0
BRH:0
end_of_record
TN:
SF:src/app/services/dialog/dialog.service.ts
FN:25,(anonymous_1)
FN:27,(anonymous_2)
FNF:2
FNH:1
FNDA:7,(anonymous_1)
FNDA:0,(anonymous_2)
DA:17,1
DA:18,1
DA:19,1
DA:24,1
DA:25,7
DA:32,0
LF:6
LH:5
BRDA:30,0,0,0
BRF:1
BRH:0
end_of_record
TN:
SF:src/app/services/drawing-tools/drawing-tools.service.ts
FN:32,(anonymous_2)
FN:36,(anonymous_3)
FN:40,(anonymous_4)
FN:44,(anonymous_5)
FN:48,(anonymous_6)
FN:52,(anonymous_7)
FN:57,(anonymous_8)
FNF:7
FNH:1
FNDA:0,(anonymous_2)
FNDA:0,(anonymous_3)
FNDA:0,(anonymous_4)
FNDA:0,(anonymous_5)
FNDA:0,(anonymous_6)
FNDA:0,(anonymous_7)
FNDA:1,(anonymous_8)
DA:17,1
DA:18,1
DA:23,1
DA:24,0
DA:27,0
DA:33,0
DA:37,0
DA:41,0
DA:45,0
DA:49,0
DA:53,0
DA:57,1
DA:58,1
DA:59,1
DA:60,1
LF:15
LH:7
BRDA:57,0,0,1
BRDA:57,0,1,1
BRF:2
BRH:2
end_of_record
TN:
SF:src/app/services/feature/feature.service.ts
FN:35,(anonymous_2)
FN:42,(anonymous_3)
FN:48,(anonymous_4)
FN:52,(anonymous_5)
FN:60,(anonymous_6)
FN:64,(anonymous_7)
FN:68,(anonymous_8)
FN:72,(anonymous_9)
FN:86,(anonymous_10)
FN:96,(anonymous_11)
FN:114,(anonymous_12)
FNF:11
FNH:2
FNDA:2,(anonymous_2)
FNDA:0,(anonymous_3)
FNDA:0,(anonymous_4)
FNDA:0,(anonymous_5)
FNDA:0,(anonymous_6)
FNDA:0,(anonymous_7)
FNDA:1,(anonymous_8)
FNDA:0,(anonymous_9)
FNDA:0,(anonymous_10)
FNDA:0,(anonymous_11)
FNDA:0,(anonymous_12)
DA:17,1
DA:18,1
DA:19,1
DA:21,1
DA:22,1
DA:23,1
DA:24,1
DA:25,1
DA:30,1
DA:32,2
DA:36,2
DA:37,2
DA:39,2
DA:43,0
DA:47,2
DA:49,0
DA:53,0
DA:61,0
DA:65,0
DA:69,1
DA:79,0
DA:83,0
DA:89,0
DA:93,0
DA:102,0
DA:103,0
DA:105,0
DA:110,0
DA:111,0
DA:115,0
DA:116,0
DA:118,0
LF:32
LH:15
BRDA:43,0,0,0
BRDA:43,0,1,0
BRDA:102,1,0,0
BRDA:102,1,1,0
BRDA:102,2,0,0
BRDA:102,2,1,0
BRDA:115,3,0,0
BRDA:115,3,1,0
BRF:8
BRH:0
end_of_record
TN:
SF:src/app/services/layer/layer.service.ts
FN:33,(anonymous_1)
FN:41,(anonymous_2)
FN:49,(anonymous_3)
FN:72,(anonymous_4)
FN:86,(anonymous_5)
FN:97,(anonymous_6)
FN:99,(anonymous_7)
FN:115,(anonymous_8)
FN:129,(anonymous_9)
FN:138,(anonymous_10)
FN:145,(anonymous_11)
FN:152,(anonymous_12)
FN:157,(anonymous_13)
FNF:13
FNH:3
FNDA:2,(anonymous_1)
FNDA:1,(anonymous_2)
FNDA:1,(anonymous_3)
FNDA:0,(anonymous_4)
FNDA:0,(anonymous_5)
FNDA:0,(anonymous_6)
FNDA:0,(anonymous_7)
FNDA:0,(anonymous_8)
FNDA:0,(anonymous_9)
FNDA:0,(anonymous_10)
FNDA:0,(anonymous_11)
FNDA:0,(anonymous_12)
FNDA:0,(anonymous_13)
DA:17,1
DA:18,1
DA:19,1
DA:20,1
DA:21,1
DA:22,1
DA:24,1
DA:25,1
DA:26,1
DA:27,1
DA:32,1
DA:34,2
DA:35,2
DA:42,1
DA:43,1
DA:56,1
DA:57,1
DA:73,0
DA:74,0
DA:80,0
DA:87,0
DA:88,0
DA:89,0
DA:91,0
DA:98,0
DA:99,0
DA:100,0
DA:101,0
DA:104,0
DA:106,0
DA:119,0
DA:120,0
DA:122,0
DA:123,0
DA:130,0
DA:131,0
DA:132,0
DA:139,0
DA:146,0
DA:153,0
DA:154,0
DA:158,0
DA:162,0
LF:43
LH:17
BRDA:75,0,0,0
BRDA:75,0,1,0
BRDA:87,1,0,0
BRDA:87,1,1,0
BRDA:100,2,0,0
BRDA:100,2,1,0
BRDA:100,3,0,0
BRDA:100,3,1,0
BRDA:100,4,0,0
BRDA:100,4,1,0
BRDA:102,5,0,0
BRDA:102,5,1,0
BRDA:119,6,0,0
BRDA:119,6,1,0
BRDA:122,7,0,0
BRDA:122,7,1,0
BRDA:140,8,0,0
BRDA:140,8,1,0
BRDA:140,8,2,0
BRDA:146,9,0,0
BRDA:146,9,1,0
BRDA:146,10,0,0
BRDA:146,10,1,0
BRDA:146,11,0,0
BRDA:146,11,1,0
BRDA:153,12,0,0
BRDA:153,12,1,0
BRDA:153,13,0,0
BRDA:153,13,1,0
BRDA:154,14,0,0
BRDA:154,14,1,0
BRDA:162,15,0,0
BRDA:162,15,1,0
BRDA:162,16,0,0
BRDA:162,16,1,0
BRF:35
BRH:0
end_of_record
TN:
SF:src/app/services/navigation/navigation.service.ts
FN:63,(anonymous_1)
FN:43,(anonymous_2)
FN:69,(anonymous_3)
FN:73,(anonymous_4)
FN:77,(anonymous_5)
FN:80,(anonymous_6)
FN:83,(anonymous_7)
FN:86,(anonymous_8)
FN:89,(anonymous_9)
FN:93,(anonymous_10)
FN:97,(anonymous_11)
FN:101,(anonymous_12)
FN:105,(anonymous_13)
FN:109,(anonymous_14)
FN:117,(anonymous_15)
FN:126,(anonymous_16)
FN:144,(anonymous_17)
FN:153,(anonymous_18)
FN:159,(anonymous_19)
FN:165,(anonymous_20)
FN:172,(anonymous_21)
FN:182,(anonymous_22)
FN:189,(anonymous_23)
FN:201,(anonymous_24)
FN:210,(anonymous_25)
FN:217,(anonymous_26)
FN:227,(anonymous_27)
FN:234,(anonymous_28)
FN:241,(anonymous_29)
FN:246,(anonymous_31)
FNF:30
FNH:2
FNDA:6,(anonymous_1)
FNDA:0,(anonymous_2)
FNDA:0,(anonymous_3)
FNDA:0,(anonymous_4)
FNDA:0,(anonymous_5)
FNDA:0,(anonymous_6)
FNDA:0,(anonymous_7)
FNDA:0,(anonymous_8)
FNDA:0,(anonymous_9)
FNDA:0,(anonymous_10)
FNDA:0,(anonymous_11)
FNDA:0,(anonymous_12)
FNDA:0,(anonymous_13)
FNDA:0,(anonymous_14)
FNDA:0,(anonymous_15)
FNDA:0,(anonymous_16)
FNDA:0,(anonymous_17)
FNDA:0,(anonymous_18)
FNDA:0,(anonymous_19)
FNDA:0,(anonymous_20)
FNDA:0,(anonymous_21)
FNDA:0,(anonymous_22)
FNDA:0,(anonymous_23)
FNDA:0,(anonymous_24)
FNDA:0,(anonymous_25)
FNDA:0,(anonymous_26)
FNDA:0,(anonymous_27)
FNDA:0,(anonymous_28)
FNDA:0,(anonymous_29)
FNDA:1,(anonymous_31)
DA:17,1
DA:19,1
DA:20,1
DA:21,1
DA:30,1
DA:31,1
DA:32,1
DA:33,1
DA:34,1
DA:35,1
DA:36,1
DA:37,1
DA:38,1
DA:39,1
DA:40,1
DA:41,1
DA:44,0
DA:45,0
DA:47,0
DA:48,0
DA:50,0
DA:51,0
DA:53,0
DA:63,6
DA:70,0
DA:72,0
DA:73,0
DA:76,0
DA:77,0
DA:79,0
DA:80,0
DA:82,0
DA:83,0
DA:85,0
DA:86,0
DA:88,0
DA:89,0
DA:94,0
DA:98,0
DA:102,0
DA:106,0
DA:110,0
DA:118,0
DA:119,0
DA:127,0
DA:131,0
DA:132,0
DA:135,0
DA:137,0
DA:145,0
DA:154,0
DA:155,0
DA:156,0
DA:160,0
DA:161,0
DA:162,0
DA:166,0
DA:173,0
DA:183,0
DA:184,0
DA:185,0
DA:186,0
DA:190,0
DA:191,0
DA:194,0
DA:202,0
DA:203,0
DA:204,0
DA:211,0
DA:218,0
DA:228,0
DA:235,0
DA:242,0
DA:246,1
DA:247,1
DA:248,1
DA:249,1
DA:250,1
LF:78
LH:22
BRDA:44,0,0,0
BRDA:44,0,1,0
BRDA:47,1,0,0
BRDA:47,1,1,0
BRDA:50,2,0,0
BRDA:50,2,1,0
BRDA:77,3,0,0
BRDA:77,3,1,0
BRDA:119,4,0,0
BRDA:119,4,1,0
BRDA:131,5,0,0
BRDA:131,5,1,0
BRDA:246,6,0,1
BRDA:246,6,1,1
BRF:14
BRH:2
end_of_record
TN:
SF:src/app/services/notification/notification.service.ts
FN:24,(anonymous_1)
FN:32,(anonymous_2)
FN:37,(anonymous_3)
FNF:3
FNH:1
FNDA:1,(anonymous_1)
FNDA:0,(anonymous_2)
FNDA:0,(anonymous_3)
DA:17,1
DA:18,1
DA:23,1
DA:24,1
DA:26,1
DA:33,0
DA:34,0
DA:38,0
DA:39,0
LF:9
LH:5
BRF:0
BRH:0
end_of_record
TN:
SF:src/app/services/observation/observation.service.ts
FN:52,(anonymous_1)
FN:61,(anonymous_2)
FN:63,(anonymous_3)
FN:65,(anonymous_4)
FN:67,(anonymous_5)
FN:88,(anonymous_6)
FN:92,(anonymous_7)
FN:123,(anonymous_8)
FN:130,(anonymous_9)
FN:135,(anonymous_10)
FN:139,(anonymous_11)
FN:143,(anonymous_12)
FNF:12
FNH:1
FNDA:1,(anonymous_1)
FNDA:0,(anonymous_2)
FNDA:0,(anonymous_3)
FNDA:0,(anonymous_4)
FNDA:0,(anonymous_5)
FNDA:0,(anonymous_6)
FNDA:0,(anonymous_7)
FNDA:0,(anonymous_8)
FNDA:0,(anonymous_9)
FNDA:0,(anonymous_10)
FNDA:0,(anonymous_11)
FNDA:0,(anonymous_12)
DA:17,1
DA:18,1
DA:27,1
DA:28,1
DA:29,1
DA:30,1
DA:31,1
DA:32,1
DA:33,1
DA:34,1
DA:35,1
DA:38,1
DA:43,1
DA:46,1
DA:47,1
DA:50,1
DA:53,1
DA:58,1
DA:62,0
DA:64,0
DA:66,0
DA:68,0
DA:71,0
DA:75,0
DA:88,0
DA:97,0
DA:98,0
DA:100,0
DA:103,0
DA:104,0
DA:106,0
DA:107,0
DA:112,0
DA:127,0
DA:131,0
DA:132,0
DA:136,0
DA:140,0
DA:144,0
LF:39
LH:18
BRDA:68,0,0,0
BRDA:68,0,1,0
BRDA:97,1,0,0
BRDA:97,1,1,0
BRDA:102,2,0,0
BRDA:102,2,1,0
BRDA:100,3,0,0
BRDA:100,3,1,0
BRDA:103,4,0,0
BRDA:103,4,1,0
BRF:10
BRH:0
end_of_record
TN:
SF:src/app/services/project/project.service.ts
FN:39,(anonymous_1)
FN:45,(anonymous_2)
FN:50,(anonymous_3)
FN:62,(anonymous_4)
FN:65,(anonymous_5)
FN:69,(anonymous_6)
FN:73,(anonymous_7)
FN:88,(anonymous_8)
FN:92,(anonymous_9)
FN:96,(anonymous_10)
FN:111,(anonymous_11)
FN:114,(anonymous_12)
FN:116,(anonymous_13)
FN:123,(anonymous_14)
FN:130,(anonymous_15)
FNF:15
FNH:3
FNDA:4,(anonymous_1)
FNDA:0,(anonymous_2)
FNDA:0,(anonymous_3)
FNDA:0,(anonymous_4)
FNDA:0,(anonymous_5)
FNDA:1,(anonymous_6)
FNDA:0,(anonymous_7)
FNDA:0,(anonymous_8)
FNDA:0,(anonymous_9)
FNDA:0,(anonymous_10)
FNDA:0,(anonymous_11)
FNDA:0,(anonymous_12)
FNDA:0,(anonymous_13)
FNDA:4,(anonymous_14)
FNDA:0,(anonymous_15)
DA:17,1
DA:18,1
DA:19,1
DA:20,1
DA:21,1
DA:22,1
DA:25,1
DA:26,1
DA:27,1
DA:28,1
DA:29,1
DA:34,1
DA:35,4
DA:40,4
DA:41,4
DA:44,4
DA:47,0
DA:51,0
DA:52,0
DA:54,0
DA:62,4
DA:66,0
DA:70,1
DA:74,0
DA:75,0
DA:76,0
DA:78,0
DA:79,0
DA:89,0
DA:93,0
DA:97,0
DA:98,0
DA:99,0
DA:100,0
DA:105,0
DA:112,0
DA:114,0
DA:116,0
DA:124,4
DA:125,4
DA:126,4
DA:128,0
DA:129,0
DA:130,0
LF:44
LH:21
BRDA:51,0,0,0
BRDA:51,0,1,0
BRDA:75,1,0,0
BRDA:75,1,1,0
BRDA:99,2,0,0
BRDA:99,2,1,0
BRDA:99,3,0,0
BRDA:99,3,1,0
BRDA:99,4,0,0
BRDA:99,4,1,0
BRDA:125,5,0,4
BRDA:125,5,1,0
BRDA:130,6,0,0
BRDA:130,6,1,0
BRF:14
BRH:1
end_of_record
TN:
SF:src/app/shared/converters/firebase-data-converter.ts
FN:54,(anonymous_0)
FN:62,keys
FN:74,(anonymous_2)
FN:80,(anonymous_3)
FN:86,(anonymous_4)
FN:94,(anonymous_5)
FN:110,(anonymous_6)
FN:130,(anonymous_7)
FN:138,(anonymous_8)
FN:147,(anonymous_9)
FN:157,(anonymous_10)
FN:174,(anonymous_11)
FN:179,(anonymous_12)
FN:180,(anonymous_13)
FN:181,(anonymous_14)
FN:186,(anonymous_15)
FN:191,(anonymous_16)
FN:201,(anonymous_17)
FN:259,(anonymous_18)
FN:272,(anonymous_19)
FN:284,(anonymous_20)
FN:302,(anonymous_21)
FN:313,(anonymous_22)
FN:324,(anonymous_23)
FN:335,(anonymous_24)
FN:343,(anonymous_25)
FN:365,(anonymous_26)
FN:375,(anonymous_27)
FN:390,(anonymous_28)
FN:396,(anonymous_29)
FN:449,(anonymous_30)
FN:465,(anonymous_31)
FN:477,(anonymous_32)
FN:490,(anonymous_33)
FN:503,(anonymous_34)
FN:505,(anonymous_35)
FN:513,(anonymous_36)
FN:527,(anonymous_37)
FN:536,(anonymous_38)
FN:545,(anonymous_39)
FN:568,(anonymous_40)
FN:576,(anonymous_41)
FN:584,(anonymous_42)
FN:592,(anonymous_43)
FN:600,(anonymous_44)
FN:604,(anonymous_45)
FN:608,(anonymous_46)
FN:611,(anonymous_47)
FNF:48
FNH:14
FNDA:6,(anonymous_0)
FNDA:1,keys
FNDA:0,(anonymous_2)
FNDA:0,(anonymous_3)
FNDA:0,(anonymous_4)
FNDA:0,(anonymous_5)
FNDA:0,(anonymous_6)
FNDA:0,(anonymous_7)
FNDA:0,(anonymous_8)
FNDA:0,(anonymous_9)
FNDA:0,(anonymous_10)
FNDA:0,(anonymous_11)
FNDA:0,(anonymous_12)
FNDA:0,(anonymous_13)
FNDA:0,(anonymous_14)
FNDA:0,(anonymous_15)
FNDA:0,(anonymous_16)
FNDA:0,(anonymous_17)
FNDA:0,(anonymous_18)
FNDA:0,(anonymous_19)
FNDA:0,(anonymous_20)
FNDA:0,(anonymous_21)
FNDA:0,(anonymous_22)
FNDA:0,(anonymous_23)
FNDA:0,(anonymous_24)
FNDA:0,(anonymous_25)
FNDA:0,(anonymous_26)
FNDA:0,(anonymous_27)
FNDA:0,(anonymous_28)
FNDA:0,(anonymous_29)
FNDA:1,(anonymous_30)
FNDA:3,(anonymous_31)
FNDA:1,(anonymous_32)
FNDA:0,(anonymous_33)
FNDA:1,(anonymous_34)
FNDA:3,(anonymous_35)
FNDA:3,(anonymous_36)
FNDA:2,(anonymous_37)
FNDA:3,(anonymous_38)
FNDA:2,(anonymous_39)
FNDA:2,(anonymous_40)
FNDA:2,(anonymous_41)
FNDA:2,(anonymous_42)
FNDA:0,(anonymous_43)
FNDA:0,(anonymous_44)
FNDA:0,(anonymous_45)
FNDA:0,(anonymous_46)
FNDA:0,(anonymous_47)
DA:18,1
DA:19,1
DA:20,1
DA:21,1
DA:22,1
DA:23,1
DA:27,1
DA:33,1
DA:34,1
DA:35,1
DA:36,1
DA:37,1
DA:38,1
DA:39,1
DA:42,1
DA:51,1
DA:54,6
DA:63,1
DA:66,1
DA:75,0
DA:80,0
DA:86,0
DA:95,0
DA:97,0
DA:99,0
DA:101,0
DA:103,0
DA:105,0
DA:106,0
DA:115,0
DA:131,0
DA:138,0
DA:148,0
DA:149,0
DA:157,0
DA:175,0
DA:179,0
DA:180,0
DA:181,0
DA:187,0
DA:188,0
DA:191,0
DA:203,0
DA:204,0
DA:205,0
DA:209,0
DA:210,0
DA:211,0
DA:215,0
DA:216,0
DA:217,0
DA:222,0
DA:260,0
DA:261,0
DA:273,0
DA:279,0
DA:280,0
DA:285,0
DA:286,0
DA:287,0
DA:293,0
DA:302,0
DA:314,0
DA:316,0
DA:318,0
DA:320,0
DA:325,0
DA:327,0
DA:329,0
DA:331,0
DA:336,0
DA:337,0
DA:338,0
DA:340,0
DA:344,0
DA:345,0
DA:346,0
DA:348,0
DA:366,0
DA:376,0
DA:377,0
DA:391,0
DA:392,0
DA:393,0
DA:395,0
DA:396,0
DA:402,0
DA:403,0
DA:410,0
DA:411,0
DA:412,0
DA:414,0
DA:415,0
DA:422,0
DA:424,0
DA:426,0
DA:427,0
DA:454,1
DA:455,0
DA:457,1
DA:465,3
DA:478,1
DA:491,0
DA:492,0
DA:494,0
DA:504,1
DA:505,3
DA:518,3
DA:519,1
DA:521,2
DA:522,1
DA:524,1
DA:525,1
DA:528,2
DA:533,0
DA:537,3
DA:538,1
DA:540,2
DA:541,1
DA:543,1
DA:544,1
DA:545,2
DA:548,0
DA:569,2
DA:577,2
DA:585,2
DA:593,0
DA:601,0
DA:605,0
DA:609,0
DA:612,0
LF:131
LH:42
BRDA:63,0,0,1
BRDA:63,0,1,0
BRDA:96,1,0,0
BRDA:96,1,1,0
BRDA:96,1,2,0
BRDA:96,1,3,0
BRDA:96,1,4,0
BRDA:119,2,0,0
BRDA:119,2,1,0
BRDA:119,3,0,0
BRDA:119,3,1,0
BRDA:119,4,0,0
BRDA:119,4,1,0
BRDA:134,5,0,0
BRDA:134,5,1,0
BRDA:135,6,0,0
BRDA:135,6,1,0
BRDA:135,7,0,0
BRDA:135,7,1,0
BRDA:135,8,0,0
BRDA:135,8,1,0
BRDA:143,9,0,0
BRDA:143,9,1,0
BRDA:151,10,0,0
BRDA:151,10,1,0
BRDA:151,11,0,0
BRDA:151,11,1,0
BRDA:151,12,0,0
BRDA:151,12,1,0
BRDA:153,13,0,0
BRDA:153,13,1,0
BRDA:154,14,0,0
BRDA:154,14,1,0
BRDA:154,15,0,0
BRDA:154,15,1,0
BRDA:190,16,0,0
BRDA:190,16,1,0
BRDA:190,17,0,0
BRDA:190,17,1,0
BRDA:190,18,0,0
BRDA:190,18,1,0
BRDA:203,19,0,0
BRDA:203,19,1,0
BRDA:209,20,0,0
BRDA:209,20,1,0
BRDA:215,21,0,0
BRDA:215,21,1,0
BRDA:267,22,0,0
BRDA:267,22,1,0
BRDA:268,23,0,0
BRDA:268,23,1,0
BRDA:286,24,0,0
BRDA:286,24,1,0
BRDA:301,25,0,0
BRDA:301,25,1,0
BRDA:301,26,0,0
BRDA:301,26,1,0
BRDA:301,27,0,0
BRDA:301,27,1,0
BRDA:301,28,0,0
BRDA:301,28,1,0
BRDA:301,29,0,0
BRDA:301,29,1,0
BRDA:315,30,0,0
BRDA:315,30,1,0
BRDA:315,30,2,0
BRDA:326,31,0,0
BRDA:326,31,1,0
BRDA:326,31,2,0
BRDA:337,32,0,0
BRDA:337,32,1,0
BRDA:345,33,0,0
BRDA:345,33,1,0
BRDA:371,34,0,0
BRDA:371,34,1,0
BRDA:392,35,0,0
BRDA:392,35,1,0
BRDA:402,36,0,0
BRDA:402,36,1,0
BRDA:410,37,0,0
BRDA:410,37,1,0
BRDA:414,38,0,0
BRDA:414,38,1,0
BRDA:454,39,0,0
BRDA:454,39,1,1
BRDA:481,40,0,0
BRDA:481,40,1,1
BRDA:481,41,0,1
BRDA:481,41,1,1
BRDA:491,42,0,0
BRDA:491,42,1,0
BRDA:497,43,0,0
BRDA:497,43,1,0
BRDA:518,44,0,1
BRDA:518,44,1,2
BRDA:521,45,0,1
BRDA:521,45,1,1
BRDA:524,46,0,1
BRDA:524,46,1,0
BRDA:537,47,0,1
BRDA:537,47,1,2
BRDA:540,48,0,1
BRDA:540,48,1,1
BRDA:543,49,0,1
BRDA:543,49,1,0
BRDA:571,50,0,2
BRDA:571,50,1,0
BRDA:570,51,0,2
BRDA:570,51,1,2
BRDA:572,52,0,2
BRDA:572,52,1,0
BRDA:571,53,0,2
BRDA:571,53,1,2
BRDA:605,54,0,0
BRDA:605,54,1,0
BRDA:605,55,0,0
BRDA:605,55,1,0
BRDA:605,56,0,0
BRDA:605,56,1,0
BRDA:605,57,0,0
BRDA:605,57,1,0
BRDA:605,58,0,0
BRDA:605,58,1,0
BRDA:605,59,0,0
BRDA:605,59,1,0
BRDA:605,60,0,0
BRDA:605,60,1,0
BRDA:605,61,0,0
BRDA:605,61,1,0
BRDA:605,62,0,0
BRDA:605,62,1,0
BRDA:609,63,0,0
BRDA:609,63,1,0
BRDA:609,64,0,0
BRDA:609,64,1,0
BRDA:612,65,0,0
BRDA:612,65,1,0
BRDA:612,66,0,0
BRDA:612,66,1,0
BRF:139
BRH:21
end_of_record
TN:
SF:src/app/shared/models/acl-entry.model.ts
FN:6,(anonymous_0)
FN:8,(anonymous_1)
FNF:2
FNH:1
FNDA:1,(anonymous_0)
FNDA:0,(anonymous_1)
DA:1,1
DA:3,1
DA:4,1
DA:6,1
DA:9,0
LF:5
LH:4
BRF:0
BRH:0
end_of_record
TN:
SF:src/app/shared/models/audit-info.model.ts
FN:21,(anonymous_0)
FNF:1
FNH:1
FNDA:4,(anonymous_0)
DA:20,1
DA:22,4
DA:23,4
DA:24,4
LF:4
LH:4
BRF:0
BRH:0
end_of_record
TN:
SF:src/app/shared/models/feature.model.ts
FN:27,(anonymous_0)
FN:37,(anonymous_1)
FN:46,(anonymous_2)
FNF:3
FNH:3
FNDA:10,(anonymous_0)
FNDA:1,(anonymous_1)
FNDA:1,(anonymous_2)
DA:26,1
DA:28,10
DA:29,10
DA:31,10
DA:32,10
DA:36,1
DA:38,1
DA:39,1
DA:40,1
DA:41,1
DA:45,1
DA:47,1
DA:48,1
DA:49,1
DA:50,1
LF:15
LH:15
BRF:0
BRH:0
end_of_record
TN:
SF:src/app/shared/models/layer.model.ts
FN:22,(anonymous_0)
FN:31,(anonymous_1)
FN:35,(anonymous_2)
FNF:3
FNH:1
FNDA:10,(anonymous_0)
FNDA:0,(anonymous_1)
FNDA:0,(anonymous_2)
DA:21,1
DA:23,10
DA:24,10
DA:25,10
DA:26,10
DA:27,10
DA:28,10
DA:32,0
DA:36,0
LF:9
LH:7
BRDA:32,0,0,0
BRDA:32,0,1,0
BRDA:32,1,0,0
BRDA:32,1,1,0
BRF:4
BRH:0
end_of_record
TN:
SF:src/app/shared/models/project.model.ts
FN:36,(anonymous_0)
FN:44,(anonymous_1)
FN:48,(anonymous_2)
FNF:3
FNH:2
FNDA:8,(anonymous_0)
FNDA:147,(anonymous_1)
FNDA:0,(anonymous_2)
DA:18,1
DA:19,1
DA:22,1
DA:23,1
DA:37,8
DA:38,8
DA:39,8
DA:40,8
DA:41,8
DA:45,147
DA:49,0
LF:11
LH:10
BRDA:50,0,0,0
BRDA:50,0,1,0
BRDA:50,0,2,0
BRDA:50,0,3,0
BRDA:50,0,4,0
BRF:5
BRH:0
end_of_record
TN:
SF:src/app/shared/models/role.model.ts
FN:21,(anonymous_0)
FNF:1
FNH:1
FNDA:1,(anonymous_0)
DA:21,1
DA:22,1
DA:23,1
DA:24,1
DA:25,1
LF:5
LH:5
BRDA:21,0,0,1
BRDA:21,0,1,1
BRF:2
BRH:2
end_of_record
TN:
SF:src/app/shared/models/string-map.model.ts
FN:30,(anonymous_0)
FNF:1
FNH:1
FNDA:37,(anonymous_0)
DA:17,1
DA:30,37
LF:2
LH:2
BRF:0
BRH:0
end_of_record
TN:
SF:src/app/shared/models/user.model.ts
FN:18,(anonymous_0)
FNF:1
FNH:0
FNDA:0,(anonymous_0)
DA:17,1
DA:19,0
DA:20,0
DA:21,0
DA:22,0
DA:23,0
LF:6
LH:1
BRF:0
BRH:0
end_of_record
TN:
SF:src/app/shared/models/form/field.model.ts
FN:44,(anonymous_0)
FN:55,(anonymous_1)
FN:68,(anonymous_2)
FN:77,(anonymous_3)
FNF:4
FNH:4
FNDA:1,(anonymous_0)
FNDA:8,(anonymous_1)
FNDA:2,(anonymous_2)
FNDA:3,(anonymous_3)
DA:44,1
DA:45,1
DA:46,1
DA:47,1
DA:48,1
DA:49,1
DA:50,1
DA:54,1
DA:56,8
DA:57,8
DA:58,8
DA:59,8
DA:60,8
DA:61,8
DA:69,2
DA:70,0
DA:74,2
DA:75,0
DA:77,3
DA:78,2
DA:79,0
DA:81,2
LF:22
LH:19
BRDA:44,0,0,1
BRDA:44,0,1,1
BRDA:69,1,0,0
BRDA:69,1,1,2
BRDA:74,2,0,0
BRDA:74,2,1,2
BRDA:78,3,0,0
BRDA:78,3,1,2
BRF:8
BRH:5
end_of_record
TN:
SF:src/app/shared/models/form/form.model.ts
FN:22,(anonymous_0)
FN:28,(anonymous_1)
FNF:2
FNH:2
FNDA:2,(anonymous_0)
FNDA:2,(anonymous_1)
DA:21,1
DA:22,2
DA:29,2
DA:30,2
DA:31,0
DA:33,2
LF:6
LH:5
BRDA:30,0,0,0
BRDA:30,0,1,2
BRF:2
BRH:1
end_of_record
TN:
SF:src/app/shared/models/form/multiple-choice.model.ts
FN:35,(anonymous_0)
FN:41,(anonymous_1)
FN:45,(anonymous_2)
FNF:3
FNH:3
FNDA:1,(anonymous_0)
FNDA:2,(anonymous_1)
FNDA:4,(anonymous_2)
DA:35,1
DA:36,1
DA:37,1
DA:40,1
DA:42,2
DA:43,2
DA:45,4
LF:7
LH:7
BRDA:35,0,0,1
BRDA:35,0,1,1
BRF:2
BRH:2
end_of_record
TN:
SF:src/app/shared/models/form/option.model.ts
FN:20,(anonymous_0)
FN:27,(anonymous_1)
FNF:2
FNH:1
FNDA:4,(anonymous_0)
FNDA:0,(anonymous_1)
DA:19,1
DA:21,4
DA:22,4
DA:23,4
DA:24,4
DA:28,0
LF:6
LH:5
BRF:0
BRH:0
end_of_record
TN:
SF:src/app/shared/models/observation/observation.model.ts
FN:23,(anonymous_0)
FN:34,(anonymous_1)
FNF:2
FNH:1
FNDA:2,(anonymous_0)
FNDA:0,(anonymous_1)
DA:22,1
DA:24,2
DA:25,2
DA:26,2
DA:27,2
DA:28,2
DA:29,2
DA:30,2
DA:38,0
LF:9
LH:8
BRF:0
BRH:0
end_of_record
TN:
SF:src/app/shared/models/observation/response.model.ts
FN:21,(anonymous_0)
FNF:1
FNH:1
FNDA:5,(anonymous_0)
DA:20,1
DA:21,5
LF:2
LH:2
BRF:0
BRH:0
end_of_record
TN:
SF:src/environments/environment-enums.ts
FN:1,(anonymous_0)
FNF:1
FNH:1
FNDA:1,(anonymous_0)
DA:1,1
DA:2,1
DA:3,1
DA:4,1
LF:4
LH:4
BRDA:1,0,0,1
BRDA:1,0,1,1
BRF:2
BRH:2
end_of_record
TN:
SF:src/environments/environment.ts
FNF:0
FNH:0
DA:22,1
DA:24,1
LF:2
LH:2
BRF:0
BRH:0
end_of_record
TN:
SF:src/testing/activated-route-stub.ts
FN:37,(anonymous_0)
FN:43,(anonymous_1)
FN:48,(anonymous_2)
FNF:3
FNH:3
FNDA:2,(anonymous_0)
FNDA:2,(anonymous_1)
FNDA:2,(anonymous_2)
DA:17,1
DA:18,1
DA:25,1
DA:28,2
DA:29,2
DA:32,2
DA:35,2
DA:38,2
DA:39,2
DA:44,2
DA:49,2
LF:11
LH:11
BRDA:44,0,0,2
BRDA:44,0,1,2
BRF:2
BRH:2
end_of_record
